{"/Users/irimwebforge/dev/apps/resetpulse/src/components/buttons/Button.jsx": {"path":"/Users/irimwebforge/dev/apps/resetpulse/src/components/buttons/Button.jsx","statementMap":{"0":{"start":{"line":16,"column":29},"end":{"line":64,"column":2}},"1":{"start":{"line":24,"column":44},"end":{"line":24,"column":54}},"2":{"start":{"line":25,"column":36},"end":{"line":25,"column":51}},"3":{"start":{"line":27,"column":2},"end":{"line":63,"column":4}},"4":{"start":{"line":42,"column":21},"end":{"line":42,"column":39}},"5":{"start":{"line":43,"column":20},"end":{"line":43,"column":39}},"6":{"start":{"line":69,"column":31},"end":{"line":114,"column":2}},"7":{"start":{"line":76,"column":44},"end":{"line":76,"column":54}},"8":{"start":{"line":77,"column":36},"end":{"line":77,"column":51}},"9":{"start":{"line":79,"column":2},"end":{"line":113,"column":4}},"10":{"start":{"line":96,"column":21},"end":{"line":96,"column":39}},"11":{"start":{"line":97,"column":20},"end":{"line":97,"column":39}},"12":{"start":{"line":119,"column":33},"end":{"line":162,"column":2}},"13":{"start":{"line":126,"column":44},"end":{"line":126,"column":54}},"14":{"start":{"line":127,"column":36},"end":{"line":127,"column":51}},"15":{"start":{"line":129,"column":2},"end":{"line":161,"column":4}},"16":{"start":{"line":144,"column":21},"end":{"line":144,"column":39}},"17":{"start":{"line":145,"column":20},"end":{"line":145,"column":39}},"18":{"start":{"line":167,"column":26},"end":{"line":204,"column":2}},"19":{"start":{"line":174,"column":21},"end":{"line":174,"column":31}},"20":{"start":{"line":175,"column":36},"end":{"line":175,"column":51}},"21":{"start":{"line":177,"column":2},"end":{"line":203,"column":4}},"22":{"start":{"line":185,"column":21},"end":{"line":185,"column":39}},"23":{"start":{"line":186,"column":20},"end":{"line":186,"column":39}},"24":{"start":{"line":206,"column":15},"end":{"line":230,"column":2}}},"fnMap":{"0":{"name":"(anonymous_0)","decl":{"start":{"line":16,"column":40},"end":{"line":16,"column":41}},"loc":{"start":{"line":23,"column":6},"end":{"line":64,"column":1}},"line":23},"1":{"name":"(anonymous_1)","decl":{"start":{"line":42,"column":15},"end":{"line":42,"column":16}},"loc":{"start":{"line":42,"column":21},"end":{"line":42,"column":39}},"line":42},"2":{"name":"(anonymous_2)","decl":{"start":{"line":43,"column":14},"end":{"line":43,"column":15}},"loc":{"start":{"line":43,"column":20},"end":{"line":43,"column":39}},"line":43},"3":{"name":"(anonymous_3)","decl":{"start":{"line":69,"column":42},"end":{"line":69,"column":43}},"loc":{"start":{"line":75,"column":6},"end":{"line":114,"column":1}},"line":75},"4":{"name":"(anonymous_4)","decl":{"start":{"line":96,"column":15},"end":{"line":96,"column":16}},"loc":{"start":{"line":96,"column":21},"end":{"line":96,"column":39}},"line":96},"5":{"name":"(anonymous_5)","decl":{"start":{"line":97,"column":14},"end":{"line":97,"column":15}},"loc":{"start":{"line":97,"column":20},"end":{"line":97,"column":39}},"line":97},"6":{"name":"(anonymous_6)","decl":{"start":{"line":119,"column":44},"end":{"line":119,"column":45}},"loc":{"start":{"line":125,"column":6},"end":{"line":162,"column":1}},"line":125},"7":{"name":"(anonymous_7)","decl":{"start":{"line":144,"column":15},"end":{"line":144,"column":16}},"loc":{"start":{"line":144,"column":21},"end":{"line":144,"column":39}},"line":144},"8":{"name":"(anonymous_8)","decl":{"start":{"line":145,"column":14},"end":{"line":145,"column":15}},"loc":{"start":{"line":145,"column":20},"end":{"line":145,"column":39}},"line":145},"9":{"name":"(anonymous_9)","decl":{"start":{"line":167,"column":37},"end":{"line":167,"column":38}},"loc":{"start":{"line":173,"column":6},"end":{"line":204,"column":1}},"line":173},"10":{"name":"(anonymous_10)","decl":{"start":{"line":185,"column":15},"end":{"line":185,"column":16}},"loc":{"start":{"line":185,"column":21},"end":{"line":185,"column":39}},"line":185},"11":{"name":"(anonymous_11)","decl":{"start":{"line":186,"column":14},"end":{"line":186,"column":15}},"loc":{"start":{"line":186,"column":20},"end":{"line":186,"column":39}},"line":186}},"branchMap":{"0":{"loc":{"start":{"line":19,"column":2},"end":{"line":19,"column":18}},"type":"default-arg","locations":[{"start":{"line":19,"column":13},"end":{"line":19,"column":18}}],"line":19},"1":{"loc":{"start":{"line":20,"column":2},"end":{"line":20,"column":17}},"type":"default-arg","locations":[{"start":{"line":20,"column":12},"end":{"line":20,"column":17}}],"line":20},"2":{"loc":{"start":{"line":37,"column":8},"end":{"line":37,"column":35}},"type":"binary-expr","locations":[{"start":{"line":37,"column":8},"end":{"line":37,"column":16}},{"start":{"line":37,"column":20},"end":{"line":37,"column":35}}],"line":37},"3":{"loc":{"start":{"line":38,"column":8},"end":{"line":38,"column":49}},"type":"binary-expr","locations":[{"start":{"line":38,"column":8},"end":{"line":38,"column":17}},{"start":{"line":38,"column":21},"end":{"line":38,"column":49}}],"line":38},"4":{"loc":{"start":{"line":44,"column":16},"end":{"line":44,"column":35}},"type":"binary-expr","locations":[{"start":{"line":44,"column":16},"end":{"line":44,"column":24}},{"start":{"line":44,"column":28},"end":{"line":44,"column":35}}],"line":44},"5":{"loc":{"start":{"line":47,"column":7},"end":{"line":61,"column":7}},"type":"cond-expr","locations":[{"start":{"line":48,"column":8},"end":{"line":48,"column":56}},{"start":{"line":50,"column":8},"end":{"line":60,"column":15}}],"line":47},"6":{"loc":{"start":{"line":72,"column":2},"end":{"line":72,"column":18}},"type":"default-arg","locations":[{"start":{"line":72,"column":13},"end":{"line":72,"column":18}}],"line":72},"7":{"loc":{"start":{"line":91,"column":8},"end":{"line":91,"column":35}},"type":"binary-expr","locations":[{"start":{"line":91,"column":8},"end":{"line":91,"column":16}},{"start":{"line":91,"column":20},"end":{"line":91,"column":35}}],"line":91},"8":{"loc":{"start":{"line":92,"column":8},"end":{"line":92,"column":49}},"type":"binary-expr","locations":[{"start":{"line":92,"column":8},"end":{"line":92,"column":17}},{"start":{"line":92,"column":21},"end":{"line":92,"column":49}}],"line":92},"9":{"loc":{"start":{"line":122,"column":2},"end":{"line":122,"column":18}},"type":"default-arg","locations":[{"start":{"line":122,"column":13},"end":{"line":122,"column":18}}],"line":122},"10":{"loc":{"start":{"line":139,"column":8},"end":{"line":139,"column":35}},"type":"binary-expr","locations":[{"start":{"line":139,"column":8},"end":{"line":139,"column":16}},{"start":{"line":139,"column":20},"end":{"line":139,"column":35}}],"line":139},"11":{"loc":{"start":{"line":140,"column":8},"end":{"line":140,"column":49}},"type":"binary-expr","locations":[{"start":{"line":140,"column":8},"end":{"line":140,"column":17}},{"start":{"line":140,"column":21},"end":{"line":140,"column":49}}],"line":140},"12":{"loc":{"start":{"line":170,"column":2},"end":{"line":170,"column":18}},"type":"default-arg","locations":[{"start":{"line":170,"column":13},"end":{"line":170,"column":18}}],"line":170},"13":{"loc":{"start":{"line":181,"column":8},"end":{"line":181,"column":49}},"type":"binary-expr","locations":[{"start":{"line":181,"column":8},"end":{"line":181,"column":17}},{"start":{"line":181,"column":21},"end":{"line":181,"column":49}}],"line":181},"14":{"loc":{"start":{"line":196,"column":10},"end":{"line":196,"column":41}},"type":"binary-expr","locations":[{"start":{"line":196,"column":10},"end":{"line":196,"column":18}},{"start":{"line":196,"column":22},"end":{"line":196,"column":41}}],"line":196}},"s":{"0":1,"1":5,"2":5,"3":5,"4":0,"5":0,"6":1,"7":3,"8":3,"9":3,"10":0,"11":0,"12":1,"13":2,"14":2,"15":2,"16":0,"17":0,"18":1,"19":3,"20":3,"21":3,"22":0,"23":0,"24":1},"f":{"0":5,"1":0,"2":0,"3":3,"4":0,"5":0,"6":2,"7":0,"8":0,"9":3,"10":0,"11":0},"b":{"0":[4],"1":[3],"2":[5,1],"3":[5,0],"4":[5,4],"5":[2,3],"6":[3],"7":[3,0],"8":[3,0],"9":[2],"10":[2,0],"11":[2,0],"12":[3],"13":[3,0],"14":[3,0]},"_coverageSchema":"1a1c01bbd47fc00a2c39e90264f33305004495a9","hash":"aeef0dacc4fa4e5d67289f6e9e41b2c4e2e04b2d"}
,"/Users/irimwebforge/dev/apps/resetpulse/src/components/carousels/ActivityCarousel.jsx": {"path":"/Users/irimwebforge/dev/apps/resetpulse/src/components/carousels/ActivityCarousel.jsx","statementMap":{"0":{"start":{"line":33,"column":16},"end":{"line":33,"column":26}},"1":{"start":{"line":34,"column":12},"end":{"line":34,"column":28}},"2":{"start":{"line":41,"column":6},"end":{"line":41,"column":23}},"3":{"start":{"line":42,"column":27},"end":{"line":42,"column":44}},"4":{"start":{"line":43,"column":24},"end":{"line":43,"column":36}},"5":{"start":{"line":44,"column":21},"end":{"line":44,"column":39}},"6":{"start":{"line":45,"column":19},"end":{"line":45,"column":56}},"7":{"start":{"line":46,"column":20},"end":{"line":46,"column":57}},"8":{"start":{"line":47,"column":50},"end":{"line":47,"column":65}},"9":{"start":{"line":48,"column":64},"end":{"line":48,"column":79}},"10":{"start":{"line":49,"column":64},"end":{"line":49,"column":79}},"11":{"start":{"line":50,"column":60},"end":{"line":50,"column":75}},"12":{"start":{"line":51,"column":46},"end":{"line":51,"column":60}},"13":{"start":{"line":52,"column":42},"end":{"line":52,"column":54}},"14":{"start":{"line":54,"column":39},"end":{"line":54,"column":57}},"15":{"start":{"line":55,"column":31},"end":{"line":55,"column":52}},"16":{"start":{"line":56,"column":24},"end":{"line":56,"column":42}},"17":{"start":{"line":57,"column":25},"end":{"line":57,"column":44}},"18":{"start":{"line":60,"column":28},"end":{"line":73,"column":72}},"19":{"start":{"line":61,"column":4},"end":{"line":61,"column":46}},"20":{"start":{"line":61,"column":24},"end":{"line":61,"column":46}},"21":{"start":{"line":63,"column":4},"end":{"line":72,"column":7}},"22":{"start":{"line":64,"column":6},"end":{"line":64,"column":37}},"23":{"start":{"line":64,"column":27},"end":{"line":64,"column":37}},"24":{"start":{"line":65,"column":6},"end":{"line":65,"column":36}},"25":{"start":{"line":65,"column":27},"end":{"line":65,"column":36}},"26":{"start":{"line":66,"column":26},"end":{"line":66,"column":59}},"27":{"start":{"line":67,"column":26},"end":{"line":67,"column":59}},"28":{"start":{"line":68,"column":6},"end":{"line":68,"column":49}},"29":{"start":{"line":68,"column":39},"end":{"line":68,"column":49}},"30":{"start":{"line":69,"column":6},"end":{"line":69,"column":48}},"31":{"start":{"line":69,"column":39},"end":{"line":69,"column":48}},"32":{"start":{"line":70,"column":6},"end":{"line":70,"column":113}},"33":{"start":{"line":70,"column":38},"end":{"line":70,"column":113}},"34":{"start":{"line":71,"column":6},"end":{"line":71,"column":15}},"35":{"start":{"line":75,"column":21},"end":{"line":78,"column":3}},"36":{"start":{"line":76,"column":4},"end":{"line":76,"column":83}},"37":{"start":{"line":80,"column":2},"end":{"line":84,"column":22}},"38":{"start":{"line":81,"column":4},"end":{"line":83,"column":5}},"39":{"start":{"line":82,"column":6},"end":{"line":82,"column":87}},"40":{"start":{"line":82,"column":23},"end":{"line":82,"column":81}},"41":{"start":{"line":86,"column":23},"end":{"line":89,"column":3}},"42":{"start":{"line":87,"column":4},"end":{"line":87,"column":80}},"43":{"start":{"line":87,"column":33},"end":{"line":87,"column":80}},"44":{"start":{"line":88,"column":4},"end":{"line":88,"column":34}},"45":{"start":{"line":91,"column":27},"end":{"line":97,"column":3}},"46":{"start":{"line":92,"column":17},"end":{"line":92,"column":41}},"47":{"start":{"line":93,"column":4},"end":{"line":96,"column":15}},"48":{"start":{"line":99,"column":27},"end":{"line":105,"column":3}},"49":{"start":{"line":100,"column":4},"end":{"line":104,"column":15}},"50":{"start":{"line":107,"column":20},"end":{"line":114,"column":17}},"51":{"start":{"line":108,"column":4},"end":{"line":108,"column":29}},"52":{"start":{"line":109,"column":4},"end":{"line":113,"column":40}},"53":{"start":{"line":113,"column":19},"end":{"line":113,"column":38}},"54":{"start":{"line":116,"column":30},"end":{"line":130,"column":80}},"55":{"start":{"line":117,"column":4},"end":{"line":121,"column":5}},"56":{"start":{"line":118,"column":6},"end":{"line":118,"column":92}},"57":{"start":{"line":119,"column":6},"end":{"line":119,"column":32}},"58":{"start":{"line":120,"column":6},"end":{"line":120,"column":13}},"59":{"start":{"line":123,"column":4},"end":{"line":123,"column":92}},"60":{"start":{"line":124,"column":4},"end":{"line":124,"column":33}},"61":{"start":{"line":125,"column":26},"end":{"line":125,"column":56}},"62":{"start":{"line":126,"column":4},"end":{"line":127,"column":84}},"63":{"start":{"line":126,"column":23},"end":{"line":126,"column":57}},"64":{"start":{"line":127,"column":9},"end":{"line":127,"column":84}},"65":{"start":{"line":127,"column":39},"end":{"line":127,"column":84}},"66":{"start":{"line":128,"column":4},"end":{"line":128,"column":34}},"67":{"start":{"line":129,"column":4},"end":{"line":129,"column":23}},"68":{"start":{"line":132,"column":26},"end":{"line":135,"column":8}},"69":{"start":{"line":133,"column":4},"end":{"line":133,"column":92}},"70":{"start":{"line":134,"column":4},"end":{"line":134,"column":37}},"71":{"start":{"line":137,"column":28},"end":{"line":140,"column":8}},"72":{"start":{"line":138,"column":4},"end":{"line":138,"column":92}},"73":{"start":{"line":139,"column":4},"end":{"line":139,"column":37}},"74":{"start":{"line":142,"column":34},"end":{"line":148,"column":8}},"75":{"start":{"line":143,"column":4},"end":{"line":147,"column":5}},"76":{"start":{"line":144,"column":6},"end":{"line":144,"column":99}},"77":{"start":{"line":145,"column":6},"end":{"line":145,"column":34}},"78":{"start":{"line":146,"column":6},"end":{"line":146,"column":37}},"79":{"start":{"line":150,"column":32},"end":{"line":154,"column":60}},"80":{"start":{"line":151,"column":4},"end":{"line":151,"column":36}},"81":{"start":{"line":152,"column":4},"end":{"line":152,"column":52}},"82":{"start":{"line":153,"column":4},"end":{"line":153,"column":51}},"83":{"start":{"line":156,"column":32},"end":{"line":159,"column":57}},"84":{"start":{"line":157,"column":4},"end":{"line":157,"column":88}},"85":{"start":{"line":157,"column":52},"end":{"line":157,"column":88}},"86":{"start":{"line":158,"column":4},"end":{"line":158,"column":51}},"87":{"start":{"line":161,"column":32},"end":{"line":168,"column":89}},"88":{"start":{"line":162,"column":4},"end":{"line":166,"column":5}},"89":{"start":{"line":163,"column":30},"end":{"line":163,"column":86}},"90":{"start":{"line":163,"column":53},"end":{"line":163,"column":68}},"91":{"start":{"line":164,"column":6},"end":{"line":164,"column":42}},"92":{"start":{"line":165,"column":6},"end":{"line":165,"column":67}},"93":{"start":{"line":167,"column":4},"end":{"line":167,"column":51}},"94":{"start":{"line":170,"column":17},"end":{"line":194,"column":4}},"95":{"start":{"line":196,"column":2},"end":{"line":309,"column":4}},"96":{"start":{"line":228,"column":27},"end":{"line":228,"column":62}},"97":{"start":{"line":229,"column":27},"end":{"line":229,"column":85}},"98":{"start":{"line":230,"column":27},"end":{"line":230,"column":44}},"99":{"start":{"line":232,"column":10},"end":{"line":244,"column":12}},"100":{"start":{"line":240,"column":29},"end":{"line":240,"column":58}},"101":{"start":{"line":241,"column":33},"end":{"line":241,"column":66}},"102":{"start":{"line":263,"column":23},"end":{"line":263,"column":49}},"103":{"start":{"line":268,"column":23},"end":{"line":268,"column":56}},"104":{"start":{"line":269,"column":29},"end":{"line":269,"column":54}},"105":{"start":{"line":273,"column":23},"end":{"line":273,"column":56}},"106":{"start":{"line":274,"column":29},"end":{"line":274,"column":54}},"107":{"start":{"line":280,"column":10},"end":{"line":280,"column":42}},"108":{"start":{"line":281,"column":10},"end":{"line":281,"column":34}}},"fnMap":{"0":{"name":"ActivityCarousel","decl":{"start":{"line":32,"column":24},"end":{"line":32,"column":40}},"loc":{"start":{"line":32,"column":92},"end":{"line":310,"column":1}},"line":32},"1":{"name":"(anonymous_1)","decl":{"start":{"line":60,"column":36},"end":{"line":60,"column":37}},"loc":{"start":{"line":60,"column":42},"end":{"line":73,"column":3}},"line":60},"2":{"name":"(anonymous_2)","decl":{"start":{"line":63,"column":35},"end":{"line":63,"column":36}},"loc":{"start":{"line":63,"column":45},"end":{"line":72,"column":5}},"line":63},"3":{"name":"(anonymous_3)","decl":{"start":{"line":75,"column":29},"end":{"line":75,"column":30}},"loc":{"start":{"line":76,"column":4},"end":{"line":76,"column":83}},"line":76},"4":{"name":"(anonymous_4)","decl":{"start":{"line":80,"column":12},"end":{"line":80,"column":13}},"loc":{"start":{"line":80,"column":18},"end":{"line":84,"column":3}},"line":80},"5":{"name":"(anonymous_5)","decl":{"start":{"line":82,"column":17},"end":{"line":82,"column":18}},"loc":{"start":{"line":82,"column":23},"end":{"line":82,"column":81}},"line":82},"6":{"name":"(anonymous_6)","decl":{"start":{"line":86,"column":23},"end":{"line":86,"column":24}},"loc":{"start":{"line":86,"column":39},"end":{"line":89,"column":3}},"line":86},"7":{"name":"(anonymous_7)","decl":{"start":{"line":91,"column":27},"end":{"line":91,"column":28}},"loc":{"start":{"line":91,"column":43},"end":{"line":97,"column":3}},"line":91},"8":{"name":"(anonymous_8)","decl":{"start":{"line":99,"column":27},"end":{"line":99,"column":28}},"loc":{"start":{"line":99,"column":33},"end":{"line":105,"column":3}},"line":99},"9":{"name":"(anonymous_9)","decl":{"start":{"line":107,"column":32},"end":{"line":107,"column":33}},"loc":{"start":{"line":107,"column":45},"end":{"line":114,"column":3}},"line":107},"10":{"name":"(anonymous_10)","decl":{"start":{"line":113,"column":13},"end":{"line":113,"column":14}},"loc":{"start":{"line":113,"column":19},"end":{"line":113,"column":38}},"line":113},"11":{"name":"(anonymous_11)","decl":{"start":{"line":116,"column":42},"end":{"line":116,"column":43}},"loc":{"start":{"line":116,"column":56},"end":{"line":130,"column":3}},"line":116},"12":{"name":"(anonymous_12)","decl":{"start":{"line":118,"column":30},"end":{"line":118,"column":31}},"loc":{"start":{"line":118,"column":36},"end":{"line":118,"column":90}},"line":118},"13":{"name":"(anonymous_13)","decl":{"start":{"line":123,"column":30},"end":{"line":123,"column":31}},"loc":{"start":{"line":123,"column":36},"end":{"line":123,"column":90}},"line":123},"14":{"name":"(anonymous_14)","decl":{"start":{"line":132,"column":38},"end":{"line":132,"column":39}},"loc":{"start":{"line":132,"column":44},"end":{"line":135,"column":3}},"line":132},"15":{"name":"(anonymous_15)","decl":{"start":{"line":133,"column":30},"end":{"line":133,"column":31}},"loc":{"start":{"line":133,"column":36},"end":{"line":133,"column":90}},"line":133},"16":{"name":"(anonymous_16)","decl":{"start":{"line":137,"column":40},"end":{"line":137,"column":41}},"loc":{"start":{"line":137,"column":46},"end":{"line":140,"column":3}},"line":137},"17":{"name":"(anonymous_17)","decl":{"start":{"line":138,"column":30},"end":{"line":138,"column":31}},"loc":{"start":{"line":138,"column":36},"end":{"line":138,"column":90}},"line":138},"18":{"name":"(anonymous_18)","decl":{"start":{"line":142,"column":46},"end":{"line":142,"column":47}},"loc":{"start":{"line":142,"column":60},"end":{"line":148,"column":3}},"line":142},"19":{"name":"(anonymous_19)","decl":{"start":{"line":144,"column":37},"end":{"line":144,"column":38}},"loc":{"start":{"line":144,"column":43},"end":{"line":144,"column":97}},"line":144},"20":{"name":"(anonymous_20)","decl":{"start":{"line":150,"column":44},"end":{"line":150,"column":45}},"loc":{"start":{"line":150,"column":61},"end":{"line":154,"column":3}},"line":150},"21":{"name":"(anonymous_21)","decl":{"start":{"line":156,"column":44},"end":{"line":156,"column":45}},"loc":{"start":{"line":156,"column":65},"end":{"line":159,"column":3}},"line":156},"22":{"name":"(anonymous_22)","decl":{"start":{"line":161,"column":44},"end":{"line":161,"column":45}},"loc":{"start":{"line":161,"column":65},"end":{"line":168,"column":3}},"line":161},"23":{"name":"(anonymous_23)","decl":{"start":{"line":163,"column":46},"end":{"line":163,"column":47}},"loc":{"start":{"line":163,"column":53},"end":{"line":163,"column":68}},"line":163},"24":{"name":"(anonymous_24)","decl":{"start":{"line":227,"column":24},"end":{"line":227,"column":25}},"loc":{"start":{"line":227,"column":38},"end":{"line":245,"column":9}},"line":227},"25":{"name":"(anonymous_25)","decl":{"start":{"line":240,"column":23},"end":{"line":240,"column":24}},"loc":{"start":{"line":240,"column":29},"end":{"line":240,"column":58}},"line":240},"26":{"name":"(anonymous_26)","decl":{"start":{"line":241,"column":27},"end":{"line":241,"column":28}},"loc":{"start":{"line":241,"column":33},"end":{"line":241,"column":66}},"line":241},"27":{"name":"(anonymous_27)","decl":{"start":{"line":263,"column":17},"end":{"line":263,"column":18}},"loc":{"start":{"line":263,"column":23},"end":{"line":263,"column":49}},"line":263},"28":{"name":"(anonymous_28)","decl":{"start":{"line":268,"column":17},"end":{"line":268,"column":18}},"loc":{"start":{"line":268,"column":23},"end":{"line":268,"column":56}},"line":268},"29":{"name":"(anonymous_29)","decl":{"start":{"line":269,"column":23},"end":{"line":269,"column":24}},"loc":{"start":{"line":269,"column":29},"end":{"line":269,"column":54}},"line":269},"30":{"name":"(anonymous_30)","decl":{"start":{"line":273,"column":17},"end":{"line":273,"column":18}},"loc":{"start":{"line":273,"column":23},"end":{"line":273,"column":56}},"line":273},"31":{"name":"(anonymous_31)","decl":{"start":{"line":274,"column":23},"end":{"line":274,"column":24}},"loc":{"start":{"line":274,"column":29},"end":{"line":274,"column":54}},"line":274},"32":{"name":"(anonymous_32)","decl":{"start":{"line":279,"column":17},"end":{"line":279,"column":18}},"loc":{"start":{"line":279,"column":23},"end":{"line":282,"column":9}},"line":279}},"branchMap":{"0":{"loc":{"start":{"line":32,"column":43},"end":{"line":32,"column":65}},"type":"default-arg","locations":[{"start":{"line":32,"column":60},"end":{"line":32,"column":65}}],"line":32},"1":{"loc":{"start":{"line":32,"column":67},"end":{"line":32,"column":88}},"type":"default-arg","locations":[{"start":{"line":32,"column":83},"end":{"line":32,"column":88}}],"line":32},"2":{"loc":{"start":{"line":39,"column":4},"end":{"line":39,"column":27}},"type":"default-arg","locations":[{"start":{"line":39,"column":25},"end":{"line":39,"column":27}}],"line":39},"3":{"loc":{"start":{"line":40,"column":4},"end":{"line":40,"column":26}},"type":"default-arg","locations":[{"start":{"line":40,"column":24},"end":{"line":40,"column":26}}],"line":40},"4":{"loc":{"start":{"line":61,"column":4},"end":{"line":61,"column":46}},"type":"if","locations":[{"start":{"line":61,"column":4},"end":{"line":61,"column":46}},{"start":{},"end":{}}],"line":61},"5":{"loc":{"start":{"line":64,"column":6},"end":{"line":64,"column":37}},"type":"if","locations":[{"start":{"line":64,"column":6},"end":{"line":64,"column":37}},{"start":{},"end":{}}],"line":64},"6":{"loc":{"start":{"line":65,"column":6},"end":{"line":65,"column":36}},"type":"if","locations":[{"start":{"line":65,"column":6},"end":{"line":65,"column":36}},{"start":{},"end":{}}],"line":65},"7":{"loc":{"start":{"line":68,"column":6},"end":{"line":68,"column":49}},"type":"if","locations":[{"start":{"line":68,"column":6},"end":{"line":68,"column":49}},{"start":{},"end":{}}],"line":68},"8":{"loc":{"start":{"line":68,"column":10},"end":{"line":68,"column":37}},"type":"binary-expr","locations":[{"start":{"line":68,"column":10},"end":{"line":68,"column":21}},{"start":{"line":68,"column":25},"end":{"line":68,"column":37}}],"line":68},"9":{"loc":{"start":{"line":69,"column":6},"end":{"line":69,"column":48}},"type":"if","locations":[{"start":{"line":69,"column":6},"end":{"line":69,"column":48}},{"start":{},"end":{}}],"line":69},"10":{"loc":{"start":{"line":69,"column":10},"end":{"line":69,"column":37}},"type":"binary-expr","locations":[{"start":{"line":69,"column":10},"end":{"line":69,"column":22}},{"start":{"line":69,"column":26},"end":{"line":69,"column":37}}],"line":69},"11":{"loc":{"start":{"line":70,"column":6},"end":{"line":70,"column":113}},"type":"if","locations":[{"start":{"line":70,"column":6},"end":{"line":70,"column":113}},{"start":{},"end":{}}],"line":70},"12":{"loc":{"start":{"line":70,"column":10},"end":{"line":70,"column":36}},"type":"binary-expr","locations":[{"start":{"line":70,"column":10},"end":{"line":70,"column":21}},{"start":{"line":70,"column":25},"end":{"line":70,"column":36}}],"line":70},"13":{"loc":{"start":{"line":76,"column":4},"end":{"line":76,"column":83}},"type":"cond-expr","locations":[{"start":{"line":76,"column":20},"end":{"line":76,"column":63}},{"start":{"line":76,"column":66},"end":{"line":76,"column":83}}],"line":76},"14":{"loc":{"start":{"line":81,"column":4},"end":{"line":83,"column":5}},"type":"if","locations":[{"start":{"line":81,"column":4},"end":{"line":83,"column":5}},{"start":{},"end":{}}],"line":81},"15":{"loc":{"start":{"line":81,"column":8},"end":{"line":81,"column":46}},"type":"binary-expr","locations":[{"start":{"line":81,"column":8},"end":{"line":81,"column":21}},{"start":{"line":81,"column":25},"end":{"line":81,"column":46}}],"line":81},"16":{"loc":{"start":{"line":87,"column":4},"end":{"line":87,"column":80}},"type":"if","locations":[{"start":{"line":87,"column":4},"end":{"line":87,"column":80}},{"start":{},"end":{}}],"line":87},"17":{"loc":{"start":{"line":117,"column":4},"end":{"line":121,"column":5}},"type":"if","locations":[{"start":{"line":117,"column":4},"end":{"line":121,"column":5}},{"start":{},"end":{}}],"line":117},"18":{"loc":{"start":{"line":117,"column":8},"end":{"line":117,"column":44}},"type":"binary-expr","locations":[{"start":{"line":117,"column":8},"end":{"line":117,"column":26}},{"start":{"line":117,"column":30},"end":{"line":117,"column":44}}],"line":117},"19":{"loc":{"start":{"line":126,"column":4},"end":{"line":127,"column":84}},"type":"if","locations":[{"start":{"line":126,"column":4},"end":{"line":127,"column":84}},{"start":{"line":127,"column":9},"end":{"line":127,"column":84}}],"line":126},"20":{"loc":{"start":{"line":127,"column":9},"end":{"line":127,"column":84}},"type":"if","locations":[{"start":{"line":127,"column":9},"end":{"line":127,"column":84}},{"start":{},"end":{}}],"line":127},"21":{"loc":{"start":{"line":143,"column":4},"end":{"line":147,"column":5}},"type":"if","locations":[{"start":{"line":143,"column":4},"end":{"line":147,"column":5}},{"start":{},"end":{}}],"line":143},"22":{"loc":{"start":{"line":157,"column":4},"end":{"line":157,"column":88}},"type":"if","locations":[{"start":{"line":157,"column":4},"end":{"line":157,"column":88}},{"start":{},"end":{}}],"line":157},"23":{"loc":{"start":{"line":162,"column":4},"end":{"line":166,"column":5}},"type":"if","locations":[{"start":{"line":162,"column":4},"end":{"line":166,"column":5}},{"start":{},"end":{}}],"line":162},"24":{"loc":{"start":{"line":163,"column":30},"end":{"line":163,"column":86}},"type":"binary-expr","locations":[{"start":{"line":163,"column":30},"end":{"line":163,"column":69}},{"start":{"line":163,"column":73},"end":{"line":163,"column":86}}],"line":163},"25":{"loc":{"start":{"line":165,"column":25},"end":{"line":165,"column":65}},"type":"binary-expr","locations":[{"start":{"line":165,"column":25},"end":{"line":165,"column":57}},{"start":{"line":165,"column":61},"end":{"line":165,"column":65}}],"line":165},"26":{"loc":{"start":{"line":198,"column":7},"end":{"line":218,"column":7}},"type":"binary-expr","locations":[{"start":{"line":198,"column":7},"end":{"line":198,"column":22}},{"start":{"line":199,"column":8},"end":{"line":217,"column":24}}],"line":198},"27":{"loc":{"start":{"line":229,"column":27},"end":{"line":229,"column":85}},"type":"binary-expr","locations":[{"start":{"line":229,"column":27},"end":{"line":229,"column":45}},{"start":{"line":229,"column":49},"end":{"line":229,"column":63}},{"start":{"line":229,"column":67},"end":{"line":229,"column":85}}],"line":229},"28":{"loc":{"start":{"line":248,"column":19},"end":{"line":248,"column":70}},"type":"cond-expr","locations":[{"start":{"line":248,"column":35},"end":{"line":248,"column":52}},{"start":{"line":248,"column":55},"end":{"line":248,"column":70}}],"line":248},"29":{"loc":{"start":{"line":250,"column":12},"end":{"line":252,"column":49}},"type":"cond-expr","locations":[{"start":{"line":251,"column":16},"end":{"line":251,"column":47}},{"start":{"line":252,"column":16},"end":{"line":252,"column":49}}],"line":250},"30":{"loc":{"start":{"line":255,"column":12},"end":{"line":257,"column":50}},"type":"cond-expr","locations":[{"start":{"line":256,"column":16},"end":{"line":256,"column":51}},{"start":{"line":257,"column":16},"end":{"line":257,"column":50}}],"line":255},"31":{"loc":{"start":{"line":287,"column":7},"end":{"line":307,"column":7}},"type":"binary-expr","locations":[{"start":{"line":287,"column":7},"end":{"line":287,"column":26}},{"start":{"line":288,"column":8},"end":{"line":306,"column":24}}],"line":287}},"s":{"0":13,"1":13,"2":13,"3":13,"4":13,"5":13,"6":13,"7":13,"8":13,"9":13,"10":13,"11":13,"12":13,"13":13,"14":13,"15":13,"16":13,"17":13,"18":13,"19":13,"20":13,"21":0,"22":0,"23":0,"24":0,"25":0,"26":0,"27":0,"28":0,"29":0,"30":0,"31":0,"32":0,"33":0,"34":0,"35":13,"36":13,"37":13,"38":13,"39":1,"40":0,"41":13,"42":65,"43":60,"44":65,"45":13,"46":0,"47":0,"48":13,"49":0,"50":13,"51":0,"52":0,"53":0,"54":13,"55":0,"56":0,"57":0,"58":0,"59":0,"60":0,"61":0,"62":0,"63":0,"64":0,"65":0,"66":0,"67":0,"68":13,"69":0,"70":0,"71":13,"72":0,"73":0,"74":13,"75":0,"76":0,"77":0,"78":0,"79":13,"80":0,"81":0,"82":0,"83":13,"84":0,"85":0,"86":0,"87":13,"88":0,"89":0,"90":0,"91":0,"92":0,"93":0,"94":13,"95":13,"96":65,"97":65,"98":65,"99":65,"100":0,"101":0,"102":0,"103":0,"104":0,"105":0,"106":0,"107":0,"108":0},"f":{"0":13,"1":13,"2":0,"3":13,"4":13,"5":0,"6":65,"7":0,"8":0,"9":0,"10":0,"11":0,"12":0,"13":0,"14":0,"15":0,"16":0,"17":0,"18":0,"19":0,"20":0,"21":0,"22":0,"23":0,"24":65,"25":0,"26":0,"27":0,"28":0,"29":0,"30":0,"31":0,"32":0},"b":{"0":[11],"1":[11],"2":[0],"3":[0],"4":[13,0],"5":[0,0],"6":[0,0],"7":[0,0],"8":[0,0],"9":[0,0],"10":[0,0],"11":[0,0],"12":[0,0],"13":[0,13],"14":[1,12],"15":[13,1],"16":[60,5],"17":[0,0],"18":[0,0],"19":[0,0],"20":[0,0],"21":[0,0],"22":[0,0],"23":[0,0],"24":[0,0],"25":[0,0],"26":[13,13],"27":[65,0,0],"28":[0,13],"29":[0,13],"30":[0,13],"31":[13,0]},"_coverageSchema":"1a1c01bbd47fc00a2c39e90264f33305004495a9","hash":"f1d86fcdbb95a98b64264a094fc435ea5f046a93"}
,"/Users/irimwebforge/dev/apps/resetpulse/src/components/carousels/PaletteCarousel.jsx": {"path":"/Users/irimwebforge/dev/apps/resetpulse/src/components/carousels/PaletteCarousel.jsx","statementMap":{"0":{"start":{"line":26,"column":16},"end":{"line":26,"column":26}},"1":{"start":{"line":27,"column":12},"end":{"line":27,"column":28}},"2":{"start":{"line":36,"column":6},"end":{"line":36,"column":23}},"3":{"start":{"line":37,"column":24},"end":{"line":37,"column":36}},"4":{"start":{"line":38,"column":19},"end":{"line":38,"column":56}},"5":{"start":{"line":39,"column":20},"end":{"line":39,"column":57}},"6":{"start":{"line":40,"column":50},"end":{"line":40,"column":65}},"7":{"start":{"line":41,"column":48},"end":{"line":41,"column":63}},"8":{"start":{"line":42,"column":42},"end":{"line":42,"column":54}},"9":{"start":{"line":44,"column":39},"end":{"line":44,"column":57}},"10":{"start":{"line":48,"column":29},"end":{"line":48,"column":46}},"11":{"start":{"line":49,"column":28},"end":{"line":49,"column":74}},"12":{"start":{"line":49,"column":42},"end":{"line":49,"column":69}},"13":{"start":{"line":50,"column":27},"end":{"line":53,"column":3}},"14":{"start":{"line":51,"column":4},"end":{"line":51,"column":58}},"15":{"start":{"line":55,"column":30},"end":{"line":58,"column":3}},"16":{"start":{"line":56,"column":4},"end":{"line":56,"column":44}},"17":{"start":{"line":59,"column":25},"end":{"line":59,"column":75}},"18":{"start":{"line":61,"column":54},"end":{"line":61,"column":78}},"19":{"start":{"line":64,"column":2},"end":{"line":74,"column":23}},"20":{"start":{"line":65,"column":4},"end":{"line":73,"column":5}},"21":{"start":{"line":66,"column":6},"end":{"line":72,"column":14}},"22":{"start":{"line":67,"column":8},"end":{"line":70,"column":11}},"23":{"start":{"line":71,"column":8},"end":{"line":71,"column":46}},"24":{"start":{"line":77,"column":26},"end":{"line":91,"column":3}},"25":{"start":{"line":78,"column":4},"end":{"line":90,"column":15}},"26":{"start":{"line":94,"column":20},"end":{"line":109,"column":3}},"27":{"start":{"line":95,"column":4},"end":{"line":95,"column":29}},"28":{"start":{"line":96,"column":4},"end":{"line":108,"column":40}},"29":{"start":{"line":108,"column":19},"end":{"line":108,"column":38}},"30":{"start":{"line":112,"column":22},"end":{"line":112,"column":91}},"31":{"start":{"line":115,"column":26},"end":{"line":133,"column":3}},"32":{"start":{"line":116,"column":20},"end":{"line":116,"column":53}},"33":{"start":{"line":117,"column":27},"end":{"line":117,"column":43}},"34":{"start":{"line":118,"column":21},"end":{"line":118,"column":57}},"35":{"start":{"line":121,"column":4},"end":{"line":123,"column":5}},"36":{"start":{"line":122,"column":6},"end":{"line":122,"column":13}},"37":{"start":{"line":125,"column":4},"end":{"line":132,"column":5}},"38":{"start":{"line":130,"column":6},"end":{"line":130,"column":38}},"39":{"start":{"line":131,"column":6},"end":{"line":131,"column":24}},"40":{"start":{"line":136,"column":28},"end":{"line":138,"column":3}},"41":{"start":{"line":137,"column":4},"end":{"line":137,"column":46}},"42":{"start":{"line":140,"column":17},"end":{"line":279,"column":4}},"43":{"start":{"line":282,"column":27},"end":{"line":295,"column":3}},"44":{"start":{"line":283,"column":4},"end":{"line":294,"column":5}},"45":{"start":{"line":284,"column":23},"end":{"line":284,"column":45}},"46":{"start":{"line":286,"column":6},"end":{"line":289,"column":9}},"47":{"start":{"line":292,"column":6},"end":{"line":292,"column":38}},"48":{"start":{"line":293,"column":6},"end":{"line":293,"column":24}},"49":{"start":{"line":297,"column":23},"end":{"line":315,"column":3}},"50":{"start":{"line":299,"column":21},"end":{"line":299,"column":90}},"51":{"start":{"line":301,"column":4},"end":{"line":314,"column":5}},"52":{"start":{"line":302,"column":23},"end":{"line":302,"column":45}},"53":{"start":{"line":304,"column":6},"end":{"line":307,"column":9}},"54":{"start":{"line":310,"column":6},"end":{"line":313,"column":7}},"55":{"start":{"line":311,"column":8},"end":{"line":311,"column":40}},"56":{"start":{"line":312,"column":8},"end":{"line":312,"column":26}},"57":{"start":{"line":317,"column":26},"end":{"line":320,"column":3}},"58":{"start":{"line":318,"column":4},"end":{"line":318,"column":92}},"59":{"start":{"line":319,"column":4},"end":{"line":319,"column":29}},"60":{"start":{"line":322,"column":19},"end":{"line":322,"column":88}},"61":{"start":{"line":323,"column":20},"end":{"line":323,"column":44}},"62":{"start":{"line":324,"column":18},"end":{"line":324,"column":48}},"63":{"start":{"line":326,"column":2},"end":{"line":491,"column":4}},"64":{"start":{"line":379,"column":30},"end":{"line":379,"column":57}},"65":{"start":{"line":380,"column":25},"end":{"line":380,"column":43}},"66":{"start":{"line":381,"column":35},"end":{"line":381,"column":65}},"67":{"start":{"line":383,"column":10},"end":{"line":423,"column":12}},"68":{"start":{"line":386,"column":16},"end":{"line":420,"column":35}},"69":{"start":{"line":402,"column":20},"end":{"line":410,"column":21}},"70":{"start":{"line":403,"column":22},"end":{"line":403,"column":48}},"71":{"start":{"line":406,"column":22},"end":{"line":406,"column":46}},"72":{"start":{"line":407,"column":22},"end":{"line":407,"column":48}},"73":{"start":{"line":408,"column":22},"end":{"line":408,"column":58}},"74":{"start":{"line":409,"column":22},"end":{"line":409,"column":40}},"75":{"start":{"line":459,"column":23},"end":{"line":459,"column":49}},"76":{"start":{"line":466,"column":23},"end":{"line":466,"column":48}},"77":{"start":{"line":467,"column":29},"end":{"line":467,"column":54}}},"fnMap":{"0":{"name":"PaletteCarousel","decl":{"start":{"line":25,"column":24},"end":{"line":25,"column":39}},"loc":{"start":{"line":25,"column":68},"end":{"line":492,"column":1}},"line":25},"1":{"name":"(anonymous_1)","decl":{"start":{"line":49,"column":36},"end":{"line":49,"column":37}},"loc":{"start":{"line":49,"column":42},"end":{"line":49,"column":69}},"line":49},"2":{"name":"(anonymous_2)","decl":{"start":{"line":50,"column":35},"end":{"line":50,"column":36}},"loc":{"start":{"line":51,"column":4},"end":{"line":51,"column":58}},"line":51},"3":{"name":"(anonymous_3)","decl":{"start":{"line":55,"column":38},"end":{"line":55,"column":39}},"loc":{"start":{"line":56,"column":4},"end":{"line":56,"column":44}},"line":56},"4":{"name":"(anonymous_4)","decl":{"start":{"line":64,"column":12},"end":{"line":64,"column":13}},"loc":{"start":{"line":64,"column":18},"end":{"line":74,"column":3}},"line":64},"5":{"name":"(anonymous_5)","decl":{"start":{"line":66,"column":17},"end":{"line":66,"column":18}},"loc":{"start":{"line":66,"column":23},"end":{"line":72,"column":7}},"line":66},"6":{"name":"(anonymous_6)","decl":{"start":{"line":77,"column":26},"end":{"line":77,"column":27}},"loc":{"start":{"line":77,"column":32},"end":{"line":91,"column":3}},"line":77},"7":{"name":"(anonymous_7)","decl":{"start":{"line":94,"column":20},"end":{"line":94,"column":21}},"loc":{"start":{"line":94,"column":33},"end":{"line":109,"column":3}},"line":94},"8":{"name":"(anonymous_8)","decl":{"start":{"line":108,"column":13},"end":{"line":108,"column":14}},"loc":{"start":{"line":108,"column":19},"end":{"line":108,"column":38}},"line":108},"9":{"name":"(anonymous_9)","decl":{"start":{"line":115,"column":26},"end":{"line":115,"column":27}},"loc":{"start":{"line":115,"column":37},"end":{"line":133,"column":3}},"line":115},"10":{"name":"(anonymous_10)","decl":{"start":{"line":136,"column":28},"end":{"line":136,"column":29}},"loc":{"start":{"line":136,"column":38},"end":{"line":138,"column":3}},"line":136},"11":{"name":"(anonymous_11)","decl":{"start":{"line":282,"column":27},"end":{"line":282,"column":28}},"loc":{"start":{"line":282,"column":33},"end":{"line":295,"column":3}},"line":282},"12":{"name":"(anonymous_12)","decl":{"start":{"line":297,"column":23},"end":{"line":297,"column":24}},"loc":{"start":{"line":297,"column":29},"end":{"line":315,"column":3}},"line":297},"13":{"name":"(anonymous_13)","decl":{"start":{"line":317,"column":26},"end":{"line":317,"column":27}},"loc":{"start":{"line":317,"column":32},"end":{"line":320,"column":3}},"line":317},"14":{"name":"(anonymous_14)","decl":{"start":{"line":318,"column":30},"end":{"line":318,"column":31}},"loc":{"start":{"line":318,"column":36},"end":{"line":318,"column":90}},"line":318},"15":{"name":"(anonymous_15)","decl":{"start":{"line":378,"column":30},"end":{"line":378,"column":31}},"loc":{"start":{"line":378,"column":61},"end":{"line":424,"column":9}},"line":378},"16":{"name":"(anonymous_16)","decl":{"start":{"line":385,"column":26},"end":{"line":385,"column":27}},"loc":{"start":{"line":386,"column":16},"end":{"line":420,"column":35}},"line":386},"17":{"name":"(anonymous_17)","decl":{"start":{"line":401,"column":27},"end":{"line":401,"column":28}},"loc":{"start":{"line":401,"column":33},"end":{"line":411,"column":19}},"line":401},"18":{"name":"(anonymous_18)","decl":{"start":{"line":459,"column":17},"end":{"line":459,"column":18}},"loc":{"start":{"line":459,"column":23},"end":{"line":459,"column":49}},"line":459},"19":{"name":"(anonymous_19)","decl":{"start":{"line":466,"column":17},"end":{"line":466,"column":18}},"loc":{"start":{"line":466,"column":23},"end":{"line":466,"column":48}},"line":466},"20":{"name":"(anonymous_20)","decl":{"start":{"line":467,"column":23},"end":{"line":467,"column":24}},"loc":{"start":{"line":467,"column":29},"end":{"line":467,"column":54}},"line":467}},"branchMap":{"0":{"loc":{"start":{"line":25,"column":42},"end":{"line":25,"column":64}},"type":"default-arg","locations":[{"start":{"line":25,"column":59},"end":{"line":25,"column":64}}],"line":25},"1":{"loc":{"start":{"line":51,"column":4},"end":{"line":51,"column":58}},"type":"cond-expr","locations":[{"start":{"line":51,"column":20},"end":{"line":51,"column":37}},{"start":{"line":51,"column":40},"end":{"line":51,"column":58}}],"line":51},"2":{"loc":{"start":{"line":59,"column":25},"end":{"line":59,"column":75}},"type":"cond-expr","locations":[{"start":{"line":59,"column":52},"end":{"line":59,"column":71}},{"start":{"line":59,"column":74},"end":{"line":59,"column":75}}],"line":59},"3":{"loc":{"start":{"line":65,"column":4},"end":{"line":73,"column":5}},"type":"if","locations":[{"start":{"line":65,"column":4},"end":{"line":73,"column":5}},{"start":{},"end":{}}],"line":65},"4":{"loc":{"start":{"line":65,"column":8},"end":{"line":65,"column":52}},"type":"binary-expr","locations":[{"start":{"line":65,"column":8},"end":{"line":65,"column":29}},{"start":{"line":65,"column":33},"end":{"line":65,"column":52}}],"line":65},"5":{"loc":{"start":{"line":112,"column":22},"end":{"line":112,"column":91}},"type":"cond-expr","locations":[{"start":{"line":112,"column":38},"end":{"line":112,"column":61}},{"start":{"line":112,"column":64},"end":{"line":112,"column":91}}],"line":112},"6":{"loc":{"start":{"line":121,"column":4},"end":{"line":123,"column":5}},"type":"if","locations":[{"start":{"line":121,"column":4},"end":{"line":123,"column":5}},{"start":{},"end":{}}],"line":121},"7":{"loc":{"start":{"line":121,"column":8},"end":{"line":121,"column":61}},"type":"binary-expr","locations":[{"start":{"line":121,"column":8},"end":{"line":121,"column":22}},{"start":{"line":121,"column":26},"end":{"line":121,"column":61}}],"line":121},"8":{"loc":{"start":{"line":125,"column":4},"end":{"line":132,"column":5}},"type":"if","locations":[{"start":{"line":125,"column":4},"end":{"line":132,"column":5}},{"start":{},"end":{}}],"line":125},"9":{"loc":{"start":{"line":126,"column":6},"end":{"line":127,"column":40}},"type":"binary-expr","locations":[{"start":{"line":126,"column":6},"end":{"line":126,"column":19}},{"start":{"line":127,"column":6},"end":{"line":127,"column":40}}],"line":126},"10":{"loc":{"start":{"line":137,"column":11},"end":{"line":137,"column":45}},"type":"binary-expr","locations":[{"start":{"line":137,"column":11},"end":{"line":137,"column":37}},{"start":{"line":137,"column":41},"end":{"line":137,"column":45}}],"line":137},"11":{"loc":{"start":{"line":283,"column":4},"end":{"line":294,"column":5}},"type":"if","locations":[{"start":{"line":283,"column":4},"end":{"line":294,"column":5}},{"start":{},"end":{}}],"line":283},"12":{"loc":{"start":{"line":299,"column":21},"end":{"line":299,"column":90}},"type":"cond-expr","locations":[{"start":{"line":299,"column":37},"end":{"line":299,"column":64}},{"start":{"line":299,"column":67},"end":{"line":299,"column":90}}],"line":299},"13":{"loc":{"start":{"line":301,"column":4},"end":{"line":314,"column":5}},"type":"if","locations":[{"start":{"line":301,"column":4},"end":{"line":314,"column":5}},{"start":{},"end":{}}],"line":301},"14":{"loc":{"start":{"line":310,"column":6},"end":{"line":313,"column":7}},"type":"if","locations":[{"start":{"line":310,"column":6},"end":{"line":313,"column":7}},{"start":{},"end":{}}],"line":310},"15":{"loc":{"start":{"line":322,"column":19},"end":{"line":322,"column":88}},"type":"cond-expr","locations":[{"start":{"line":322,"column":35},"end":{"line":322,"column":62}},{"start":{"line":322,"column":65},"end":{"line":322,"column":88}}],"line":322},"16":{"loc":{"start":{"line":329,"column":7},"end":{"line":337,"column":7}},"type":"binary-expr","locations":[{"start":{"line":329,"column":7},"end":{"line":329,"column":17}},{"start":{"line":330,"column":8},"end":{"line":336,"column":27}}],"line":329},"17":{"loc":{"start":{"line":338,"column":7},"end":{"line":338,"column":75}},"type":"binary-expr","locations":[{"start":{"line":338,"column":7},"end":{"line":338,"column":16}},{"start":{"line":338,"column":20},"end":{"line":338,"column":75}}],"line":338},"18":{"loc":{"start":{"line":392,"column":30},"end":{"line":392,"column":72}},"type":"binary-expr","locations":[{"start":{"line":392,"column":30},"end":{"line":392,"column":46}},{"start":{"line":392,"column":50},"end":{"line":392,"column":72}}],"line":392},"19":{"loc":{"start":{"line":397,"column":20},"end":{"line":399,"column":46}},"type":"binary-expr","locations":[{"start":{"line":397,"column":20},"end":{"line":397,"column":36}},{"start":{"line":398,"column":22},"end":{"line":398,"column":44}},{"start":{"line":399,"column":22},"end":{"line":399,"column":46}}],"line":397},"20":{"loc":{"start":{"line":402,"column":20},"end":{"line":410,"column":21}},"type":"if","locations":[{"start":{"line":402,"column":20},"end":{"line":410,"column":21}},{"start":{"line":404,"column":27},"end":{"line":410,"column":21}}],"line":402},"21":{"loc":{"start":{"line":427,"column":9},"end":{"line":440,"column":9}},"type":"binary-expr","locations":[{"start":{"line":427,"column":9},"end":{"line":427,"column":23}},{"start":{"line":428,"column":10},"end":{"line":439,"column":17}}],"line":427},"22":{"loc":{"start":{"line":445,"column":7},"end":{"line":453,"column":7}},"type":"binary-expr","locations":[{"start":{"line":445,"column":7},"end":{"line":445,"column":15}},{"start":{"line":446,"column":8},"end":{"line":452,"column":27}}],"line":445},"23":{"loc":{"start":{"line":454,"column":7},"end":{"line":454,"column":73}},"type":"binary-expr","locations":[{"start":{"line":454,"column":7},"end":{"line":454,"column":14}},{"start":{"line":454,"column":18},"end":{"line":454,"column":73}}],"line":454},"24":{"loc":{"start":{"line":471,"column":7},"end":{"line":489,"column":7}},"type":"binary-expr","locations":[{"start":{"line":471,"column":7},"end":{"line":471,"column":26}},{"start":{"line":472,"column":8},"end":{"line":488,"column":24}}],"line":471}},"s":{"0":10,"1":10,"2":10,"3":10,"4":10,"5":10,"6":10,"7":10,"8":10,"9":10,"10":10,"11":10,"12":10,"13":10,"14":10,"15":10,"16":10,"17":10,"18":10,"19":10,"20":10,"21":10,"22":0,"23":0,"24":10,"25":0,"26":10,"27":0,"28":0,"29":0,"30":10,"31":10,"32":0,"33":0,"34":0,"35":0,"36":0,"37":0,"38":0,"39":0,"40":10,"41":10,"42":10,"43":10,"44":0,"45":0,"46":0,"47":0,"48":0,"49":10,"50":0,"51":0,"52":0,"53":0,"54":0,"55":0,"56":0,"57":10,"58":0,"59":0,"60":10,"61":10,"62":10,"63":10,"64":20,"65":20,"66":20,"67":20,"68":80,"69":0,"70":0,"71":0,"72":0,"73":0,"74":0,"75":0,"76":0,"77":0},"f":{"0":10,"1":10,"2":10,"3":10,"4":10,"5":0,"6":0,"7":0,"8":0,"9":0,"10":10,"11":0,"12":0,"13":0,"14":0,"15":20,"16":80,"17":0,"18":0,"19":0,"20":0},"b":{"0":[8],"1":[0,10],"2":[10,0],"3":[10,0],"4":[10,10],"5":[0,10],"6":[0,0],"7":[0,0],"8":[0,0],"9":[0,0],"10":[10,0],"11":[0,0],"12":[0,0],"13":[0,0],"14":[0,0],"15":[0,10],"16":[10,0],"17":[10,10],"18":[80,40],"19":[80,40,10],"20":[0,0],"21":[10,10],"22":[10,10],"23":[10,0],"24":[10,0]},"_coverageSchema":"1a1c01bbd47fc00a2c39e90264f33305004495a9","hash":"085f4799ce7f7420f94de567617fad8c799774bb"}
,"/Users/irimwebforge/dev/apps/resetpulse/src/components/layout/CircularToggle.jsx": {"path":"/Users/irimwebforge/dev/apps/resetpulse/src/components/layout/CircularToggle.jsx","statementMap":{"0":{"start":{"line":18,"column":23},"end":{"line":58,"column":2}},"1":{"start":{"line":19,"column":16},"end":{"line":19,"column":26}},"2":{"start":{"line":21,"column":22},"end":{"line":24,"column":3}},"3":{"start":{"line":22,"column":4},"end":{"line":22,"column":92}},"4":{"start":{"line":23,"column":4},"end":{"line":23,"column":25}},"5":{"start":{"line":26,"column":17},"end":{"line":42,"column":4}},"6":{"start":{"line":44,"column":2},"end":{"line":57,"column":4}}},"fnMap":{"0":{"name":"CircularToggle","decl":{"start":{"line":18,"column":43},"end":{"line":18,"column":57}},"loc":{"start":{"line":18,"column":94},"end":{"line":58,"column":1}},"line":18},"1":{"name":"(anonymous_1)","decl":{"start":{"line":21,"column":22},"end":{"line":21,"column":23}},"loc":{"start":{"line":21,"column":28},"end":{"line":24,"column":3}},"line":21},"2":{"name":"(anonymous_2)","decl":{"start":{"line":22,"column":30},"end":{"line":22,"column":31}},"loc":{"start":{"line":22,"column":36},"end":{"line":22,"column":90}},"line":22}},"branchMap":{"0":{"loc":{"start":{"line":18,"column":81},"end":{"line":18,"column":90}},"type":"default-arg","locations":[{"start":{"line":18,"column":88},"end":{"line":18,"column":90}}],"line":18},"1":{"loc":{"start":{"line":51,"column":26},"end":{"line":51,"column":74}},"type":"cond-expr","locations":[{"start":{"line":51,"column":38},"end":{"line":51,"column":52}},{"start":{"line":51,"column":55},"end":{"line":51,"column":74}}],"line":51},"2":{"loc":{"start":{"line":54,"column":9},"end":{"line":54,"column":30}},"type":"cond-expr","locations":[{"start":{"line":54,"column":21},"end":{"line":54,"column":24}},{"start":{"line":54,"column":27},"end":{"line":54,"column":30}}],"line":54}},"s":{"0":1,"1":9,"2":9,"3":0,"4":0,"5":9,"6":9},"f":{"0":9,"1":0,"2":0},"b":{"0":[8],"1":[7,2],"2":[7,2]},"_coverageSchema":"1a1c01bbd47fc00a2c39e90264f33305004495a9","hash":"5f007156ef5df2bff0deed945061ad22c8516e5b"}
,"/Users/irimwebforge/dev/apps/resetpulse/src/components/modals/PremiumModal.jsx": {"path":"/Users/irimwebforge/dev/apps/resetpulse/src/components/modals/PremiumModal.jsx","statementMap":{"0":{"start":{"line":24,"column":16},"end":{"line":24,"column":26}},"1":{"start":{"line":25,"column":20},"end":{"line":25,"column":34}},"2":{"start":{"line":26,"column":12},"end":{"line":26,"column":28}},"3":{"start":{"line":32,"column":6},"end":{"line":32,"column":20}},"4":{"start":{"line":33,"column":42},"end":{"line":33,"column":57}},"5":{"start":{"line":34,"column":40},"end":{"line":34,"column":55}},"6":{"start":{"line":35,"column":52},"end":{"line":35,"column":67}},"7":{"start":{"line":36,"column":42},"end":{"line":36,"column":56}},"8":{"start":{"line":37,"column":46},"end":{"line":37,"column":61}},"9":{"start":{"line":38,"column":50},"end":{"line":38,"column":61}},"10":{"start":{"line":41,"column":2},"end":{"line":47,"column":55}},"11":{"start":{"line":42,"column":4},"end":{"line":46,"column":5}},"12":{"start":{"line":43,"column":21},"end":{"line":43,"column":52}},"13":{"start":{"line":44,"column":6},"end":{"line":44,"column":43}},"14":{"start":{"line":45,"column":6},"end":{"line":45,"column":33}},"15":{"start":{"line":50,"column":2},"end":{"line":68,"column":16}},"16":{"start":{"line":51,"column":23},"end":{"line":65,"column":5}},"17":{"start":{"line":52,"column":6},"end":{"line":52,"column":43}},"18":{"start":{"line":52,"column":36},"end":{"line":52,"column":43}},"19":{"start":{"line":54,"column":6},"end":{"line":54,"column":30}},"20":{"start":{"line":55,"column":6},"end":{"line":64,"column":7}},"21":{"start":{"line":56,"column":26},"end":{"line":56,"column":46}},"22":{"start":{"line":57,"column":8},"end":{"line":59,"column":9}},"23":{"start":{"line":58,"column":10},"end":{"line":58,"column":78}},"24":{"start":{"line":61,"column":8},"end":{"line":61,"column":76}},"25":{"start":{"line":63,"column":8},"end":{"line":63,"column":33}},"26":{"start":{"line":67,"column":4},"end":{"line":67,"column":17}},"27":{"start":{"line":72,"column":4},"end":{"line":72,"column":52}},"28":{"start":{"line":74,"column":25},"end":{"line":234,"column":3}},"29":{"start":{"line":75,"column":4},"end":{"line":233,"column":5}},"30":{"start":{"line":76,"column":6},"end":{"line":76,"column":56}},"31":{"start":{"line":77,"column":6},"end":{"line":77,"column":28}},"32":{"start":{"line":78,"column":6},"end":{"line":78,"column":94}},"33":{"start":{"line":81,"column":6},"end":{"line":81,"column":68}},"34":{"start":{"line":82,"column":24},"end":{"line":82,"column":44}},"35":{"start":{"line":85,"column":6},"end":{"line":90,"column":9}},"36":{"start":{"line":93,"column":6},"end":{"line":102,"column":7}},"37":{"start":{"line":94,"column":8},"end":{"line":94,"column":72}},"38":{"start":{"line":95,"column":8},"end":{"line":99,"column":10}},"39":{"start":{"line":100,"column":8},"end":{"line":100,"column":31}},"40":{"start":{"line":101,"column":8},"end":{"line":101,"column":15}},"41":{"start":{"line":105,"column":6},"end":{"line":123,"column":7}},"42":{"start":{"line":111,"column":8},"end":{"line":115,"column":11}},"43":{"start":{"line":116,"column":8},"end":{"line":120,"column":10}},"44":{"start":{"line":121,"column":8},"end":{"line":121,"column":31}},"45":{"start":{"line":122,"column":8},"end":{"line":122,"column":15}},"46":{"start":{"line":126,"column":29},"end":{"line":126,"column":59}},"47":{"start":{"line":129,"column":6},"end":{"line":135,"column":9}},"48":{"start":{"line":137,"column":6},"end":{"line":137,"column":98}},"49":{"start":{"line":138,"column":21},"end":{"line":138,"column":77}},"50":{"start":{"line":140,"column":6},"end":{"line":146,"column":9}},"51":{"start":{"line":148,"column":6},"end":{"line":225,"column":7}},"52":{"start":{"line":150,"column":8},"end":{"line":150,"column":31}},"53":{"start":{"line":151,"column":8},"end":{"line":151,"column":94}},"54":{"start":{"line":152,"column":8},"end":{"line":156,"column":10}},"55":{"start":{"line":157,"column":13},"end":{"line":225,"column":7}},"56":{"start":{"line":159,"column":13},"end":{"line":225,"column":7}},"57":{"start":{"line":161,"column":28},"end":{"line":161,"column":48}},"58":{"start":{"line":162,"column":8},"end":{"line":162,"column":41}},"59":{"start":{"line":164,"column":24},"end":{"line":166,"column":9}},"60":{"start":{"line":169,"column":8},"end":{"line":183,"column":9}},"61":{"start":{"line":170,"column":10},"end":{"line":173,"column":13}},"62":{"start":{"line":176,"column":10},"end":{"line":182,"column":13}},"63":{"start":{"line":180,"column":14},"end":{"line":180,"column":94}},"64":{"start":{"line":185,"column":8},"end":{"line":189,"column":10}},"65":{"start":{"line":190,"column":13},"end":{"line":225,"column":7}},"66":{"start":{"line":192,"column":8},"end":{"line":194,"column":11}},"67":{"start":{"line":197,"column":28},"end":{"line":197,"column":48}},"68":{"start":{"line":198,"column":8},"end":{"line":198,"column":41}},"69":{"start":{"line":200,"column":24},"end":{"line":202,"column":9}},"70":{"start":{"line":205,"column":8},"end":{"line":218,"column":9}},"71":{"start":{"line":206,"column":10},"end":{"line":209,"column":13}},"72":{"start":{"line":212,"column":10},"end":{"line":217,"column":13}},"73":{"start":{"line":215,"column":14},"end":{"line":215,"column":94}},"74":{"start":{"line":220,"column":8},"end":{"line":224,"column":10}},"75":{"start":{"line":227,"column":6},"end":{"line":227,"column":61}},"76":{"start":{"line":228,"column":6},"end":{"line":230,"column":9}},"77":{"start":{"line":232,"column":6},"end":{"line":232,"column":29}},"78":{"start":{"line":236,"column":24},"end":{"line":277,"column":3}},"79":{"start":{"line":237,"column":4},"end":{"line":276,"column":5}},"80":{"start":{"line":238,"column":6},"end":{"line":238,"column":27}},"81":{"start":{"line":239,"column":6},"end":{"line":239,"column":94}},"82":{"start":{"line":241,"column":21},"end":{"line":241,"column":45}},"83":{"start":{"line":243,"column":6},"end":{"line":268,"column":7}},"84":{"start":{"line":244,"column":8},"end":{"line":257,"column":9}},"85":{"start":{"line":245,"column":10},"end":{"line":245,"column":96}},"86":{"start":{"line":246,"column":10},"end":{"line":250,"column":12}},"87":{"start":{"line":252,"column":10},"end":{"line":256,"column":12}},"88":{"start":{"line":258,"column":13},"end":{"line":268,"column":7}},"89":{"start":{"line":260,"column":8},"end":{"line":260,"column":89}},"90":{"start":{"line":263,"column":8},"end":{"line":267,"column":10}},"91":{"start":{"line":270,"column":6},"end":{"line":270,"column":60}},"92":{"start":{"line":271,"column":6},"end":{"line":273,"column":9}},"93":{"start":{"line":275,"column":6},"end":{"line":275,"column":28}},"94":{"start":{"line":279,"column":22},"end":{"line":286,"column":3}},"95":{"start":{"line":281,"column":4},"end":{"line":283,"column":5}},"96":{"start":{"line":282,"column":6},"end":{"line":282,"column":13}},"97":{"start":{"line":284,"column":4},"end":{"line":284,"column":92}},"98":{"start":{"line":285,"column":4},"end":{"line":285,"column":14}},"99":{"start":{"line":288,"column":17},"end":{"line":425,"column":4}},"100":{"start":{"line":427,"column":2},"end":{"line":537,"column":4}}},"fnMap":{"0":{"name":"PremiumModal","decl":{"start":{"line":23,"column":24},"end":{"line":23,"column":36}},"loc":{"start":{"line":23,"column":79},"end":{"line":538,"column":1}},"line":23},"1":{"name":"(anonymous_1)","decl":{"start":{"line":41,"column":12},"end":{"line":41,"column":13}},"loc":{"start":{"line":41,"column":18},"end":{"line":47,"column":3}},"line":41},"2":{"name":"(anonymous_2)","decl":{"start":{"line":50,"column":12},"end":{"line":50,"column":13}},"loc":{"start":{"line":50,"column":18},"end":{"line":68,"column":3}},"line":50},"3":{"name":"(anonymous_3)","decl":{"start":{"line":51,"column":23},"end":{"line":51,"column":24}},"loc":{"start":{"line":51,"column":35},"end":{"line":65,"column":5}},"line":51},"4":{"name":"(anonymous_4)","decl":{"start":{"line":74,"column":25},"end":{"line":74,"column":26}},"loc":{"start":{"line":74,"column":37},"end":{"line":234,"column":3}},"line":74},"5":{"name":"(anonymous_5)","decl":{"start":{"line":78,"column":32},"end":{"line":78,"column":33}},"loc":{"start":{"line":78,"column":38},"end":{"line":78,"column":92}},"line":78},"6":{"name":"(anonymous_6)","decl":{"start":{"line":151,"column":32},"end":{"line":151,"column":33}},"loc":{"start":{"line":151,"column":38},"end":{"line":151,"column":92}},"line":151},"7":{"name":"(anonymous_7)","decl":{"start":{"line":178,"column":21},"end":{"line":178,"column":22}},"loc":{"start":{"line":178,"column":27},"end":{"line":181,"column":13}},"line":178},"8":{"name":"(anonymous_8)","decl":{"start":{"line":214,"column":21},"end":{"line":214,"column":22}},"loc":{"start":{"line":214,"column":27},"end":{"line":216,"column":13}},"line":214},"9":{"name":"(anonymous_9)","decl":{"start":{"line":236,"column":24},"end":{"line":236,"column":25}},"loc":{"start":{"line":236,"column":36},"end":{"line":277,"column":3}},"line":236},"10":{"name":"(anonymous_10)","decl":{"start":{"line":239,"column":32},"end":{"line":239,"column":33}},"loc":{"start":{"line":239,"column":38},"end":{"line":239,"column":92}},"line":239},"11":{"name":"(anonymous_11)","decl":{"start":{"line":245,"column":34},"end":{"line":245,"column":35}},"loc":{"start":{"line":245,"column":40},"end":{"line":245,"column":94}},"line":245},"12":{"name":"(anonymous_12)","decl":{"start":{"line":279,"column":22},"end":{"line":279,"column":23}},"loc":{"start":{"line":279,"column":28},"end":{"line":286,"column":3}},"line":279},"13":{"name":"(anonymous_13)","decl":{"start":{"line":284,"column":30},"end":{"line":284,"column":31}},"loc":{"start":{"line":284,"column":36},"end":{"line":284,"column":90}},"line":284}},"branchMap":{"0":{"loc":{"start":{"line":42,"column":4},"end":{"line":46,"column":5}},"type":"if","locations":[{"start":{"line":42,"column":4},"end":{"line":46,"column":5}},{"start":{},"end":{}}],"line":42},"1":{"loc":{"start":{"line":42,"column":8},"end":{"line":42,"column":37}},"type":"binary-expr","locations":[{"start":{"line":42,"column":8},"end":{"line":42,"column":15}},{"start":{"line":42,"column":19},"end":{"line":42,"column":37}}],"line":42},"2":{"loc":{"start":{"line":43,"column":21},"end":{"line":43,"column":52}},"type":"binary-expr","locations":[{"start":{"line":43,"column":21},"end":{"line":43,"column":39}},{"start":{"line":43,"column":43},"end":{"line":43,"column":52}}],"line":43},"3":{"loc":{"start":{"line":52,"column":6},"end":{"line":52,"column":43}},"type":"if","locations":[{"start":{"line":52,"column":6},"end":{"line":52,"column":43}},{"start":{},"end":{}}],"line":52},"4":{"loc":{"start":{"line":52,"column":10},"end":{"line":52,"column":34}},"type":"binary-expr","locations":[{"start":{"line":52,"column":10},"end":{"line":52,"column":18}},{"start":{"line":52,"column":22},"end":{"line":52,"column":34}}],"line":52},"5":{"loc":{"start":{"line":57,"column":8},"end":{"line":59,"column":9}},"type":"if","locations":[{"start":{"line":57,"column":8},"end":{"line":59,"column":9}},{"start":{},"end":{}}],"line":57},"6":{"loc":{"start":{"line":72,"column":4},"end":{"line":72,"column":52}},"type":"binary-expr","locations":[{"start":{"line":72,"column":4},"end":{"line":72,"column":16}},{"start":{"line":72,"column":20},"end":{"line":72,"column":31}},{"start":{"line":72,"column":35},"end":{"line":72,"column":52}}],"line":72},"7":{"loc":{"start":{"line":88,"column":19},"end":{"line":88,"column":45}},"type":"binary-expr","locations":[{"start":{"line":88,"column":19},"end":{"line":88,"column":35}},{"start":{"line":88,"column":39},"end":{"line":88,"column":45}}],"line":88},"8":{"loc":{"start":{"line":89,"column":23},"end":{"line":89,"column":64}},"type":"binary-expr","locations":[{"start":{"line":89,"column":23},"end":{"line":89,"column":59}},{"start":{"line":89,"column":63},"end":{"line":89,"column":64}}],"line":89},"9":{"loc":{"start":{"line":93,"column":6},"end":{"line":102,"column":7}},"type":"if","locations":[{"start":{"line":93,"column":6},"end":{"line":102,"column":7}},{"start":{},"end":{}}],"line":93},"10":{"loc":{"start":{"line":105,"column":6},"end":{"line":123,"column":7}},"type":"if","locations":[{"start":{"line":105,"column":6},"end":{"line":123,"column":7}},{"start":{},"end":{}}],"line":105},"11":{"loc":{"start":{"line":106,"column":8},"end":{"line":109,"column":48}},"type":"binary-expr","locations":[{"start":{"line":106,"column":8},"end":{"line":106,"column":18}},{"start":{"line":107,"column":8},"end":{"line":107,"column":23}},{"start":{"line":108,"column":8},"end":{"line":108,"column":36}},{"start":{"line":109,"column":8},"end":{"line":109,"column":48}}],"line":106},"12":{"loc":{"start":{"line":145,"column":15},"end":{"line":145,"column":37}},"type":"binary-expr","locations":[{"start":{"line":145,"column":15},"end":{"line":145,"column":27}},{"start":{"line":145,"column":31},"end":{"line":145,"column":37}}],"line":145},"13":{"loc":{"start":{"line":148,"column":6},"end":{"line":225,"column":7}},"type":"if","locations":[{"start":{"line":148,"column":6},"end":{"line":225,"column":7}},{"start":{"line":157,"column":13},"end":{"line":225,"column":7}}],"line":148},"14":{"loc":{"start":{"line":157,"column":13},"end":{"line":225,"column":7}},"type":"if","locations":[{"start":{"line":157,"column":13},"end":{"line":225,"column":7}},{"start":{"line":159,"column":13},"end":{"line":225,"column":7}}],"line":157},"15":{"loc":{"start":{"line":159,"column":13},"end":{"line":225,"column":7}},"type":"if","locations":[{"start":{"line":159,"column":13},"end":{"line":225,"column":7}},{"start":{"line":190,"column":13},"end":{"line":225,"column":7}}],"line":159},"16":{"loc":{"start":{"line":169,"column":8},"end":{"line":183,"column":9}},"type":"if","locations":[{"start":{"line":169,"column":8},"end":{"line":183,"column":9}},{"start":{"line":174,"column":15},"end":{"line":183,"column":9}}],"line":169},"17":{"loc":{"start":{"line":187,"column":26},"end":{"line":187,"column":87}},"type":"cond-expr","locations":[{"start":{"line":187,"column":45},"end":{"line":187,"column":82}},{"start":{"line":187,"column":85},"end":{"line":187,"column":87}}],"line":187},"18":{"loc":{"start":{"line":190,"column":13},"end":{"line":225,"column":7}},"type":"if","locations":[{"start":{"line":190,"column":13},"end":{"line":225,"column":7}},{"start":{"line":195,"column":13},"end":{"line":225,"column":7}}],"line":190},"19":{"loc":{"start":{"line":205,"column":8},"end":{"line":218,"column":9}},"type":"if","locations":[{"start":{"line":205,"column":8},"end":{"line":218,"column":9}},{"start":{"line":210,"column":15},"end":{"line":218,"column":9}}],"line":205},"20":{"loc":{"start":{"line":222,"column":11},"end":{"line":222,"column":53}},"type":"binary-expr","locations":[{"start":{"line":222,"column":11},"end":{"line":222,"column":23}},{"start":{"line":222,"column":27},"end":{"line":222,"column":53}}],"line":222},"21":{"loc":{"start":{"line":222,"column":58},"end":{"line":222,"column":119}},"type":"cond-expr","locations":[{"start":{"line":222,"column":77},"end":{"line":222,"column":114}},{"start":{"line":222,"column":117},"end":{"line":222,"column":119}}],"line":222},"22":{"loc":{"start":{"line":243,"column":6},"end":{"line":268,"column":7}},"type":"if","locations":[{"start":{"line":243,"column":6},"end":{"line":268,"column":7}},{"start":{"line":258,"column":13},"end":{"line":268,"column":7}}],"line":243},"23":{"loc":{"start":{"line":244,"column":8},"end":{"line":257,"column":9}},"type":"if","locations":[{"start":{"line":244,"column":8},"end":{"line":257,"column":9}},{"start":{"line":251,"column":15},"end":{"line":257,"column":9}}],"line":244},"24":{"loc":{"start":{"line":258,"column":13},"end":{"line":268,"column":7}},"type":"if","locations":[{"start":{"line":258,"column":13},"end":{"line":268,"column":7}},{"start":{"line":261,"column":13},"end":{"line":268,"column":7}}],"line":258},"25":{"loc":{"start":{"line":265,"column":10},"end":{"line":265,"column":51}},"type":"binary-expr","locations":[{"start":{"line":265,"column":10},"end":{"line":265,"column":22}},{"start":{"line":265,"column":26},"end":{"line":265,"column":51}}],"line":265},"26":{"loc":{"start":{"line":281,"column":4},"end":{"line":283,"column":5}},"type":"if","locations":[{"start":{"line":281,"column":4},"end":{"line":283,"column":5}},{"start":{},"end":{}}],"line":281},"27":{"loc":{"start":{"line":467,"column":45},"end":{"line":467,"column":68}},"type":"binary-expr","locations":[{"start":{"line":467,"column":45},"end":{"line":467,"column":57}},{"start":{"line":467,"column":61},"end":{"line":467,"column":68}}],"line":467},"28":{"loc":{"start":{"line":477,"column":16},"end":{"line":477,"column":72}},"type":"binary-expr","locations":[{"start":{"line":477,"column":16},"end":{"line":477,"column":40}},{"start":{"line":477,"column":44},"end":{"line":477,"column":72}}],"line":477},"29":{"loc":{"start":{"line":482,"column":76},"end":{"line":482,"column":99}},"type":"binary-expr","locations":[{"start":{"line":482,"column":76},"end":{"line":482,"column":88}},{"start":{"line":482,"column":92},"end":{"line":482,"column":99}}],"line":482},"30":{"loc":{"start":{"line":487,"column":15},"end":{"line":493,"column":15}},"type":"cond-expr","locations":[{"start":{"line":488,"column":16},"end":{"line":488,"column":66}},{"start":{"line":490,"column":16},"end":{"line":492,"column":23}}],"line":487},"31":{"loc":{"start":{"line":521,"column":15},"end":{"line":531,"column":15}},"type":"cond-expr","locations":[{"start":{"line":522,"column":16},"end":{"line":526,"column":18}},{"start":{"line":528,"column":16},"end":{"line":530,"column":23}}],"line":521}},"s":{"0":33,"1":33,"2":33,"3":33,"4":33,"5":33,"6":33,"7":33,"8":33,"9":33,"10":33,"11":23,"12":11,"13":11,"14":11,"15":33,"16":12,"17":12,"18":1,"19":11,"20":11,"21":11,"22":10,"23":9,"24":0,"25":10,"26":12,"27":33,"28":33,"29":0,"30":0,"31":0,"32":0,"33":0,"34":0,"35":0,"36":0,"37":0,"38":0,"39":0,"40":0,"41":0,"42":0,"43":0,"44":0,"45":0,"46":0,"47":0,"48":0,"49":0,"50":0,"51":0,"52":0,"53":0,"54":0,"55":0,"56":0,"57":0,"58":0,"59":0,"60":0,"61":0,"62":0,"63":0,"64":0,"65":0,"66":0,"67":0,"68":0,"69":0,"70":0,"71":0,"72":0,"73":0,"74":0,"75":0,"76":0,"77":0,"78":33,"79":0,"80":0,"81":0,"82":0,"83":0,"84":0,"85":0,"86":0,"87":0,"88":0,"89":0,"90":0,"91":0,"92":0,"93":0,"94":33,"95":1,"96":0,"97":1,"98":1,"99":33,"100":33},"f":{"0":33,"1":23,"2":12,"3":12,"4":0,"5":0,"6":0,"7":0,"8":0,"9":0,"10":0,"11":0,"12":1,"13":0},"b":{"0":[11,12],"1":[23,22],"2":[11,0],"3":[1,11],"4":[12,11],"5":[9,1],"6":[33,33,33],"7":[0,0],"8":[0,0],"9":[0,0],"10":[0,0],"11":[0,0,0,0],"12":[0,0],"13":[0,0],"14":[0,0],"15":[0,0],"16":[0,0],"17":[0,0],"18":[0,0],"19":[0,0],"20":[0,0],"21":[0,0],"22":[0,0],"23":[0,0],"24":[0,0],"25":[0,0],"26":[0,1],"27":[33,24],"28":[33,3],"29":[33,24],"30":[0,33],"31":[0,33]},"_coverageSchema":"1a1c01bbd47fc00a2c39e90264f33305004495a9","hash":"7604a6f530ceda83e77531d3ae1295ac09d8a415"}
,"/Users/irimwebforge/dev/apps/resetpulse/src/components/pickers/DurationSlider.jsx": {"path":"/Users/irimwebforge/dev/apps/resetpulse/src/components/pickers/DurationSlider.jsx","statementMap":{"0":{"start":{"line":19,"column":25},"end":{"line":28,"column":1}},"1":{"start":{"line":30,"column":23},"end":{"line":214,"column":2}},"2":{"start":{"line":35,"column":16},"end":{"line":35,"column":26}},"3":{"start":{"line":36,"column":12},"end":{"line":36,"column":28}},"4":{"start":{"line":38,"column":28},"end":{"line":41,"column":3}},"5":{"start":{"line":39,"column":4},"end":{"line":39,"column":92}},"6":{"start":{"line":40,"column":4},"end":{"line":40,"column":35}},"7":{"start":{"line":43,"column":26},"end":{"line":49,"column":3}},"8":{"start":{"line":44,"column":4},"end":{"line":44,"column":92}},"9":{"start":{"line":45,"column":25},"end":{"line":45,"column":79}},"10":{"start":{"line":45,"column":59},"end":{"line":45,"column":78}},"11":{"start":{"line":46,"column":4},"end":{"line":48,"column":5}},"12":{"start":{"line":47,"column":6},"end":{"line":47,"column":64}},"13":{"start":{"line":51,"column":26},"end":{"line":57,"column":3}},"14":{"start":{"line":52,"column":4},"end":{"line":52,"column":92}},"15":{"start":{"line":53,"column":25},"end":{"line":53,"column":79}},"16":{"start":{"line":53,"column":59},"end":{"line":53,"column":78}},"17":{"start":{"line":54,"column":4},"end":{"line":56,"column":5}},"18":{"start":{"line":55,"column":6},"end":{"line":55,"column":64}},"19":{"start":{"line":59,"column":25},"end":{"line":59,"column":47}},"20":{"start":{"line":60,"column":23},"end":{"line":60,"column":77}},"21":{"start":{"line":60,"column":57},"end":{"line":60,"column":76}},"22":{"start":{"line":61,"column":23},"end":{"line":61,"column":39}},"23":{"start":{"line":62,"column":23},"end":{"line":62,"column":65}},"24":{"start":{"line":64,"column":17},"end":{"line":151,"column":4}},"25":{"start":{"line":153,"column":2},"end":{"line":213,"column":4}},"26":{"start":{"line":192,"column":27},"end":{"line":192,"column":51}},"27":{"start":{"line":193,"column":10},"end":{"line":209,"column":12}},"28":{"start":{"line":200,"column":29},"end":{"line":200,"column":62}}},"fnMap":{"0":{"name":"DurationSlider","decl":{"start":{"line":30,"column":43},"end":{"line":30,"column":57}},"loc":{"start":{"line":34,"column":3},"end":{"line":214,"column":1}},"line":34},"1":{"name":"(anonymous_1)","decl":{"start":{"line":38,"column":28},"end":{"line":38,"column":29}},"loc":{"start":{"line":38,"column":49},"end":{"line":41,"column":3}},"line":38},"2":{"name":"(anonymous_2)","decl":{"start":{"line":39,"column":30},"end":{"line":39,"column":31}},"loc":{"start":{"line":39,"column":36},"end":{"line":39,"column":90}},"line":39},"3":{"name":"(anonymous_3)","decl":{"start":{"line":43,"column":26},"end":{"line":43,"column":27}},"loc":{"start":{"line":43,"column":32},"end":{"line":49,"column":3}},"line":43},"4":{"name":"(anonymous_4)","decl":{"start":{"line":44,"column":30},"end":{"line":44,"column":31}},"loc":{"start":{"line":44,"column":36},"end":{"line":44,"column":90}},"line":44},"5":{"name":"(anonymous_5)","decl":{"start":{"line":45,"column":52},"end":{"line":45,"column":53}},"loc":{"start":{"line":45,"column":59},"end":{"line":45,"column":78}},"line":45},"6":{"name":"(anonymous_6)","decl":{"start":{"line":51,"column":26},"end":{"line":51,"column":27}},"loc":{"start":{"line":51,"column":32},"end":{"line":57,"column":3}},"line":51},"7":{"name":"(anonymous_7)","decl":{"start":{"line":52,"column":30},"end":{"line":52,"column":31}},"loc":{"start":{"line":52,"column":36},"end":{"line":52,"column":90}},"line":52},"8":{"name":"(anonymous_8)","decl":{"start":{"line":53,"column":52},"end":{"line":53,"column":53}},"loc":{"start":{"line":53,"column":59},"end":{"line":53,"column":78}},"line":53},"9":{"name":"(anonymous_9)","decl":{"start":{"line":60,"column":50},"end":{"line":60,"column":51}},"loc":{"start":{"line":60,"column":57},"end":{"line":60,"column":76}},"line":60},"10":{"name":"(anonymous_10)","decl":{"start":{"line":191,"column":30},"end":{"line":191,"column":31}},"loc":{"start":{"line":191,"column":42},"end":{"line":210,"column":9}},"line":191},"11":{"name":"(anonymous_11)","decl":{"start":{"line":200,"column":23},"end":{"line":200,"column":24}},"loc":{"start":{"line":200,"column":29},"end":{"line":200,"column":62}},"line":200}},"branchMap":{"0":{"loc":{"start":{"line":46,"column":4},"end":{"line":48,"column":5}},"type":"if","locations":[{"start":{"line":46,"column":4},"end":{"line":48,"column":5}},{"start":{},"end":{}}],"line":46},"1":{"loc":{"start":{"line":54,"column":4},"end":{"line":56,"column":5}},"type":"if","locations":[{"start":{"line":54,"column":4},"end":{"line":56,"column":5}},{"start":{},"end":{}}],"line":54},"2":{"loc":{"start":{"line":160,"column":12},"end":{"line":160,"column":55}},"type":"binary-expr","locations":[{"start":{"line":160,"column":12},"end":{"line":160,"column":25}},{"start":{"line":160,"column":29},"end":{"line":160,"column":55}}],"line":160},"3":{"loc":{"start":{"line":179,"column":12},"end":{"line":179,"column":55}},"type":"binary-expr","locations":[{"start":{"line":179,"column":12},"end":{"line":179,"column":25}},{"start":{"line":179,"column":29},"end":{"line":179,"column":55}}],"line":179},"4":{"loc":{"start":{"line":198,"column":16},"end":{"line":198,"column":53}},"type":"binary-expr","locations":[{"start":{"line":198,"column":16},"end":{"line":198,"column":24}},{"start":{"line":198,"column":28},"end":{"line":198,"column":53}}],"line":198},"5":{"loc":{"start":{"line":204,"column":43},"end":{"line":204,"column":78}},"type":"binary-expr","locations":[{"start":{"line":204,"column":43},"end":{"line":204,"column":51}},{"start":{"line":204,"column":55},"end":{"line":204,"column":78}}],"line":204}},"s":{"0":1,"1":1,"2":8,"3":8,"4":8,"5":0,"6":0,"7":8,"8":0,"9":0,"10":0,"11":0,"12":0,"13":8,"14":0,"15":0,"16":0,"17":0,"18":0,"19":8,"20":8,"21":39,"22":8,"23":8,"24":8,"25":8,"26":64,"27":64,"28":0},"f":{"0":8,"1":0,"2":0,"3":0,"4":0,"5":0,"6":0,"7":0,"8":0,"9":39,"10":64,"11":0},"b":{"0":[0,0],"1":[0,0],"2":[8,1],"3":[8,1],"4":[64,8],"5":[64,8]},"_coverageSchema":"1a1c01bbd47fc00a2c39e90264f33305004495a9","hash":"93028e48c8e5c07eb24ce7b534afaae4fb9717f5"}
,"/Users/irimwebforge/dev/apps/resetpulse/src/components/timer/TimerDial.jsx": {"path":"/Users/irimwebforge/dev/apps/resetpulse/src/components/timer/TimerDial.jsx","statementMap":{"0":{"start":{"line":29,"column":16},"end":{"line":29,"column":34}},"1":{"start":{"line":29,"column":23},"end":{"line":29,"column":34}},"2":{"start":{"line":60,"column":16},"end":{"line":60,"column":26}},"3":{"start":{"line":61,"column":12},"end":{"line":61,"column":28}},"4":{"start":{"line":62,"column":38},"end":{"line":62,"column":53}},"5":{"start":{"line":63,"column":30},"end":{"line":63,"column":67}},"6":{"start":{"line":66,"column":15},"end":{"line":66,"column":55}},"7":{"start":{"line":69,"column":21},"end":{"line":69,"column":43}},"8":{"start":{"line":70,"column":18},"end":{"line":70,"column":48}},"9":{"start":{"line":71,"column":23},"end":{"line":71,"column":37}},"10":{"start":{"line":72,"column":27},"end":{"line":72,"column":43}},"11":{"start":{"line":73,"column":17},"end":{"line":73,"column":37}},"12":{"start":{"line":74,"column":22},"end":{"line":74,"column":44}},"13":{"start":{"line":75,"column":18},"end":{"line":75,"column":29}},"14":{"start":{"line":76,"column":18},"end":{"line":76,"column":29}},"15":{"start":{"line":79,"column":25},"end":{"line":79,"column":37}},"16":{"start":{"line":81,"column":24},"end":{"line":81,"column":33}},"17":{"start":{"line":83,"column":30},"end":{"line":83,"column":42}},"18":{"start":{"line":85,"column":26},"end":{"line":85,"column":38}},"19":{"start":{"line":88,"column":26},"end":{"line":95,"column":48}},"20":{"start":{"line":89,"column":18},"end":{"line":89,"column":77}},"21":{"start":{"line":90,"column":4},"end":{"line":94,"column":8}},"22":{"start":{"line":90,"column":30},"end":{"line":94,"column":5}},"23":{"start":{"line":97,"column":24},"end":{"line":107,"column":60}},"24":{"start":{"line":98,"column":25},"end":{"line":98,"column":75}},"25":{"start":{"line":99,"column":22},"end":{"line":99,"column":77}},"26":{"start":{"line":100,"column":4},"end":{"line":106,"column":8}},"27":{"start":{"line":100,"column":42},"end":{"line":106,"column":5}},"28":{"start":{"line":110,"column":30},"end":{"line":110,"column":42}},"29":{"start":{"line":111,"column":29},"end":{"line":111,"column":41}},"30":{"start":{"line":113,"column":23},"end":{"line":243,"column":3}},"31":{"start":{"line":114,"column":4},"end":{"line":241,"column":6}},"32":{"start":{"line":115,"column":42},"end":{"line":115,"column":46}},"33":{"start":{"line":116,"column":41},"end":{"line":116,"column":72}},"34":{"start":{"line":119,"column":8},"end":{"line":119,"column":49}},"35":{"start":{"line":120,"column":8},"end":{"line":123,"column":10}},"36":{"start":{"line":125,"column":8},"end":{"line":125,"column":30}},"37":{"start":{"line":125,"column":23},"end":{"line":125,"column":30}},"38":{"start":{"line":126,"column":8},"end":{"line":126,"column":28}},"39":{"start":{"line":129,"column":29},"end":{"line":134,"column":9}},"40":{"start":{"line":137,"column":31},"end":{"line":137,"column":44}},"41":{"start":{"line":140,"column":8},"end":{"line":140,"column":62}},"42":{"start":{"line":143,"column":8},"end":{"line":143,"column":48}},"43":{"start":{"line":144,"column":8},"end":{"line":144,"column":51}},"44":{"start":{"line":145,"column":8},"end":{"line":145,"column":45}},"45":{"start":{"line":149,"column":8},"end":{"line":149,"column":30}},"46":{"start":{"line":149,"column":23},"end":{"line":149,"column":30}},"47":{"start":{"line":152,"column":29},"end":{"line":157,"column":9}},"48":{"start":{"line":159,"column":27},"end":{"line":159,"column":42}},"49":{"start":{"line":162,"column":25},"end":{"line":162,"column":26}},"50":{"start":{"line":163,"column":8},"end":{"line":177,"column":9}},"51":{"start":{"line":164,"column":10},"end":{"line":164,"column":66}},"52":{"start":{"line":167,"column":10},"end":{"line":176,"column":11}},"53":{"start":{"line":169,"column":12},"end":{"line":175,"column":13}},"54":{"start":{"line":171,"column":14},"end":{"line":171,"column":51}},"55":{"start":{"line":174,"column":14},"end":{"line":174,"column":51}},"56":{"start":{"line":180,"column":20},"end":{"line":180,"column":30}},"57":{"start":{"line":181,"column":26},"end":{"line":181,"column":77}},"58":{"start":{"line":182,"column":25},"end":{"line":182,"column":66}},"59":{"start":{"line":186,"column":31},"end":{"line":186,"column":78}},"60":{"start":{"line":187,"column":34},"end":{"line":187,"column":99}},"61":{"start":{"line":190,"column":32},"end":{"line":190,"column":104}},"62":{"start":{"line":191,"column":30},"end":{"line":191,"column":58}},"63":{"start":{"line":194,"column":8},"end":{"line":194,"column":38}},"64":{"start":{"line":197,"column":25},"end":{"line":197,"column":63}},"65":{"start":{"line":200,"column":8},"end":{"line":200,"column":67}},"66":{"start":{"line":203,"column":8},"end":{"line":203,"column":36}},"67":{"start":{"line":206,"column":8},"end":{"line":206,"column":44}},"68":{"start":{"line":207,"column":8},"end":{"line":207,"column":51}},"69":{"start":{"line":210,"column":8},"end":{"line":210,"column":58}},"70":{"start":{"line":214,"column":20},"end":{"line":214,"column":30}},"71":{"start":{"line":215,"column":26},"end":{"line":215,"column":68}},"72":{"start":{"line":216,"column":25},"end":{"line":216,"column":51}},"73":{"start":{"line":219,"column":31},"end":{"line":219,"column":32}},"74":{"start":{"line":220,"col
[...]
s":[{"start":{"line":46,"column":9},"end":{"line":46,"column":13}}],"line":46},"3":{"loc":{"start":{"line":47,"column":2},"end":{"line":47,"column":19}},"type":"default-arg","locations":[{"start":{"line":47,"column":14},"end":{"line":47,"column":19}}],"line":47},"4":{"loc":{"start":{"line":48,"column":2},"end":{"line":48,"column":21}},"type":"default-arg","locations":[{"start":{"line":48,"column":14},"end":{"line":48,"column":21}}],"line":48},"5":{"loc":{"start":{"line":49,"column":2},"end":{"line":49,"column":22}},"type":"default-arg","locations":[{"start":{"line":49,"column":18},"end":{"line":49,"column":22}}],"line":49},"6":{"loc":{"start":{"line":50,"column":2},"end":{"line":50,"column":19}},"type":"default-arg","locations":[{"start":{"line":50,"column":14},"end":{"line":50,"column":19}}],"line":50},"7":{"loc":{"start":{"line":51,"column":2},"end":{"line":51,"column":20}},"type":"default-arg","locations":[{"start":{"line":51,"column":16},"end":{"line":51,"column":20}}],"line":51},"8":{"loc":{"start":{"line":52,"column":2},"end":{"line":52,"column":26}},"type":"default-arg","locations":[{"start":{"line":52,"column":22},"end":{"line":52,"column":26}}],"line":52},"9":{"loc":{"start":{"line":53,"column":2},"end":{"line":53,"column":24}},"type":"default-arg","locations":[{"start":{"line":53,"column":20},"end":{"line":53,"column":24}}],"line":53},"10":{"loc":{"start":{"line":54,"column":2},"end":{"line":54,"column":18}},"type":"default-arg","locations":[{"start":{"line":54,"column":14},"end":{"line":54,"column":18}}],"line":54},"11":{"loc":{"start":{"line":55,"column":2},"end":{"line":55,"column":21}},"type":"default-arg","locations":[{"start":{"line":55,"column":16},"end":{"line":55,"column":21}}],"line":55},"12":{"loc":{"start":{"line":56,"column":2},"end":{"line":56,"column":24}},"type":"default-arg","locations":[{"start":{"line":56,"column":20},"end":{"line":56,"column":24}}],"line":56},"13":{"loc":{"start":{"line":57,"column":2},"end":{"line":57,"column":20}},"type":"default-arg","locations":[{"start":{"line":57,"column":16},"end":{"line":57,"column":20}}],"line":57},"14":{"loc":{"start":{"line":58,"column":2},"end":{"line":58,"column":24}},"type":"default-arg","locations":[{"start":{"line":58,"column":20},"end":{"line":58,"column":24}}],"line":58},"15":{"loc":{"start":{"line":69,"column":21},"end":{"line":69,"column":43}},"type":"binary-expr","locations":[{"start":{"line":69,"column":21},"end":{"line":69,"column":25}},{"start":{"line":69,"column":29},"end":{"line":69,"column":43}}],"line":69},"16":{"loc":{"start":{"line":92,"column":19},"end":{"line":92,"column":95}},"type":"cond-expr","locations":[{"start":{"line":92,"column":34},"end":{"line":92,"column":63}},{"start":{"line":92,"column":66},"end":{"line":92,"column":95}}],"line":92},"17":{"loc":{"start":{"line":93,"column":15},"end":{"line":93,"column":95}},"type":"cond-expr","locations":[{"start":{"line":93,"column":30},"end":{"line":93,"column":61}},{"start":{"line":93,"column":64},"end":{"line":93,"column":95}}],"line":93},"18":{"loc":{"start":{"line":116,"column":41},"end":{"line":116,"column":72}},"type":"binary-expr","locations":[{"start":{"line":116,"column":41},"end":{"line":116,"column":51}},{"start":{"line":116,"column":55},"end":{"line":116,"column":72}}],"line":116},"19":{"loc":{"start":{"line":125,"column":8},"end":{"line":125,"column":30}},"type":"if","locations":[{"start":{"line":125,"column":8},"end":{"line":125,"column":30}},{"start":{},"end":{}}],"line":125},"20":{"loc":{"start":{"line":149,"column":8},"end":{"line":149,"column":30}},"type":"if","locations":[{"start":{"line":149,"column":8},"end":{"line":149,"column":30}},{"start":{},"end":{}}],"line":149},"21":{"loc":{"start":{"line":163,"column":8},"end":{"line":177,"column":9}},"type":"if","locations":[{"start":{"line":163,"column":8},"end":{"line":177,"column":9}},{"start":{},"end":{}}],"line":163},"22":{"loc":{"start":{"line":167,"column":10},"end":{"line":176,"column":11}},"type":"if","locations":[{"start":{"line":167,"column":10},"end":{"line":176,"column":11}},{"start":{},"end":{}}],"line":167},"23":{"loc":{"start":{"line":169,"column":12},"end":{"line":175,"column":13}},"type":"if","locations":[{"start":{"line":169,"column":12},"end":{"line":175,"column":13}},{"start":{"line":172,"column":19},"end":{"line":175,"column":13}}],"line":169},"24":{"loc":{"start":{"line":181,"column":45},"end":{"line":181,"column":75}},"type":"binary-expr","locations":[{"start":{"line":181,"column":45},"end":{"line":181,"column":68}},{"start":{"line":181,"column":72},"end":{"line":181,"column":75}}],"line":181},"25":{"loc":{"start":{"line":215,"column":33},"end":{"line":215,"column":67}},"type":"binary-expr","locations":[{"start":{"line":215,"column":33},"end":{"line":215,"column":60}},{"start":{"line":215,"column":64},"end":{"line":215,"column":67}}],"line":215},"26":{"loc":{"start":{"line":220,"column":8},"end":{"line":224,"column":9}},"type":"if","locations":[{"start":{"line":220,"column":8},"end":{"line":224,"column":9}},{"start":{},"end":{}}],"line":220},"27":{"loc":{"start":{"line":227,"column":22},"end":{"line":227,"column":62}},"type":"binary-expr","locations":[{"start":{"line":227,"column":22},"end":{"line":227,"column":37}},{"start":{"line":227,"column":41},"end":{"line":227,"column":62}}],"line":227},"28":{"loc":{"start":{"line":229,"column":8},"end":{"line":231,"column":9}},"type":"if","locations":[{"start":{"line":229,"column":8},"end":{"line":231,"column":9}},{"start":{},"end":{}}],"line":229},"29":{"loc":{"start":{"line":229,"column":12},"end":{"line":229,"column":30}},"type":"binary-expr","locations":[{"start":{"line":229,"column":12},"end":{"line":229,"column":17}},{"start":{"line":229,"column":21},"end":{"line":229,"column":30}}],"line":229},"30":{"loc":{"start":{"line":248,"column":18},"end":{"line":248,"column":46}},"type":"binary-expr","locations":[{"start":{"line":248,"column":18},"end":{"line":248,"column":23}},{"start":{"line":248,"column":27},"end":{"line":248,"column":46}}],"line":248},"31":{"loc":{"start":{"line":253,"column":23},"end":{"line":253,"column":69}},"type":"binary-expr","locations":[{"start":{"line":253,"column":23},"end":{"line":253,"column":45}},{"start":{"line":253,"column":49},"end":{"line":253,"column":69}}],"line":253},"32":{"loc":{"start":{"line":262,"column":32},"end":{"line":264,"column":94}},"type":"cond-expr","locations":[{"start":{"line":263,"column":6},"end":{"line":263,"column":46}},{"start":{"line":264,"column":6},"end":{"line":264,"column":94}}],"line":262},"33":{"loc":{"start":{"line":276,"column":25},"end":{"line":276,"column":59}},"type":"cond-expr","locations":[{"start":{"line":276,"column":37},"end":{"line":276,"column":44}},{"start":{"line":276,"column":47},"end":{"line":276,"column":59}}],"line":276},"34":{"loc":{"start":{"line":285,"column":28},"end":{"line":291,"column":7}},"type":"cond-expr","locations":[{"start":{"line":285,"column":41},"end":{"line":289,"column":7}},{"start":{"line":289,"column":10},"end":{"line":291,"column":7}}],"line":285},"35":{"loc":{"start":{"line":294,"column":8},"end":{"line":302,"column":9}},"type":"if","locations":[{"start":{"line":294,"column":8},"end":{"line":302,"column":9}},{"start":{"line":297,"column":15},"end":{"line":302,"column":9}}],"line":294},"36":{"loc":{"start":{"line":294,"column":12},"end":{"line":294,"column":71}},"type":"binary-expr","locations":[{"start":{"line":294,"column":12},"end":{"line":294,"column":38}},{"start":{"line":294,"column":42},"end":{"line":294,"column":57}},{"start":{"line":294,"column":61},"end":{"line":294,"column":71}}],"line":294},"37":{"loc":{"start":{"line":297,"column":15},"end":{"line":302,"column":9}},"type":"if","locations":[{"start":{"line":297,"column":15},"end":{"line":302,"column":9}},{"start":{"line":300,"column":15},"end":{"line":302,"column":9}}],"line":297},"38":{"loc":{"start":{"line":297,"column":19},"end":{"line":297,"column":78}},"type":"binary-expr","locations":[{"start":{"line":297,"column":19},"end":{"line":297,"column":45}},{"start":{"line":297,"column":49},"end":{"line":297,"column":64}},{"start":{"line":297,"column":68},"end":{"line":297,"column":78}}],"line":297},"39":{"loc":{"start":{"line":300,"column":15},"end":{"line":302,"column":9}},"type":"if","locations":[{"start":{"line":300,"column":15},"end":{"line":302,"column":9}},{"start":{},"end":{}}],"line":300},"40":{"loc":{"start":{"line":300,"column":19},"end":{"line":300,"column":57}},"type":"binary-expr","locations":[{"start":{"line":300,"column":19},"end":{"line":300,"column":44}},{"start":{"line":300,"column":48},"end":{"line":300,"column":57}}],"line":300},"41":{"loc":{"start":{"line":382,"column":7},"end":{"line":406,"column":7}},"type":"binary-expr","locations":[{"start":{"line":382,"column":7},"end":{"line":382,"column":17}},{"start":{"line":383,"column":8},"end":{"line":405,"column":15}}],"line":382},"42":{"loc":{"start":{"line":415,"column":4},"end":{"line":426,"column":59}},"type":"binary-expr","locations":[{"start":{"line":415,"column":4},"end":{"line":415,"column":45}},{"start":{"line":416,"column":4},"end":{"line":416,"column":45}},{"start":{"line":417,"column":4},"end":{"line":417,"column":39}},{"start":{"line":418,"column":4},"end":{"line":418,"column":37}},{"start":{"line":419,"column":4},"end":{"line":419,"column":47}},{"start":{"line":420,"column":4},"end":{"line":420,"column":47}},{"start":{"line":421,"column":4},"end":{"line":421,"column":55}},{"start":{"line":422,"column":4},"end":{"line":422,"column":47}},{"start":{"line":423,"column":4},"end":{"line":423,"column":51}},{"start":{"line":424,"column":4},"end":{"line":424,"column":47}},{"start":{"line":425,"column":4},"end":{"line":425,"column":51}},{"start":{"line":426,"column":4},"end":{"line":426,"column":59}}],"line":415}},"s":{"0":1,"1":0,"2":42,"3":42,"4":42,"5":42,"6":42,"7":42,"8":42,"9":42,"10":42,"11":42,"12":42,"13":42,"14":42,"15":42,"16":42,"17":42,"18":42,"19":42,"20":42,"21":42,"22":0,"23":42,"24":42,"25":42,"26":42,"27":0,"28":42,"29":42,"30":42,"31":42,"32":0,"33":0,"34":0,"35":0,"36":0,"37":0,"38":0,"39":0,"40":0,"41":0,"42":0,"43":0,"44":0,"45":0,"46":0,"47":0,"48":0,"49":0,"50":0,"51":0,"52":0,"53":0,"54":0,"55":0,"56":0,"57":0,"58":0,"59":0,"60":0,"61":0,"62":0,"63":0,"64":0,"65":0,"66":0,"67":0,"68":0,"69":0,"70":0,"71":0,"72":0,"73":0,"74":0,"75":0,"76":0,"77":0,"78":0,"79":0,"80":0,"81":0,"82":0,"83":0,"84":0,"85":0,"86":0,"87":0,"88":42,"89":42,"90":42,"91":42,"92":42,"93":42,"94":0,"95":0,"96":0,"97":0,"98":0,"99":0,"100":0,"101":0,"102":0,"103":42,"104":42,"105":42,"106":42,"107":0},"f":{"0":0,"1":42,"2":42,"3":0,"4":42,"5":0,"6":42,"7":0,"8":0,"9":0,"10":0,"11":0,"12":0,"13":42,"14":0},"b":{"0":[0],"1":[0],"2":[40],"3":[0],"4":[0],"5":[38],"6":[0],"7":[40],"8":[38],"9":[40],"10":[40],"11":[0],"12":[42],"13":[40],"14":[40],"15":[42,40],"16":[0,0],"17":[0,0],"18":[0,0],"19":[0,0],"20":[0,0],"21":[0,0],"22":[0,0],"23":[0,0],"24":[0,0],"25":[0,0],"26":[0,0],"27":[0,0],"28":[0,0],"29":[0,0],"30":[42,0],"31":[42,42],"32":[2,40],"33":[2,40],"34":[40,2],"35":[0,0],"36":[0,0,0],"37":[0,0],"38":[0,0,0],"39":[0,0],"40":[0,0],"41":[42,0],"42":[0,0,0,0,0,0,0,0,0,0,0,0]},"_coverageSchema":"1a1c01bbd47fc00a2c39e90264f33305004495a9","hash":"1e1df7b73b80cb0b49c9f5817c7105e001c62575"}
,"/Users/irimwebforge/dev/apps/resetpulse/src/styles/responsive.js": {"path":"/Users/irimwebforge/dev/apps/resetpulse/src/styles/responsive.js","statementMap":{"0":{"start":{"line":4,"column":53},"end":{"line":4,"column":77}},"1":{"start":{"line":7,"column":19},"end":{"line":7,"column":22}},"2":{"start":{"line":8,"column":20},"end":{"line":8,"column":23}},"3":{"start":{"line":11,"column":29},"end":{"line":25,"column":1}},"4":{"start":{"line":12,"column":16},"end":{"line":12,"column":27}},"5":{"start":{"line":13,"column":17},"end":{"line":13,"column":29}},"6":{"start":{"line":14,"column":22},"end":{"line":14,"column":36}},"7":{"start":{"line":15,"column":22},"end":{"line":15,"column":36}},"8":{"start":{"line":17,"column":2},"end":{"line":24,"column":4}},"9":{"start":{"line":28,"column":18},"end":{"line":46,"column":1}},"10":{"start":{"line":29,"column":28},"end":{"line":29,"column":43}},"11":{"start":{"line":31,"column":2},"end":{"line":43,"column":3}},"12":{"start":{"line":32,"column":4},"end":{"line":32,"column":51}},"13":{"start":{"line":33,"column":9},"end":{"line":43,"column":3}},"14":{"start":{"line":34,"column":4},"end":{"line":34,"column":53}},"15":{"start":{"line":35,"column":9},"end":{"line":43,"column":3}},"16":{"start":{"line":37,"column":18},"end":{"line":37,"column":68}},"17":{"start":{"line":38,"column":4},"end":{"line":38,"column":36}},"18":{"start":{"line":39,"column":9},"end":{"line":43,"column":3}},"19":{"start":{"line":41,"column":18},"end":{"line":41,"column":68}},"20":{"start":{"line":42,"column":4},"end":{"line":42,"column":36}},"21":{"start":{"line":45,"column":2},"end":{"line":45,"column":14}},"22":{"start":{"line":49,"column":18},"end":{"line":60,"column":1}},"23":{"start":{"line":50,"column":30},"end":{"line":50,"column":45}},"24":{"start":{"line":51,"column":16},"end":{"line":51,"column":34}},"25":{"start":{"line":52,"column":18},"end":{"line":52,"column":34}},"26":{"start":{"line":54,"column":2},"end":{"line":57,"column":3}},"27":{"start":{"line":56,"column":4},"end":{"line":56,"column":57}},"28":{"start":{"line":59,"column":2},"end":{"line":59,"column":29}},"29":{"start":{"line":63,"column":23},"end":{"line":70,"column":1}},"30":{"start":{"line":73,"column":25},"end":{"line":117,"column":1}},"31":{"start":{"line":74,"column":41},"end":{"line":74,"column":56}},"32":{"start":{"line":76,"column":2},"end":{"line":95,"column":3}},"33":{"start":{"line":77,"column":4},"end":{"line":94,"column":6}},"34":{"start":{"line":98,"column":2},"end":{"line":116,"column":4}},"35":{"start":{"line":120,"column":34},"end":{"line":134,"column":1}},"36":{"start":{"line":121,"column":26},"end":{"line":121,"column":41}},"37":{"start":{"line":125,"column":26},"end":{"line":125,"column":56}},"38":{"start":{"line":126,"column":22},"end":{"line":126,"column":52}},"39":{"start":{"line":128,"column":2},"end":{"line":133,"column":4}},"40":{"start":{"line":137,"column":33},"end":{"line":153,"column":1}},"41":{"start":{"line":138,"column":41},"end":{"line":138,"column":56}},"42":{"start":{"line":140,"column":2},"end":{"line":152,"column":4}},"43":{"start":{"line":156,"column":30},"end":{"line":156,"column":57}},"44":{"start":{"line":156,"column":40},"end":{"line":156,"column":57}}},"fnMap":{"0":{"name":"(anonymous_0)","decl":{"start":{"line":11,"column":29},"end":{"line":11,"column":30}},"loc":{"start":{"line":11,"column":35},"end":{"line":25,"column":1}},"line":11},"1":{"name":"(anonymous_1)","decl":{"start":{"line":28,"column":18},"end":{"line":28,"column":19}},"loc":{"start":{"line":28,"column":45},"end":{"line":46,"column":1}},"line":28},"2":{"name":"(anonymous_2)","decl":{"start":{"line":49,"column":18},"end":{"line":49,"column":19}},"loc":{"start":{"line":49,"column":32},"end":{"line":60,"column":1}},"line":49},"3":{"name":"(anonymous_3)","decl":{"start":{"line":73,"column":25},"end":{"line":73,"column":26}},"loc":{"start":{"line":73,"column":31},"end":{"line":117,"column":1}},"line":73},"4":{"name":"(anonymous_4)","decl":{"start":{"line":120,"column":34},"end":{"line":120,"column":35}},"loc":{"start":{"line":120,"column":40},"end":{"line":134,"column":1}},"line":120},"5":{"name":"(anonymous_5)","decl":{"start":{"line":137,"column":33},"end":{"line":137,"column":34}},"loc":{"start":{"line":137,"column":39},"end":{"line":153,"column":1}},"line":137},"6":{"name":"(anonymous_6)","decl":{"start":{"line":156,"column":30},"end":{"line":156,"column":31}},"loc":{"start":{"line":156,"column":40},"end":{"line":156,"column":57}},"line":156}},"branchMap":{"0":{"loc":{"start":{"line":28,"column":25},"end":{"line":28,"column":40}},"type":"default-arg","locations":[{"start":{"line":28,"column":33},"end":{"line":28,"column":40}}],"line":28},"1":{"loc":{"start":{"line":31,"column":2},"end":{"line":43,"column":3}},"type":"if","locations":[{"start":{"line":31,"column":2},"end":{"line":43,"column":3}},{"start":{"line":33,"column":9},"end":{"line":43,"column":3}}],"line":31},"2":{"loc":{"start":{"line":33,"column":9},"end":{"line":43,"column":3}},"type":"if","locations":[{"start":{"line":33,"column":9},"end":{"line":43,"column":3}},{"start":{"line":35,"column":9},"end":{"line":43,"column":3}}],"line":33},"3":{"loc":{"start":{"line":35,"column":9},"end":{"line":43,"column":3}},"type":"if","locations":[{"start":{"line":35,"column":9},"end":{"line":43,"column":3}},{"start":{"line":39,"column":9},"end":{"line":43,"column":3}}],"line":35},"4":{"loc":{"start":{"line":39,"column":9},"end":{"line":43,"column":3}},"type":"if","locations":[{"start":{"line":39,"column":9},"end":{"line":43,"column":3}},{"start":{},"end":{}}],"line":39},"5":{"loc":{"start":{"line":54,"column":2},"end":{"line":57,"column":3}},"type":"if","locations":[{"start":{"line":54,"column":2},"end":{"line":57,"column":3}},{"start":{},"end":{}}],"line":54},"6":{"loc":{"start":{"line":76,"column":2},"end":{"line":95,"column":3}},"type":"if","locations":[{"start":{"line":76,"column":2},"end":{"line":95,"column":3}},{"start":{},"end":{}}],"line":76},"7":{"loc":{"start":{"line":125,"column":26},"end":{"line":125,"column":56}},"type":"cond-expr","locations":[{"start":{"line":125,"column":50},"end":{"line":125,"column":52}},{"start":{"line":125,"column":55},"end":{"line":125,"column":56}}],"line":125},"8":{"loc":{"start":{"line":126,"column":22},"end":{"line":126,"column":52}},"type":"cond-expr","locations":[{"start":{"line":126,"column":46},"end":{"line":126,"column":48}},{"start":{"line":126,"column":51},"end":{"line":126,"column":52}}],"line":126},"9":{"loc":{"start":{"line":129,"column":9},"end":{"line":129,"column":42}},"type":"cond-expr","locations":[{"start":{"line":129,"column":23},"end":{"line":129,"column":24}},{"start":{"line":129,"column":27},"end":{"line":129,"column":42}}],"line":129},"10":{"loc":{"start":{"line":130,"column":12},"end":{"line":130,"column":41}},"type":"cond-expr","locations":[{"start":{"line":130,"column":26},"end":{"line":130,"column":27}},{"start":{"line":130,"column":30},"end":{"line":130,"column":41}}],"line":130},"11":{"loc":{"start":{"line":131,"column":10},"end":{"line":131,"column":30}},"type":"cond-expr","locations":[{"start":{"line":131,"column":24},"end":{"line":131,"column":26}},{"start":{"line":131,"column":29},"end":{"line":131,"column":30}}],"line":131},"12":{"loc":{"start":{"line":132,"column":11},"end":{"line":132,"column":31}},"type":"cond-expr","locations":[{"start":{"line":132,"column":25},"end":{"line":132,"column":27}},{"start":{"line":132,"column":30},"end":{"line":132,"column":31}}],"line":132},"13":{"loc":{"start":{"line":142,"column":17},"end":{"line":142,"column":81}},"type":"cond-expr","locations":[{"start":{"line":142,"column":31},"end":{"line":142,"column":66}},{"start":{"line":142,"column":69},"end":{"line":142,"column":81}}],"line":142},"14":{"loc":{"start":{"line":145,"column":23},"end":{"line":145,"column":44}},"type":"cond-expr","locations":[{"start":{"line":145,"column":37},"end":{"line":145,"column":39}},{"start":{"line":145,"column":42},"end":{"line":145,"column":44}}],"line":145}},"s":{"0":2,"1":2,"2":2,"3":2,"4":112,"5":112,"6":112,"7":112,"8":112,"9":2,"10":112,"11":112,"12":0,"13":112,"14":0,"15":112,"16":112,"17":112,"18":0,"19":0,"20":0,"21":0,"22":2,"23":0,"24":0,"25":0,"26":0,"27":0,"28":0,"29":2,"30":2,"31":0,"32":0,"33":0,"34":0,"35":2,"36":0,"37":0,"38":0,"39":0,"40":2,"41":0,"42":0,"43":2,"44":0},"f":{"0":112,"1":112,"2":0,"3":0,"4":0,"5":0,"6":0},"b":{"0":[0],"1":[0,112],"2":[0,112],"3":[112,0],"4":[0,0],"5":[0,0],"6":[0,0],"7":[0,0],"8":[0,0],"9":[0,0],"10":[0,0],"11":[0,0],"12":[0,0],"13":[0,0],"14":[0,0]},"_coverageSchema":"1a1c01bbd47fc00a2c39e90264f33305004495a9","hash":"2095258ef21c17c327ba6d40606d7e338e47f80d"}
}
