{"/Users/irimwebforge/dev/apps/resetpulse/__tests__/test-utils.js": {"path":"/Users/irimwebforge/dev/apps/resetpulse/__tests__/test-utils.js","statementMap":{"0":{"start":{"line":14,"column":15},"end":{"line":14,"column":32}},"1":{"start":{"line":15,"column":14},"end":{"line":15,"column":18}},"2":{"start":{"line":17,"column":31},"end":{"line":17,"column":38}},"3":{"start":{"line":20,"column":4},"end":{"line":24,"column":5}},"4":{"start":{"line":21,"column":6},"end":{"line":21,"column":34}},"5":{"start":{"line":23,"column":6},"end":{"line":23,"column":16}},"6":{"start":{"line":25,"column":4},"end":{"line":25,"column":16}},"7":{"start":{"line":28,"column":28},"end":{"line":30,"column":19}},"8":{"start":{"line":29,"column":12},"end":{"line":29,"column":48}},"9":{"start":{"line":32,"column":2},"end":{"line":34,"column":5}},"10":{"start":{"line":33,"column":4},"end":{"line":33,"column":45}},"11":{"start":{"line":36,"column":2},"end":{"line":36,"column":25}},"12":{"start":{"line":36,"column":13},"end":{"line":36,"column":25}},"13":{"start":{"line":38,"column":2},"end":{"line":50,"column":4}},"14":{"start":{"line":41,"column":6},"end":{"line":43,"column":9}},"15":{"start":{"line":42,"column":8},"end":{"line":42,"column":47}},"16":{"start":{"line":46,"column":6},"end":{"line":48,"column":9}},"17":{"start":{"line":47,"column":8},"end":{"line":47,"column":27}}},"fnMap":{"0":{"name":"renderHook","decl":{"start":{"line":13,"column":16},"end":{"line":13,"column":26}},"loc":{"start":{"line":13,"column":51},"end":{"line":51,"column":1}},"line":13},"1":{"name":"TestComponent","decl":{"start":{"line":19,"column":11},"end":{"line":19,"column":24}},"loc":{"start":{"line":19,"column":27},"end":{"line":26,"column":3}},"line":19},"2":{"name":"(anonymous_2)","decl":{"start":{"line":29,"column":6},"end":{"line":29,"column":7}},"loc":{"start":{"line":29,"column":12},"end":{"line":29,"column":48}},"line":29},"3":{"name":"(anonymous_3)","decl":{"start":{"line":32,"column":6},"end":{"line":32,"column":7}},"loc":{"start":{"line":32,"column":12},"end":{"line":34,"column":3}},"line":32},"4":{"name":"(anonymous_4)","decl":{"start":{"line":40,"column":14},"end":{"line":40,"column":15}},"loc":{"start":{"line":40,"column":20},"end":{"line":44,"column":5}},"line":40},"5":{"name":"(anonymous_5)","decl":{"start":{"line":41,"column":10},"end":{"line":41,"column":11}},"loc":{"start":{"line":41,"column":16},"end":{"line":43,"column":7}},"line":41},"6":{"name":"(anonymous_6)","decl":{"start":{"line":45,"column":13},"end":{"line":45,"column":14}},"loc":{"start":{"line":45,"column":19},"end":{"line":49,"column":5}},"line":45},"7":{"name":"(anonymous_7)","decl":{"start":{"line":46,"column":10},"end":{"line":46,"column":11}},"loc":{"start":{"line":46,"column":16},"end":{"line":48,"column":7}},"line":46}},"branchMap":{"0":{"loc":{"start":{"line":13,"column":37},"end":{"line":13,"column":49}},"type":"default-arg","locations":[{"start":{"line":13,"column":47},"end":{"line":13,"column":49}}],"line":13},"1":{"loc":{"start":{"line":28,"column":28},"end":{"line":30,"column":19}},"type":"cond-expr","locations":[{"start":{"line":29,"column":6},"end":{"line":29,"column":48}},{"start":{"line":30,"column":6},"end":{"line":30,"column":19}}],"line":28},"2":{"loc":{"start":{"line":36,"column":2},"end":{"line":36,"column":25}},"type":"if","locations":[{"start":{"line":36,"column":2},"end":{"line":36,"column":25}},{"start":{},"end":{}}],"line":36}},"s":{"0":65,"1":65,"2":65,"3":85,"4":85,"5":1,"6":85,"7":65,"8":8,"9":65,"10":65,"11":65,"12":1,"13":64,"14":1,"15":1,"16":4,"17":4},"f":{"0":65,"1":85,"2":8,"3":65,"4":1,"5":1,"6":4,"7":4},"b":{"0":[57],"1":[8,57],"2":[1,64]},"_coverageSchema":"1a1c01bbd47fc00a2c39e90264f33305004495a9","hash":"9b45fc04d3cb1090a38b0864ce475ce529c89a9e"}
,"/Users/irimwebforge/dev/apps/resetpulse/src/components/timer/timerConstants.js": {"path":"/Users/irimwebforge/dev/apps/resetpulse/src/components/timer/timerConstants.js","statementMap":{"0":{"start":{"line":20,"column":26},"end":{"line":82,"column":1}},"1":{"start":{"line":85,"column":2},"end":{"line":85,"column":49}},"2":{"start":{"line":88,"column":32},"end":{"line":93,"column":1}},"3":{"start":{"line":95,"column":27},"end":{"line":101,"column":1}},"4":{"start":{"line":107,"column":25},"end":{"line":112,"column":1}},"5":{"start":{"line":114,"column":33},"end":{"line":122,"column":1}},"6":{"start":{"line":124,"column":28},"end":{"line":129,"column":1}},"7":{"start":{"line":131,"column":32},"end":{"line":138,"column":1}},"8":{"start":{"line":140,"column":31},"end":{"line":145,"column":1}},"9":{"start":{"line":147,"column":22},"end":{"line":150,"column":1}},"10":{"start":{"line":156,"column":21},"end":{"line":159,"column":1}},"11":{"start":{"line":161,"column":21},"end":{"line":169,"column":1}},"12":{"start":{"line":175,"column":20},"end":{"line":180,"column":1}},"13":{"start":{"line":182,"column":22},"end":{"line":196,"column":1}},"14":{"start":{"line":198,"column":22},"end":{"line":202,"column":1}},"15":{"start":{"line":204,"column":20},"end":{"line":206,"column":1}},"16":{"start":{"line":212,"column":31},"end":{"line":218,"column":1}},"17":{"start":{"line":220,"column":36},"end":{"line":225,"column":1}},"18":{"start":{"line":227,"column":34},"end":{"line":231,"column":1}},"19":{"start":{"line":233,"column":31},"end":{"line":236,"column":1}},"20":{"start":{"line":238,"column":27},"end":{"line":240,"column":1}},"21":{"start":{"line":243,"column":34},"end":{"line":252,"column":1}},"22":{"start":{"line":254,"column":26},"end":{"line":258,"column":1}},"23":{"start":{"line":260,"column":22},"end":{"line":263,"column":1}}},"fnMap":{"0":{"name":"getDialMode","decl":{"start":{"line":84,"column":16},"end":{"line":84,"column":27}},"loc":{"start":{"line":84,"column":34},"end":{"line":86,"column":1}},"line":84}},"branchMap":{"0":{"loc":{"start":{"line":85,"column":9},"end":{"line":85,"column":48}},"type":"binary-expr","locations":[{"start":{"line":85,"column":9},"end":{"line":85,"column":25}},{"start":{"line":85,"column":29},"end":{"line":85,"column":48}}],"line":85}},"s":{"0":2,"1":16,"2":2,"3":2,"4":2,"5":2,"6":2,"7":2,"8":2,"9":2,"10":2,"11":2,"12":2,"13":2,"14":2,"15":2,"16":2,"17":2,"18":2,"19":2,"20":2,"21":2,"22":2,"23":2},"f":{"0":16},"b":{"0":[16,0]},"_coverageSchema":"1a1c01bbd47fc00a2c39e90264f33305004495a9","hash":"dab93cee7357b9292d6354cee688496d0b6841b8"}
,"/Users/irimwebforge/dev/apps/resetpulse/src/contexts/TimerOptionsContext.jsx": {"path":"/Users/irimwebforge/dev/apps/resetpulse/src/contexts/TimerOptionsContext.jsx","statementMap":{"0":{"start":{"line":7,"column":28},"end":{"line":7,"column":47}},"1":{"start":{"line":9,"column":36},"end":{"line":164,"column":1}},"2":{"start":{"line":10,"column":36},"end":{"line":10,"column":49}},"3":{"start":{"line":13,"column":45},"end":{"line":34,"column":3}},"4":{"start":{"line":37,"column":2},"end":{"line":96,"column":31}},"5":{"start":{"line":38,"column":4},"end":{"line":38,"column":63}},"6":{"start":{"line":38,"column":56},"end":{"line":38,"column":63}},"7":{"start":{"line":40,"column":33},"end":{"line":93,"column":5}},"8":{"start":{"line":41,"column":6},"end":{"line":92,"column":7}},"9":{"start":{"line":43,"column":31},"end":{"line":43,"column":78}},"10":{"start":{"line":44,"column":8},"end":{"line":56,"column":9}},"11":{"start":{"line":45,"column":25},"end":{"line":45,"column":51}},"12":{"start":{"line":46,"column":10},"end":{"line":48,"column":11}},"13":{"start":{"line":47,"column":12},"end":{"line":47,"column":60}},"14":{"start":{"line":49,"column":10},"end":{"line":51,"column":11}},"15":{"start":{"line":50,"column":12},"end":{"line":50,"column":60}},"16":{"start":{"line":52,"column":10},"end":{"line":52,"column":61}},"17":{"start":{"line":53,"column":10},"end":{"line":55,"column":11}},"18":{"start":{"line":54,"column":12},"end":{"line":54,"column":79}},"19":{"start":{"line":59,"column":31},"end":{"line":59,"column":78}},"20":{"start":{"line":60,"column":8},"end":{"line":67,"column":9}},"21":{"start":{"line":61,"column":26},"end":{"line":61,"column":52}},"22":{"start":{"line":62,"column":10},"end":{"line":62,"column":50}},"23":{"start":{"line":63,"column":10},"end":{"line":63,"column":61}},"24":{"start":{"line":64,"column":10},"end":{"line":66,"column":11}},"25":{"start":{"line":65,"column":12},"end":{"line":65,"column":80}},"26":{"start":{"line":70,"column":35},"end":{"line":70,"column":86}},"27":{"start":{"line":71,"column":8},"end":{"line":87,"column":9}},"28":{"start":{"line":72,"column":25},"end":{"line":72,"column":55}},"29":{"start":{"line":74,"column":10},"end":{"line":76,"column":11}},"30":{"start":{"line":75,"column":12},"end":{"line":75,"column":78}},"31":{"start":{"line":77,"column":10},"end":{"line":79,"column":11}},"32":{"start":{"line":78,"column":12},"end":{"line":78,"column":72}},"33":{"start":{"line":80,"column":10},"end":{"line":82,"column":11}},"34":{"start":{"line":81,"column":12},"end":{"line":81,"column":65}},"35":{"start":{"line":83,"column":10},"end":{"line":83,"column":65}},"36":{"start":{"line":84,"column":10},"end":{"line":86,"column":11}},"37":{"start":{"line":85,"column":12},"end":{"line":85,"column":83}},"38":{"start":{"line":89,"column":8},"end":{"line":89,"column":49}},"39":{"start":{"line":91,"column":8},"end":{"line":91,"column":87}},"40":{"start":{"line":95,"column":4},"end":{"line":95,"column":27}},"41":{"start":{"line":98,"column":16},"end":{"line":152,"column":3}},"42":{"start":{"line":119,"column":29},"end":{"line":119,"column":60}},"43":{"start":{"line":120,"column":32},"end":{"line":120,"column":66}},"44":{"start":{"line":121,"column":30},"end":{"line":121,"column":62}},"45":{"start":{"line":122,"column":37},"end":{"line":122,"column":76}},"46":{"start":{"line":123,"column":34},"end":{"line":123,"column":70}},"47":{"start":{"line":124,"column":35},"end":{"line":124,"column":72}},"48":{"start":{"line":125,"column":34},"end":{"line":125,"column":70}},"49":{"start":{"line":126,"column":36},"end":{"line":126,"column":74}},"50":{"start":{"line":127,"column":27},"end":{"line":127,"column":56}},"51":{"start":{"line":128,"column":27},"end":{"line":128,"column":56}},"52":{"start":{"line":129,"column":33},"end":{"line":129,"column":68}},"53":{"start":{"line":130,"column":33},"end":{"line":130,"column":68}},"54":{"start":{"line":131,"column":36},"end":{"line":131,"column":74}},"55":{"start":{"line":132,"column":33},"end":{"line":132,"column":68}},"56":{"start":{"line":133,"column":35},"end":{"line":133,"column":72}},"57":{"start":{"line":134,"column":38},"end":{"line":134,"column":78}},"58":{"start":{"line":135,"column":39},"end":{"line":135,"column":80}},"59":{"start":{"line":139,"column":22},"end":{"line":139,"column":77}},"60":{"start":{"line":140,"column":6},"end":{"line":140,"column":48}},"61":{"start":{"line":145,"column":23},"end":{"line":145,"column":61}},"62":{"start":{"line":146,"column":6},"end":{"line":146,"column":52}},"63":{"start":{"line":147,"column":6},"end":{"line":147,"column":22}},"64":{"start":{"line":155,"column":2},"end":{"line":157,"column":3}},"65":{"start":{"line":156,"column":4},"end":{"line":156,"column":16}},"66":{"start":{"line":159,"column":2},"end":{"line":163,"column":4}},"67":{"start":{"line":166,"column":31},"end":{"line":172,"column":1}},"68":{"start":{"line":167,"column":18},"end":{"line":167,"column":49}},"69":{"start":{"line":168,"column":2},"end":{"line":170,"column":3}},"70":{"start":{"line":169,"column":4},"end":{"line":169,"column":80}},"71":{"start":{"line":171,"column":2},"end":{"line":171,"column":17}}},"fnMap":{"0":{"name":"(anonymous_0)","decl":{"start":{"line":9,"column":36},"end":{"line":9,"column":37}},"loc":{"start":{"line":9,"column":54},"end":{"line":164,"column":1}},"line":9},"1":{"name":"(anonymous_1)","decl":{"start":{"line":37,"column":12},"end":{"line":37,"column":13}},"loc":{"start":{"line":37,"column":18},"end":{"line":96,"column":3}},"line":37},"2":{"name":"(anonymous_2)","decl":{"start":{"line":40,"column":33},"end":{"line":40,"column":34}},"loc":{"start":{"line":40,"column":45},"end":{"line":93,"column":5}},"line":40},"3":{"name":"(anonymous_3)","decl":{"start":{"line":119,"column":20},"end":{"line":119,"column":21}},"loc":{"start":{"line":119,"column":29},"end":{"line":119,"column":60}},"line":119},"4":{"name":"(anonymous_4)","decl":{"start":{"line":120,"column":23},"end":{"line":120,"column":24}},"loc":{"start":{"line":120,"column":32},"end":{"line":120,"column":66}},"line":120},"5":{"name":"(anonymous_5)","decl":{"start":{"line":121,"column":21},"end":{"line":121,"column":22}},"loc":{"start":{"line":121,"column":30},"end":{"line":121,"column":62}},"line":121},"6":{"name":"(anonymous_6)","decl":{"start":{"line":122,"column":28},"end":{"line":122,"column":29}},"loc":{"start":{"line":122,"column":37},"end":{"line":122,"column":76}},"line":122},"7":{"name":"(anonymous_7)","decl":{"start":{"line":123,"column":25},"end":{"line":123,"column":26}},"loc":{"start":{"line":123,"column":34},"end":{"line":123,"column":70}},"line":123},"8":{"name":"(anonymous_8)","decl":{"start":{"line":124,"column":26},"end":{"line":124,"column":27}},"loc":{"start":{"line":124,"column":35},"end":{"line":124,"column":72}},"line":124},"9":{"name":"(anonymous_9)","decl":{"start":{"line":125,"column":25},"end":{"line":125,"column":26}},"loc":{"start":{"line":125,"column":34},"end":{"line":125,"column":70}},"line":125},"10":{"name":"(anonymous_10)","decl":{"start":{"line":126,"column":27},"end":{"line":126,"column":28}},"loc":{"start":{"line":126,"column":36},"end":{"line":126,"column":74}},"line":126},"11":{"name":"(anonymous_11)","decl":{"start":{"line":127,"column":18},"end":{"line":127,"column":19}},"loc":{"start":{"line":127,"column":27},"end":{"line":127,"column":56}},"line":127},"12":{"name":"(anonymous_12)","decl":{"start":{"line":128,"column":18},"end":{"line":128,"column":19}},"loc":{"start":{"line":128,"column":27},"end":{"line":128,"column":56}},"line":128},"13":{"name":"(anonymous_13)","decl":{"start":{"line":129,"column":24},"end":{"line":129,"column":25}},"loc":{"start":{"line":129,"column":33},"end":{"line":129,"column":68}},"line":129},"14":{"name":"(anonymous_14)","decl":{"start":{"line":130,"column":24},"end":{"line":130,"column":25}},"loc":{"start":{"line":130,"column":33},"end":{"line":130,"column":68}},"line":130},"15":{"name":"(anonymous_15)","decl":{"start":{"line":131,"column":27},"end":{"line":131,"column":28}},"loc":{"start":{"line":131,"column":36},"end":{"line":131,"column":74}},"line":131},"16":{"name":"(anonymous_16)","decl":{"start":{"line":132,"column":24},"end":{"line":132,"column":25}},"loc":{"start":{"line":132,"column":33},"end":{"line":132,"column":68}},"line":132},"17":{"name":"(anonymous_17)","decl":{"start":{"line":133,"column":26},"end":{"line":133,"column":27}},"loc":{"start":{"line":133,"column":35},"end":{"line":133,"column":72}},"line":133},"18":{"name":"(anonymous_18)","decl":{"start":{"line":134,"column":29},"end":{"line":134,"column":30}},"loc":{"start":{"line":134,"column":38},"end":{"line":134,"column":78}},"line":134},"19":{"name":"(anonymous_19)","decl":{"start":{"line":135,"column":30},"end":{"line":135,"column":31}},"loc":{"start":{"line":135,"column":39},"end":{"line":135,"column":80}},"line":135},"20":{"name":"(anonymous_20)","decl":{"start":{"line":138,"column":26},"end":{"line":138,"column":27}},"loc":{"start":{"line":138,"column":52},"end":{"line":141,"column":5}},"line":138},"21":{"name":"(anonymous_21)","decl":{"start":{"line":144,"column":30},"end":{"line":144,"column":31}},"loc":{"start":{"line":144,"column":36},"end":{"line":148,"column":5}},"line":144},"22":{"name":"(anonymous_22)","decl":{"start":{"line":166,"column":31},"end":{"line":166,"column":32}},"loc":{"start":{"line":166,"column":37},"end":{"line":172,"column":1}},"line":166}},"branchMap":{"0":{"loc":{"start":{"line":38,"column":4},"end":{"line":38,"column":63}},"type":"if","locations":[{"start":{"line":38,"column":4},"end":{"line":38,"column":63}},{"start":{},"end":{}}],"line":38},"1":{"loc":{"start":{"line":38,"column":8},"end":{"line":38,"column":54}},"type":"binary-expr","locations":[{"start":{"line":38,"column":8},"end":{"line":38,"column":17}},{"start":{"line":38,"column":21},"end":{"line":38,"column":54}}],"line":38},"2":{"loc":{"start":{"line":44,"column":8},"end":{"line":56,"column":9}},"type":"if","locations":[{"start":{"line":44,"column":8},"end":{"line":56,"column":9}},{"start":{},"end":{}}],"line":44},"3":{"loc":{"start":{"line":46,"column":10},"end":{"line":48,"column":11}},"type":"if","locations":[{"start":{"line":46,"column":10},"end":{"line":48,"column":11}},{"start":{},"end":{}}],"line":46},"4":{"loc":{"start":{"line":49,"column":10},"end":{"line":51,"column":11}},"type":"if","locations":[{"start":{"line":49,"column":10},"end":{"line":51,"column":11}},{"start":{},"end":{}}],"line":49},"5":{"loc":{"start":{"line":53,"column":10},"end":{"line":55,"column":11}},"type":"if","locations":[{"start":{"line":53,"column":10},"end":{"line":55,"column":11}},{"start":{},"end":{}}],"line":53},"6":{"loc":{"start":{"line":60,"column":8},"end":{"line":67,"column":9}},"type":"if","locations":[{"start":{"line":60,"column":8},"end":{"line":67,"column":9}},{"start":{},"end":{}}],"line":60},"7":{"loc":{"start":{"line":64,"column":10},"end":{"line":66,"column":11}},"type":"if","locations":[{"start":{"line":64,"column":10},"end":{"line":66,"column":11}},{"start":{},"end":{}}],"line":64},"8":{"loc":{"start":{"line":71,"column":8},"end":{"line":87,"column":9}},"type":"if","locations":[{"start":{"line":71,"column":8},"end":{"line":87,"column":9}},{"start":{},"end":{}}],"line":71},"9":{"loc":{"start":{"line":74,"column":10},"end":{"line":76,"column":11}},"type":"if","locations":[{"start":{"line":74,"column":10},"end":{"line":76,"column":11}},{"start":{},"end":{}}],"line":74},"10":{"loc":{"start":{"line":77,"column":10},"end":{"line":79,"column":11}},"type":"if","locations":[{"start":{"line":77,"column":10},"end":{"line":79,"column":11}},{"start":{},"end":{}}],"line":77},"11":{"loc":{"start":{"line":80,"column":10},"end":{"line":82,"column":11}},"type":"if","locations":[{"start":{"line":80,"column":10},"end":{"line":82,"column":11}},{"start":{},"end":{}}],"line":80},"12":{"loc":{"start":{"line":84,"column":10},"end":{"line":86,"column":11}},"type":"if","locations":[{"start":{"line":84,"column":10},"end":{"line":86,"column":11}},{"start":{},"end":{}}],"line":84},"13":{"loc":{"start":{"line":145,"column":24},"end":{"line":145,"column":56}},"type":"binary-expr","locations":[{"start":{"line":145,"column":24},"end":{"line":145,"column":51}},{"start":{"line":145,"column":55},"end":{"line":145,"column":56}}],"line":145},"14":{"loc":{"start":{"line":155,"column":2},"end":{"line":157,"column":3}},"type":"if","locations":[{"start":{"line":155,"column":2},"end":{"line":157,"column":3}},{"start":{},"end":{}}],"line":155},"15":{"loc":{"start":{"line":168,"column":2},"end":{"line":170,"column":3}},"type":"if","locations":[{"start":{"line":168,"column":2},"end":{"line":170,"column":3}},{"start":{},"end":{}}],"line":168}},"s":{"0":1,"1":1,"2":8,"3":8,"4":8,"5":8,"6":0,"7":8,"8":8,"9":8,"10":8,"11":0,"12":0,"13":0,"14":0,"15":0,"16":0,"17":0,"18":0,"19":8,"20":8,"21":0,"22":0,"23":0,"24":0,"25":0,"26":8,"27":8,"28":0,"29":0,"30":0,"31":0,"32":0,"33":0,"34":0,"35":0,"36":0,"37":0,"38":8,"39":0,"40":8,"41":8,"42":1,"43":0,"44":0,"45":0,"46":0,"47":0,"48":0,"49":0,"50":0,"51":0,"52":0,"53":0,"54":0,"55":0,"56":0,"57":0,"58":0,"59":1,"60":1,"61":1,"62":1,"63":1,"64":8,"65":0,"66":8,"67":1,"68":9,"69":9,"70":1,"71":8},"f":{"0":8,"1":8,"2":8,"3":1,"4":0,"5":0,"6":0,"7":0,"8":0,"9":0,"10":0,"11":0,"12":0,"13":0,"14":0,"15":0,"16":0,"17":0,"18":0,"19":0,"20":1,"21":1,"22":9},"b":{"0":[0,8],"1":[8,8],"2":[0,8],"3":[0,0],"4":[0,0],"5":[0,0],"6":[0,8],"7":[0,0],"8":[0,8],"9":[0,0],"10":[0,0],"11":[0,0],"12":[0,0],"13":[1,0],"14":[0,8],"15":[1,8]},"_coverageSchema":"1a1c01bbd47fc00a2c39e90264f33305004495a9","hash":"ff89d6ec0c36032a21db667098b79e933009df57"}
,"/Users/irimwebforge/dev/apps/resetpulse/src/hooks/useCustomActivities.js": {"path":"/Users/irimwebforge/dev/apps/resetpulse/src/hooks/useCustomActivities.js","statementMap":{"0":{"start":{"line":7,"column":20},"end":{"line":7,"column":50}},"1":{"start":{"line":8,"column":31},"end":{"line":8,"column":34}},"2":{"start":{"line":23,"column":35},"end":{"line":129,"column":1}},"3":{"start":{"line":24,"column":61},"end":{"line":27,"column":3}},"4":{"start":{"line":36,"column":25},"end":{"line":53,"column":3}},"5":{"start":{"line":37,"column":24},"end":{"line":49,"column":5}},"6":{"start":{"line":51,"column":4},"end":{"line":51,"column":58}},"7":{"start":{"line":51,"column":34},"end":{"line":51,"column":56}},"8":{"start":{"line":52,"column":4},"end":{"line":52,"column":23}},"9":{"start":{"line":60,"column":25},"end":{"line":74,"column":3}},"10":{"start":{"line":61,"column":4},"end":{"line":73,"column":6}},"11":{"start":{"line":62,"column":6},"end":{"line":72,"column":8}},"12":{"start":{"line":63,"column":8},"end":{"line":70,"column":9}},"13":{"start":{"line":64,"column":26},"end":{"line":64,"column":53}},"14":{"start":{"line":66,"column":10},"end":{"line":68,"column":11}},"15":{"start":{"line":67,"column":12},"end":{"line":67,"column":41}},"16":{"start":{"line":69,"column":10},"end":{"line":69,"column":25}},"17":{"start":{"line":71,"column":8},"end":{"line":71,"column":24}},"18":{"start":{"line":80,"column":25},"end":{"line":82,"column":3}},"19":{"start":{"line":81,"column":4},"end":{"line":81,"column":81}},"20":{"start":{"line":81,"column":34},"end":{"line":81,"column":79}},"21":{"start":{"line":81,"column":60},"end":{"line":81,"column":78}},"22":{"start":{"line":88,"column":25},"end":{"line":100,"column":3}},"23":{"start":{"line":89,"column":4},"end":{"line":99,"column":6}},"24":{"start":{"line":90,"column":6},"end":{"line":98,"column":8}},"25":{"start":{"line":91,"column":8},"end":{"line":96,"column":9}},"26":{"start":{"line":92,"column":10},"end":{"line":95,"column":12}},"27":{"start":{"line":97,"column":8},"end":{"line":97,"column":24}},"28":{"start":{"line":107,"column":26},"end":{"line":109,"column":3}},"29":{"start":{"line":108,"column":4},"end":{"line":108,"column":67}},"30":{"start":{"line":108,"column":47},"end":{"line":108,"column":65}},"31":{"start":{"line":115,"column":35},"end":{"line":117,"column":3}},"32":{"start":{"line":116,"column":4},"end":{"line":116,"column":35}},"33":{"start":{"line":119,"column":2},"end":{"line":128,"column":4}}},"fnMap":{"0":{"name":"(anonymous_0)","decl":{"start":{"line":23,"column":35},"end":{"line":23,"column":36}},"loc":{"start":{"line":23,"column":41},"end":{"line":129,"column":1}},"line":23},"1":{"name":"(anonymous_1)","decl":{"start":{"line":36,"column":25},"end":{"line":36,"column":26}},"loc":{"start":{"line":36,"column":59},"end":{"line":53,"column":3}},"line":36},"2":{"name":"(anonymous_2)","decl":{"start":{"line":51,"column":24},"end":{"line":51,"column":25}},"loc":{"start":{"line":51,"column":34},"end":{"line":51,"column":56}},"line":51},"3":{"name":"(anonymous_3)","decl":{"start":{"line":60,"column":25},"end":{"line":60,"column":26}},"loc":{"start":{"line":60,"column":42},"end":{"line":74,"column":3}},"line":60},"4":{"name":"(anonymous_4)","decl":{"start":{"line":61,"column":24},"end":{"line":61,"column":25}},"loc":{"start":{"line":62,"column":6},"end":{"line":72,"column":8}},"line":62},"5":{"name":"(anonymous_5)","decl":{"start":{"line":62,"column":15},"end":{"line":62,"column":16}},"loc":{"start":{"line":62,"column":29},"end":{"line":72,"column":7}},"line":62},"6":{"name":"(anonymous_6)","decl":{"start":{"line":80,"column":25},"end":{"line":80,"column":26}},"loc":{"start":{"line":80,"column":33},"end":{"line":82,"column":3}},"line":80},"7":{"name":"(anonymous_7)","decl":{"start":{"line":81,"column":24},"end":{"line":81,"column":25}},"loc":{"start":{"line":81,"column":34},"end":{"line":81,"column":79}},"line":81},"8":{"name":"(anonymous_8)","decl":{"start":{"line":81,"column":46},"end":{"line":81,"column":47}},"loc":{"start":{"line":81,"column":60},"end":{"line":81,"column":78}},"line":81},"9":{"name":"(anonymous_9)","decl":{"start":{"line":88,"column":25},"end":{"line":88,"column":26}},"loc":{"start":{"line":88,"column":33},"end":{"line":100,"column":3}},"line":88},"10":{"name":"(anonymous_10)","decl":{"start":{"line":89,"column":24},"end":{"line":89,"column":25}},"loc":{"start":{"line":90,"column":6},"end":{"line":98,"column":8}},"line":90},"11":{"name":"(anonymous_11)","decl":{"start":{"line":90,"column":15},"end":{"line":90,"column":16}},"loc":{"start":{"line":90,"column":29},"end":{"line":98,"column":7}},"line":90},"12":{"name":"(anonymous_12)","decl":{"start":{"line":107,"column":26},"end":{"line":107,"column":27}},"loc":{"start":{"line":107,"column":34},"end":{"line":109,"column":3}},"line":107},"13":{"name":"(anonymous_13)","decl":{"start":{"line":108,"column":33},"end":{"line":108,"column":34}},"loc":{"start":{"line":108,"column":47},"end":{"line":108,"column":65}},"line":108},"14":{"name":"(anonymous_14)","decl":{"start":{"line":115,"column":35},"end":{"line":115,"column":36}},"loc":{"start":{"line":115,"column":41},"end":{"line":117,"column":3}},"line":115}},"branchMap":{"0":{"loc":{"start":{"line":63,"column":8},"end":{"line":70,"column":9}},"type":"if","locations":[{"start":{"line":63,"column":8},"end":{"line":70,"column":9}},{"start":{},"end":{}}],"line":63},"1":{"loc":{"start":{"line":66,"column":10},"end":{"line":68,"column":11}},"type":"if","locations":[{"start":{"line":66,"column":10},"end":{"line":68,"column":11}},{"start":{},"end":{}}],"line":66},"2":{"loc":{"start":{"line":91,"column":8},"end":{"line":96,"column":9}},"type":"if","locations":[{"start":{"line":91,"column":8},"end":{"line":96,"column":9}},{"start":{},"end":{}}],"line":91},"3":{"loc":{"start":{"line":94,"column":24},"end":{"line":94,"column":47}},"type":"binary-expr","locations":[{"start":{"line":94,"column":24},"end":{"line":94,"column":42}},{"start":{"line":94,"column":46},"end":{"line":94,"column":47}}],"line":94}},"s":{"0":1,"1":1,"2":1,"3":17,"4":17,"5":6,"6":6,"7":6,"8":6,"9":17,"10":2,"11":2,"12":1,"13":1,"14":1,"15":1,"16":1,"17":0,"18":17,"19":1,"20":1,"21":2,"22":17,"23":2,"24":2,"25":2,"26":2,"27":0,"28":17,"29":2,"30":3,"31":17,"32":2,"33":17},"f":{"0":17,"1":6,"2":6,"3":2,"4":2,"5":1,"6":1,"7":1,"8":2,"9":2,"10":2,"11":2,"12":2,"13":3,"14":2},"b":{"0":[1,0],"1":[1,0],"2":[2,0],"3":[2,1]},"_coverageSchema":"1a1c01bbd47fc00a2c39e90264f33305004495a9","hash":"4e7ac846137ec22faecaa769d05ca0e7e176bf0f"}
,"/Users/irimwebforge/dev/apps/resetpulse/src/hooks/useDialOrientation.js": {"path":"/Users/irimwebforge/dev/apps/resetpulse/src/hooks/useDialOrientation.js","statementMap":{"0":{"start":{"line":13,"column":17},"end":{"line":27,"column":17}},"1":{"start":{"line":14,"column":23},"end":{"line":14,"column":45}},"2":{"start":{"line":15,"column":23},"end":{"line":15,"column":44}},"3":{"start":{"line":16,"column":29},"end":{"line":16,"column":45}},"4":{"start":{"line":18,"column":4},"end":{"line":26,"column":6}},"5":{"start":{"line":34,"column":25},"end":{"line":52,"column":27}},"6":{"start":{"line":36,"column":21},"end":{"line":36,"column":34}},"7":{"start":{"line":37,"column":4},"end":{"line":37,"column":38}},"8":{"start":{"line":37,"column":29},"end":{"line":37,"column":38}},"9":{"start":{"line":42,"column":29},"end":{"line":42,"column":51}},"10":{"start":{"line":44,"column":4},"end":{"line":48,"column":5}},"11":{"start":{"line":45,"column":6},"end":{"line":45,"column":70}},"12":{"start":{"line":47,"column":6},"end":{"line":47,"column":78}},"13":{"start":{"line":51,"column":4},"end":{"line":51,"column":61}},"14":{"start":{"line":59,"column":25},"end":{"line":78,"column":27}},"15":{"start":{"line":61,"column":23},"end":{"line":61,"column":38}},"16":{"start":{"line":62,"column":4},"end":{"line":67,"column":5}},"17":{"start":{"line":64,"column":6},"end":{"line":64,"column":64}},"18":{"start":{"line":64,"column":35},"end":{"line":64,"column":64}},"19":{"start":{"line":65,"column":6},"end":{"line":65,"column":65}},"20":{"start":{"line":65,"column":36},"end":{"line":65,"column":65}},"21":{"start":{"line":66,"column":6},"end":{"line":66,"column":15}},"22":{"start":{"line":70,"column":27},"end":{"line":70,"column":79}},"23":{"start":{"line":71,"column":22},"end":{"line":71,"column":62}},"24":{"start":{"line":73,"column":4},"end":{"line":77,"column":5}},"25":{"start":{"line":74,"column":6},"end":{"line":74,"column":23}},"26":{"start":{"line":76,"column":6},"end":{"line":76,"column":29}},"27":{"start":{"line":88,"column":31},"end":{"line":97,"column":22}},"28":{"start":{"line":89,"column":15},"end":{"line":89,"column":26}},"29":{"start":{"line":90,"column":15},"end":{"line":90,"column":26}},"30":{"start":{"line":93,"column":18},"end":{"line":93,"column":59}},"31":{"start":{"line":94,"column":28},"end":{"line":94,"column":59}},"32":{"start":{"line":96,"column":4},"end":{"line":96,"column":43}},"33":{"start":{"line":107,"column":26},"end":{"line":137,"column":19}},"34":{"start":{"line":108,"column":4},"end":{"line":108,"column":33}},"35":{"start":{"line":108,"column":23},"end":{"line":108,"column":33}},"36":{"start":{"line":109,"column":4},"end":{"line":109,"column":40}},"37":{"start":{"line":109,"column":28},"end":{"line":109,"column":40}},"38":{"start":{"line":111,"column":26},"end":{"line":111,"column":40}},"39":{"start":{"line":112,"column":27},"end":{"line":112,"column":33}},"40":{"start":{"line":114,"column":4},"end":{"line":136,"column":5}},"41":{"start":{"line":115,"column":19},"end":{"line":115,"column":87}},"42":{"start":{"line":116,"column":19},"end":{"line":116,"column":87}},"43":{"start":{"line":118,"column":6},"end":{"line":124,"column":8}},"44":{"start":{"line":126,"column":19},"end":{"line":126,"column":87}},"45":{"start":{"line":127,"column":19},"end":{"line":127,"column":87}},"46":{"start":{"line":129,"column":6},"end":{"line":135,"column":8}},"47":{"start":{"line":146,"column":29},"end":{"line":165,"column":83}},"48":{"start":{"line":147,"column":20},"end":{"line":147,"column":22}},"49":{"start":{"line":148,"column":21},"end":{"line":148,"column":42}},"50":{"start":{"line":149,"column":18},"end":{"line":149,"column":62}},"51":{"start":{"line":151,"column":4},"end":{"line":162,"column":5}},"52":{"start":{"line":151,"column":17},"end":{"line":151,"column":18}},"53":{"start":{"line":152,"column":21},"end":{"line":152,"column":33}},"54":{"start":{"line":153,"column":6},"end":{"line":153,"column":44}},"55":{"start":{"line":153,"column":38},"end":{"line":153,"column":44}},"56":{"start":{"line":155,"column":20},"end":{"line":155,"column":47}},"57":{"start":{"line":156,"column":16},"end":{"line":156,"column":68}},"58":{"start":{"line":157,"column":16},"end":{"line":157,"column":68}},"59":{"start":{"line":160,"column":27},"end":{"line":160,"column":67}},"60":{"start":{"line":161,"column":6},"end":{"line":161,"column":50}},"61":{"start":{"line":164,"column":4},"end":{"line":164,"column":19}},"62":{"start":{"line":174,"column":29},"end":{"line":198,"column":51}},"63":{"start":{"line":175,"column":18},"end":{"line":175,"column":20}},"64":{"start":{"line":176,"column":23},"end":{"line":176,"column":40}},"65":{"start":{"line":178,"column":4},"end":{"line":195,"column":5}},"66":{"start":{"line":178,"column":17},"end":{"line":178,"column":18}},"67":{"start":{"line":179,"column":22},"end":{"line":179,"column":56}},"68":{"start":{"line":180,"column":20},"end":{"line":180,"column":49}},"69":{"start":{"line":182,"column":25},"end":{"line":182,"column":64}},"70":{"start":{"line":183,"column":26},"end":{"line":183,"column":45}},"71":{"start":{"line":185,"column":17},"end":{"line":185,"column":74}},"72":{"start":{"line":186,"column":17},"end":{"line":186,"column":74}},"73":{"start":{"line":187,"column":17},"end":{"line":187,"column":69}},"74":{"start":{"line":188,"column":17},"end":{"line":188,"column":69}},"75":{"start":{"line":190,"column":6},"end":{"line":194,"column":9}},"76":{"start":{"line":197,"column":4},"end":{"line":197,"column":17}},"77":{"start":{"line":200,"column":2},"end":{"line":214,"column":4}}},"fnMap":{"0":{"name":"useDialOrientation","decl":{"start":{"line":11,"column":16},"end":{"line":11,"column":34}},"loc":{"start":{"line":11,"column":59},"end":{"line":215,"column":1}},"line":11},"1":{"name":"(anonymous_1)","decl":{"start":{"line":13,"column":25},"end":{"line":13,"column":26}},"loc":{"start":{"line":13,"column":31},"end":{"line":27,"column":3}},"line":13},"2":{"name":"(anonymous_2)","decl":{"start":{"line":34,"column":37},"end":{"line":34,"column":38}},"loc":{"start":{"line":34,"column":48},"end":{"line":52,"column":3}},"line":34},"3":{"name":"(anonymous_3)","decl":{"start":{"line":59,"column":37},"end":{"line":59,"column":38}},"loc":{"start":{"line":59,"column":50},"end":{"line":78,"column":3}},"line":59},"4":{"name":"(anonymous_4)","decl":{"start":{"line":88,"column":43},"end":{"line":88,"column":44}},"loc":{"start":{"line":88,"column":71},"end":{"line":97,"column":3}},"line":88},"5":{"name":"(anonymous_5)","decl":{"start":{"line":107,"column":38},"end":{"line":107,"column":39}},"loc":{"start":{"line":107,"column":78},"end":{"line":137,"column":3}},"line":107},"6":{"name":"(anonymous_6)","decl":{"start":{"line":146,"column":41},"end":{"line":146,"column":42}},"loc":{"start":{"line":146,"column":71},"end":{"line":165,"column":3}},"line":146},"7":{"name":"(anonymous_7)","decl":{"start":{"line":174,"column":41},"end":{"line":174,"column":42}},"loc":{"start":{"line":174,"column":71},"end":{"line":198,"column":3}},"line":174}},"branchMap":{"0":{"loc":{"start":{"line":25,"column":18},"end":{"line":25,"column":48}},"type":"binary-expr","locations":[{"start":{"line":25,"column":18},"end":{"line":25,"column":39}},{"start":{"line":25,"column":43},"end":{"line":25,"column":48}}],"line":25},"1":{"loc":{"start":{"line":37,"column":4},"end":{"line":37,"column":38}},"type":"if","locations":[{"start":{"line":37,"column":4},"end":{"line":37,"column":38}},{"start":{},"end":{}}],"line":37},"2":{"loc":{"start":{"line":44,"column":4},"end":{"line":48,"column":5}},"type":"if","locations":[{"start":{"line":44,"column":4},"end":{"line":48,"column":5}},{"start":{"line":46,"column":11},"end":{"line":48,"column":5}}],"line":44},"3":{"loc":{"start":{"line":62,"column":4},"end":{"line":67,"column":5}},"type":"if","locations":[{"start":{"line":62,"column":4},"end":{"line":67,"column":5}},{"start":{},"end":{}}],"line":62},"4":{"loc":{"start":{"line":64,"column":6},"end":{"line":64,"column":64}},"type":"if","locations":[{"start":{"line":64,"column":6},"end":{"line":64,"column":64}},{"start":{},"end":{}}],"line":64},"5":{"loc":{"start":{"line":64,"column":42},"end":{"line":64,"column":63}},"type":"cond-expr","locations":[{"start":{"line":64,"column":56},"end":{"line":64,"column":59}},{"start":{"line":64,"column":62},"end":{"line":64,"column":63}}],"line":64},"6":{"loc":{"start":{"line":65,"column":6},"end":{"line":65,"column":65}},"type":"if","locations":[{"start":{"line":65,"column":6},"end":{"line":65,"column":65}},{"start":{},"end":{}}],"line":65},"7":{"loc":{"start":{"line":65,"column":43},"end":{"line":65,"column":64}},"type":"cond-expr","locations":[{"start":{"line":65,"column":57},"end":{"line":65,"column":58}},{"start":{"line":65,"column":61},"end":{"line":65,"column":64}}],"line":65},"8":{"loc":{"start":{"line":73,"column":4},"end":{"line":77,"column":5}},"type":"if","locations":[{"start":{"line":73,"column":4},"end":{"line":77,"column":5}},{"start":{"line":75,"column":11},"end":{"line":77,"column":5}}],"line":73},"9":{"loc":{"start":{"line":94,"column":28},"end":{"line":94,"column":59}},"type":"cond-expr","locations":[{"start":{"line":94,"column":40},"end":{"line":94,"column":51}},{"start":{"line":94,"column":54},"end":{"line":94,"column":59}}],"line":94},"10":{"loc":{"start":{"line":108,"column":4},"end":{"line":108,"column":33}},"type":"if","locations":[{"start":{"line":108,"column":4},"end":{"line":108,"column":33}},{"start":{},"end":{}}],"line":108},"11":{"loc":{"start":{"line":109,"column":4},"end":{"line":109,"column":40}},"type":"if","locations":[{"start":{"line":109,"column":4},"end":{"line":109,"column":40}},{"start":{},"end":{}}],"line":109},"12":{"loc":{"start":{"line":114,"column":4},"end":{"line":136,"column":5}},"type":"if","locations":[{"start":{"line":114,"column":4},"end":{"line":136,"column":5}},{"start":{"line":125,"column":11},"end":{"line":136,"column":5}}],"line":114},"13":{"loc":{"start":{"line":121,"column":50},"end":{"line":121,"column":77}},"type":"cond-expr","locations":[{"start":{"line":121,"column":72},"end":{"line":121,"column":73}},{"start":{"line":121,"column":76},"end":{"line":121,"column":77}}],"line":121},"14":{"loc":{"start":{"line":132,"column":50},"end":{"line":132,"column":77}},"type":"cond-expr","locations":[{"start":{"line":132,"column":72},"end":{"line":132,"column":73}},{"start":{"line":132,"column":76},"end":{"line":132,"column":77}}],"line":132},"15":{"loc":{"start":{"line":153,"column":6},"end":{"line":153,"column":44}},"type":"if","locations":[{"start":{"line":153,"column":6},"end":{"line":153,"column":44}},{"start":{},"end":{}}],"line":153},"16":{"loc":{"start":{"line":160,"column":27},"end":{"line":160,"column":67}},"type":"cond-expr","locations":[{"start":{"line":160,"column":47},"end":{"line":160,"column":58}},{"start":{"line":160,"column":61},"end":{"line":160,"column":67}}],"line":160},"17":{"loc":{"start":{"line":182,"column":25},"end":{"line":182,"column":64}},"type":"cond-expr","locations":[{"start":{"line":182,"column":35},"end":{"line":182,"column":48}},{"start":{"line":182,"column":51},"end":{"line":182,"column":64}}],"line":182}},"s":{"0":16,"1":16,"2":16,"3":16,"4":16,"5":16,"6":31,"7":31,"8":5,"9":26,"10":26,"11":22,"12":4,"13":26,"14":16,"15":22,"16":22,"17":5,"18":1,"19":4,"20":1,"21":3,"22":17,"23":17,"24":17,"25":13,"26":4,"27":16,"28":0,"29":0,"30":0,"31":0,"32":0,"33":16,"34":0,"35":0,"36":0,"37":0,"38":0,"39":0,"40":0,"41":0,"42":0,"43":0,"44":0,"45":0,"46":0,"47":16,"48":0,"49":0,"50":0,"51":0,"52":0,"53":0,"54":0,"55":0,"56":0,"57":0,"58":0,"59":0,"60":0,"61":0,"62":16,"63":0,"64":0,"65":0,"66":0,"67":0,"68":0,"69":0,"70":0,"71":0,"72":0,"73":0,"74":0,"75":0,"76":0,"77":16},"f":{"0":16,"1":16,"2":31,"3":22,"4":0,"5":0,"6":0,"7":0},"b":{"0":[16,16],"1":[5,26],"2":[22,4],"3":[5,17],"4":[1,4],"5":[1,0],"6":[1,3],"7":[1,0],"8":[13,4],"9":[0,0],"10":[0,0],"11":[0,0],"12":[0,0],"13":[0,0],"14":[0,0],"15":[0,0],"16":[0,0],"17":[0,0]},"_coverageSchema":"1a1c01bbd47fc00a2c39e90264f33305004495a9","hash":"52c91e826f8e89fe05c06a94aba76ca4b70d2db2"}
,"/Users/irimwebforge/dev/apps/resetpulse/src/hooks/useNotificationTimer.js": {"path":"/Users/irimwebforge/dev/apps/resetpulse/src/hooks/useNotificationTimer.js","statementMap":{"0":{"start":{"line":8,"column":29},"end":{"line":8,"column":34}},"1":{"start":{"line":9,"column":0},"end":{"line":24,"column":1}},"2":{"start":{"line":10,"column":2},"end":{"line":17,"column":5}},"3":{"start":{"line":11,"column":37},"end":{"line":16,"column":5}},"4":{"start":{"line":18,"column":2},"end":{"line":18,"column":32}},"5":{"start":{"line":21,"column":2},"end":{"line":23,"column":3}},"6":{"start":{"line":22,"column":4},"end":{"line":22,"column":84}},"7":{"start":{"line":28,"column":28},"end":{"line":50,"column":1}},"8":{"start":{"line":29,"column":2},"end":{"line":29,"column":40}},"9":{"start":{"line":29,"column":33},"end":{"line":29,"column":40}},"10":{"start":{"line":31,"column":2},"end":{"line":49,"column":3}},"11":{"start":{"line":32,"column":4},"end":{"line":42,"column":7}},"12":{"start":{"line":44,"column":4},"end":{"line":46,"column":5}},"13":{"start":{"line":45,"column":6},"end":{"line":45,"column":68}},"14":{"start":{"line":48,"column":4},"end":{"line":48,"column":85}},"15":{"start":{"line":53,"column":0},"end":{"line":53,"column":22}},"16":{"start":{"line":56,"column":28},"end":{"line":56,"column":40}},"17":{"start":{"line":57,"column":22},"end":{"line":57,"column":51}},"18":{"start":{"line":60,"column":2},"end":{"line":83,"column":9}},"19":{"start":{"line":61,"column":31},"end":{"line":71,"column":5}},"20":{"start":{"line":62,"column":6},"end":{"line":70,"column":7}},"21":{"start":{"line":63,"column":27},"end":{"line":63,"column":72}},"22":{"start":{"line":65,"column":8},"end":{"line":67,"column":9}},"23":{"start":{"line":66,"column":10},"end":{"line":66,"column":62}},"24":{"start":{"line":69,"column":8},"end":{"line":69,"column":86}},"25":{"start":{"line":73,"column":4},"end":{"line":73,"column":25}},"26":{"start":{"line":76,"column":25},"end":{"line":78,"column":6}},"27":{"start":{"line":77,"column":6},"end":{"line":77,"column":41}},"28":{"start":{"line":80,"column":4},"end":{"line":82,"column":6}},"29":{"start":{"line":81,"column":6},"end":{"line":81,"column":28}},"30":{"start":{"line":86,"column":36},"end":{"line":136,"column":3}},"31":{"start":{"line":88,"column":4},"end":{"line":90,"column":5}},"32":{"start":{"line":89,"column":6},"end":{"line":89,"column":18}},"33":{"start":{"line":92,"column":4},"end":{"line":135,"column":5}},"34":{"start":{"line":94,"column":6},"end":{"line":96,"column":7}},"35":{"start":{"line":95,"column":8},"end":{"line":95,"column":88}},"36":{"start":{"line":99,"column":18},"end":{"line":99,"column":28}},"37":{"start":{"line":100,"column":22},"end":{"line":100,"column":62}},"38":{"start":{"line":101,"column":25},"end":{"line":105,"column":8}},"39":{"start":{"line":108,"column":17},"end":{"line":120,"column":8}},"40":{"start":{"line":122,"column":6},"end":{"line":122,"column":37}},"41":{"start":{"line":124,"column":6},"end":{"line":128,"column":7}},"42":{"start":{"line":125,"column":24},"end":{"line":125,"column":48}},"43":{"start":{"line":126,"column":21},"end":{"line":126,"column":33}},"44":{"start":{"line":127,"column":8},"end":{"line":127,"column":153}},"45":{"start":{"line":130,"column":6},"end":{"line":130,"column":16}},"46":{"start":{"line":132,"column":6},"end":{"line":132,"column":71}},"47":{"start":{"line":134,"column":6},"end":{"line":134,"column":18}},"48":{"start":{"line":139,"column":34},"end":{"line":158,"column":3}},"49":{"start":{"line":141,"column":4},"end":{"line":143,"column":5}},"50":{"start":{"line":142,"column":6},"end":{"line":142,"column":13}},"51":{"start":{"line":145,"column":4},"end":{"line":157,"column":5}},"52":{"start":{"line":146,"column":6},"end":{"line":153,"column":7}},"53":{"start":{"line":147,"column":8},"end":{"line":147,"column":88}},"54":{"start":{"line":148,"column":8},"end":{"line":148,"column":41}},"55":{"start":{"line":150,"column":8},"end":{"line":152,"column":9}},"56":{"start":{"line":151,"column":10},"end":{"line":151,"column":49}},"57":{"start":{"line":155,"column":6},"end":{"line":155,"column":70}},"58":{"start":{"line":161,"column":28},"end":{"line":163,"column":3}},"59":{"start":{"line":162,"column":4},"end":{"line":162,"column":86}},"60":{"start":{"line":165,"column":2},"end":{"line":169,"column":4}}},"fnMap":{"0":{"name":"(anonymous_0)","decl":{"start":{"line":11,"column":24},"end":{"line":11,"column":25}},"loc":{"start":{"line":11,"column":37},"end":{"line":16,"column":5}},"line":11},"1":{"name":"(anonymous_1)","decl":{"start":{"line":28,"column":28},"end":{"line":28,"column":29}},"loc":{"start":{"line":28,"column":40},"end":{"line":50,"column":1}},"line":28},"2":{"name":"useNotificationTimer","decl":{"start":{"line":55,"column":24},"end":{"line":55,"column":44}},"loc":{"start":{"line":55,"column":47},"end":{"line":170,"column":1}},"line":55},"3":{"name":"(anonymous_3)","decl":{"start":{"line":60,"column":12},"end":{"line":60,"column":13}},"loc":{"start":{"line":60,"column":18},"end":{"line":83,"column":3}},"line":60},"4":{"name":"(anonymous_4)","decl":{"start":{"line":61,"column":31},"end":{"line":61,"column":32}},"loc":{"start":{"line":61,"column":43},"end":{"line":71,"column":5}},"line":61},"5":{"name":"(anonymous_5)","decl":{"start":{"line":76,"column":61},"end":{"line":76,"column":62}},"loc":{"start":{"line":76,"column":77},"end":{"line":78,"column":5}},"line":76},"6":{"name":"(anonymous_6)","decl":{"start":{"line":80,"column":11},"end":{"line":80,"column":12}},"loc":{"start":{"line":80,"column":17},"end":{"line":82,"column":5}},"line":80},"7":{"name":"(anonymous_7)","decl":{"start":{"line":86,"column":36},"end":{"line":86,"column":37}},"loc":{"start":{"line":86,"column":55},"end":{"line":136,"column":3}},"line":86},"8":{"name":"(anonymous_8)","decl":{"start":{"line":139,"column":34},"end":{"line":139,"column":35}},"loc":{"start":{"line":139,"column":46},"end":{"line":158,"column":3}},"line":139},"9":{"name":"(anonymous_9)","decl":{"start":{"line":161,"column":28},"end":{"line":161,"column":29}},"loc":{"start":{"line":161,"column":34},"end":{"line":163,"column":3}},"line":161}},"branchMap":{"0":{"loc":{"start":{"line":21,"column":2},"end":{"line":23,"column":3}},"type":"if","locations":[{"start":{"line":21,"column":2},"end":{"line":23,"column":3}},{"start":{},"end":{}}],"line":21},"1":{"loc":{"start":{"line":29,"column":2},"end":{"line":29,"column":40}},"type":"if","locations":[{"start":{"line":29,"column":2},"end":{"line":29,"column":40}},{"start":{},"end":{}}],"line":29},"2":{"loc":{"start":{"line":44,"column":4},"end":{"line":46,"column":5}},"type":"if","locations":[{"start":{"line":44,"column":4},"end":{"line":46,"column":5}},{"start":{},"end":{}}],"line":44},"3":{"loc":{"start":{"line":65,"column":8},"end":{"line":67,"column":9}},"type":"if","locations":[{"start":{"line":65,"column":8},"end":{"line":67,"column":9}},{"start":{},"end":{}}],"line":65},"4":{"loc":{"start":{"line":88,"column":4},"end":{"line":90,"column":5}},"type":"if","locations":[{"start":{"line":88,"column":4},"end":{"line":90,"column":5}},{"start":{},"end":{}}],"line":88},"5":{"loc":{"start":{"line":94,"column":6},"end":{"line":96,"column":7}},"type":"if","locations":[{"start":{"line":94,"column":6},"end":{"line":96,"column":7}},{"start":{},"end":{}}],"line":94},"6":{"loc":{"start":{"line":124,"column":6},"end":{"line":128,"column":7}},"type":"if","locations":[{"start":{"line":124,"column":6},"end":{"line":128,"column":7}},{"start":{},"end":{}}],"line":124},"7":{"loc":{"start":{"line":141,"column":4},"end":{"line":143,"column":5}},"type":"if","locations":[{"start":{"line":141,"column":4},"end":{"line":143,"column":5}},{"start":{},"end":{}}],"line":141},"8":{"loc":{"start":{"line":146,"column":6},"end":{"line":153,"column":7}},"type":"if","locations":[{"start":{"line":146,"column":6},"end":{"line":153,"column":7}},{"start":{},"end":{}}],"line":146},"9":{"loc":{"start":{"line":150,"column":8},"end":{"line":152,"column":9}},"type":"if","locations":[{"start":{"line":150,"column":8},"end":{"line":152,"column":9}},{"start":{},"end":{}}],"line":150},"10":{"loc":{"start":{"line":162,"column":11},"end":{"line":162,"column":85}},"type":"binary-expr","locations":[{"start":{"line":162,"column":11},"end":{"line":162,"column":47}},{"start":{"line":162,"column":51},"end":{"line":162,"column":85}}],"line":162}},"s":{"0":1,"1":1,"2":1,"3":0,"4":1,"5":0,"6":0,"7":1,"8":1,"9":1,"10":0,"11":0,"12":0,"13":0,"14":0,"15":1,"16":33,"17":33,"18":33,"19":14,"20":14,"21":14,"22":14,"23":14,"24":0,"25":14,"26":14,"27":0,"28":14,"29":4,"30":33,"31":6,"32":0,"33":6,"34":6,"35":0,"36":6,"37":6,"38":6,"39":6,"40":0,"41":0,"42":0,"43":0,"44":0,"45":0,"46":6,"47":6,"48":33,"49":3,"50":0,"51":3,"52":3,"53":0,"54":0,"55":0,"56":0,"57":0,"58":33,"59":0,"60":33},"f":{"0":0,"1":1,"2":33,"3":14,"4":14,"5":0,"6":4,"7":6,"8":3,"9":0},"b":{"0":[0,0],"1":[1,0],"2":[0,0],"3":[14,0],"4":[0,6],"5":[0,6],"6":[0,0],"7":[0,3],"8":[0,3],"9":[0,0],"10":[0,0]},"_coverageSchema":"1a1c01bbd47fc00a2c39e90264f33305004495a9","hash":"42d7b029ed9292617cc75a937b44f8f371c6864d"}
,"/Users/irimwebforge/dev/apps/resetpulse/src/hooks/useTimer.js": {"path":"/Users/irimwebforge/dev/apps/resetpulse/src/hooks/useTimer.js","statementMap":{"0":{"start":{"line":14,"column":34},"end":{"line":14,"column":59}},"1":{"start":{"line":15,"column":36},"end":{"line":15,"column":61}},"2":{"start":{"line":16,"column":32},"end":{"line":16,"column":47}},"3":{"start":{"line":17,"column":36},"end":{"line":17,"column":50}},"4":{"start":{"line":20,"column":34},"end":{"line":20,"column":49}},"5":{"start":{"line":21,"column":36},"end":{"line":21,"column":51}},"6":{"start":{"line":22,"column":40},"end":{"line":22,"column":55}},"7":{"start":{"line":23,"column":42},"end":{"line":23,"column":57}},"8":{"start":{"line":26,"column":88},"end":{"line":26,"column":105}},"9":{"start":{"line":29,"column":43},"end":{"line":29,"column":60}},"10":{"start":{"line":32,"column":24},"end":{"line":32,"column":55}},"11":{"start":{"line":33,"column":23},"end":{"line":33,"column":40}},"12":{"start":{"line":34,"column":2},"end":{"line":36,"column":18}},"13":{"start":{"line":35,"column":4},"end":{"line":35,"column":37}},"14":{"start":{"line":39,"column":29},"end":{"line":39,"column":52}},"15":{"start":{"line":40,"column":24},"end":{"line":40,"column":42}},"16":{"start":{"line":41,"column":28},"end":{"line":41,"column":50}},"17":{"start":{"line":42,"column":26},"end":{"line":42,"column":46}},"18":{"start":{"line":44,"column":2},"end":{"line":49,"column":66}},"19":{"start":{"line":45,"column":4},"end":{"line":45,"column":49}},"20":{"start":{"line":46,"column":4},"end":{"line":46,"column":39}},"21":{"start":{"line":47,"column":4},"end":{"line":47,"column":47}},"22":{"start":{"line":48,"column":4},"end":{"line":48,"column":43}},"23":{"start":{"line":52,"column":65},"end":{"line":52,"column":87}},"24":{"start":{"line":55,"column":22},"end":{"line":55,"column":34}},"25":{"start":{"line":56,"column":23},"end":{"line":56,"column":35}},"26":{"start":{"line":57,"column":33},"end":{"line":57,"column":46}},"27":{"start":{"line":58,"column":22},"end":{"line":58,"column":51}},"28":{"start":{"line":59,"column":29},"end":{"line":59,"column":42}},"29":{"start":{"line":62,"column":22},"end":{"line":144,"column":36}},"30":{"start":{"line":63,"column":4},"end":{"line":63,"column":64}},"31":{"start":{"line":63,"column":57},"end":{"line":63,"column":64}},"32":{"start":{"line":65,"column":16},"end":{"line":65,"column":26}},"33":{"start":{"line":66,"column":20},"end":{"line":66,"column":56}},"34":{"start":{"line":67,"column":25},"end":{"line":67,"column":56}},"35":{"start":{"line":69,"column":4},"end":{"line":69,"column":31}},"36":{"start":{"line":71,"column":4},"end":{"line":143,"column":5}},"37":{"start":{"line":73,"column":6},"end":{"line":73,"column":57}},"38":{"start":{"line":74,"column":11},"end":{"line":143,"column":5}},"39":{"start":{"line":76,"column":6},"end":{"line":76,"column":24}},"40":{"start":{"line":77,"column":6},"end":{"line":77,"column":25}},"41":{"start":{"line":78,"column":6},"end":{"line":78,"column":25}},"42":{"start":{"line":81,"column":6},"end":{"line":135,"column":7}},"43":{"start":{"line":82,"column":8},"end":{"line":82,"column":46}},"44":{"start":{"line":83,"column":8},"end":{"line":83,"column":30}},"45":{"start":{"line":86,"column":8},"end":{"line":86,"column":81}},"46":{"start":{"line":89,"column":26},"end":{"line":89,"column":52}},"47":{"start":{"line":91,"column":8},"end":{"line":93,"column":9}},"48":{"start":{"line":92,"column":10},"end":{"line":92,"column":81}},"49":{"start":{"line":97,"column":33},"end":{"line":97,"column":35}},"50":{"start":{"line":100,"column":8},"end":{"line":106,"column":9}},"51":{"start":{"line":101,"column":10},"end":{"line":105,"column":12}},"52":{"start":{"line":109,"column":8},"end":{"line":113,"column":10}},"53":{"start":{"line":116,"column":8},"end":{"line":118,"column":11}},"54":{"start":{"line":121,"column":8},"end":{"line":121,"column":43}},"55":{"start":{"line":124,"column":8},"end":{"line":126,"column":9}},"56":{"start":{"line":125,"column":10},"end":{"line":125,"column":34}},"57":{"start":{"line":129,"column":8},"end":{"line":134,"column":43}},"58":{"start":{"line":130,"column":10},"end":{"line":133,"column":11}},"59":{"start":{"line":131,"column":12},"end":{"line":131,"column":35}},"60":{"start":{"line":132,"column":12},"end":{"line":132,"column":51}},"61":{"start":{"line":137,"column":6},"end":{"line":142,"column":7}},"62":{"start":{"line":138,"column":20},"end":{"line":138,"column":30}},"63":{"start":{"line":139,"column":24},"end":{"line":139,"column":49}},"64":{"start":{"line":140,"column":21},"end":{"line":140,"column":34}},"65":{"start":{"line":141,"column":8},"end":{"line":141,"column":103}},"66":{"start":{"line":147,"column":2},"end":{"line":153,"column":48}},"67":{"start":{"line":148,"column":4},"end":{"line":152,"column":5}},"68":{"start":{"line":149,"column":18},"end":{"line":149,"column":28}},"69":{"start":{"line":150,"column":29},"end":{"line":150,"column":49}},"70":{"start":{"line":151,"column":6},"end":{"line":151,"column":48}},"71":{"start":{"line":156,"column":2},"end":{"line":175,"column":40}},"72":{"start":{"line":157,"column":4},"end":{"line":168,"column":5}},"73":{"start":{"line":159,"column":6},"end":{"line":159,"column":57}},"74":{"start":{"line":161,"column":6},"end":{"line":164,"column":7}},"75":{"start":{"line":162,"column":8},"end":{"line":162,"column":42}},"76":{"start":{"line":163,"column":8},"end":{"line":163,"column":35}},"77":{"start":{"line":165,"column":6},"end":{"line":167,"column":7}},"78":{"start":{"line":166,"column":8},"end":{"line":166,"column":27}},"79":{"start":{"line":170,"column":4},"end":{"line":174,"column":6}},"80":{"start":{"line":171,"column":6},"end":{"line":173,"column":7}},"81":{"start":{"line":172,"column":8},"end":{"line":172,"column":42}},"82":{"start":{"line":179,"column":2},"end":{"line":183,"column":47}},"83":{"start":{"line":180,"column":4},"end":{"line":182,"column":5}},"84":{"start":{"line":181,"column":6},"end":{"line":181,"column":29}},"85":{"start":{"line":186,"column":2},"end":{"line":193,"column":9}},"86":{"start":{"line":187,"column":4},"end":{"line":192,"column":6}},"87":{"start":{"line":188,"column":6},"end":{"line":188,"column":35}},"88":{"start":{"line":189,"column":6},"end":{"line":191,"column":7}},"89":{"start":{"line":190,"column":8},"end":{"line":190,"column":42}},"90":{"start":{"line":196,"column":2},"end":{"line":222,"column":27}},"91":{"start":{"line":197,"column":33},"end":{"line":215,"column":5}},"92":{"start":{"line":198,"column":6},"end":{"line":212,"column":7}},"93":{"start":{"line":204,"column":8},"end":{"line":206,"column":9}},"94":{"start":{"line":205,"column":10},"end":{"line":205,"column":44}},"95":{"start":{"line":207,"column":13},"end":{"line":212,"column":7}},"96":{"start":{"line":209,"column":8},"end":{"line":211,"column":9}},"97":{"start":{"line":210,"column":10},"end":{"line":210,"column":44}},"98":{"start":{"line":214,"column":6},"end":{"line":214,"column":41}},"99":{"start":{"line":217,"column":25},"end":{"line":217,"column":82}},"100":{"start":{"line":219,"column":4},"end":{"line":221,"column":6}},"101":{"start":{"line":220,"column":6},"end":{"line":220,"column":28}},"102":{"start":{"line":225,"column":22},"end":{"line":243,"column":3}},"103":{"start":{"line":226,"column":4},"end":{"line":232,"column":5}},"104":{"start":{"line":227,"column":6},"end":{"line":229,"column":7}},"105":{"start":{"line":228,"column":8},"end":{"line":228,"column":28}},"106":{"start":{"line":231,"column":6},"end":{"line":231,"column":16}},"107":{"start":{"line":233,"column":4},"end":{"line":235,"column":5}},"108":{"start":{"line":234,"column":6},"end":{"line":234,"column":21}},"109":{"start":{"line":236,"column":4},"end":{"line":238,"column":5}},"110":{"start":{"line":237,"column":6},"end":{"line":237,"column":27}},"111":{"start":{"line":239,"column":4},"end":{"line":241,"column":5}},"112":{"start":{"line":240,"column":6},"end":{"line":240,"column":29}},"113":{"start":{"line":242,"column":4},"end":{"line":242,"column":14}},"114":{"start":{"line":246,"column":24},"end":{"line":312,"column":58}},"115":{"start":{"line":247,"column":4},"end":{"line":310,"column":5}},"116":{"start":{"line":249,"column":6},"end":{"line":249,"column":13}},"117":{"start":{"line":250,"column":11},"end":{"line":310,"column":5}},"118":{"start":{"line":252,"column":6},"end":{"line":292,"column":7}},"119":{"start":{"line":254,"column":8},"end":{"line":254,"column":29}},"120":{"start":{"line":255,"column":8},"end":{"line":255,"column":28}},"121":{"start":{"line":256,"column":8},"end":{"line":256,"column":80}},"122":{"start":{"line":256,"column":25},"end":{"line":256,"column":46}},"123":{"start":{"line":259,"column":8},"end":{"line":259,"column":45}},"124":{"start":{"line":262,"column":8},"end":{"line":262,"column":27}},"125":{"start":{"line":263,"column":8},"end":{"line":263,"column":30}},"126":{"start":{"line":264,"column":8},"end":{"line":264,"column":78}},"127":{"start":{"line":264,"column":25},"end":{"line":264,"column":44}},"128":{"start":{"line":267,"column":8},"end":{"line":267,"column":45}},"129":{"start":{"line":270,"column":8},"end":{"line":273,"column":9}},"130":{"start":{"line":272,"column":10},"end":{"line":272,"column":72}},"131":{"start":{"line":276,"column":8},"end":{"line":276,"column":126}},"132":{"start":{"line":279,"column":8},"end":{"line":284,"column":9}},"133":{"start":{"line":280,"column":10},"end":{"line":283,"column":12}},"134":{"start":{"line":286,"column":8},"end":{"line":291,"column":9}},"135":{"start":{"line":287,"column":22},"end":{"line":287,"column":32}},"136":{"start":{"line":288,"column":26},"end":{"line":288,"column":52}},"137":{"start":{"line":289,"column":23},"end":{"line":289,"column":37}},"138":{"start":{"line":290,"column":10},"end":{"line":290,"column":104}},"139":{"start":{"line":293,"column":6},"end":{"line":293,"column":25}},"140":{"start":{"line":294,"column":6},"end":{"line":294,"column":23}},"141":{"start":{"line":297,"column":6},"end":{"line":297,"column":24}},"142":{"start":{"line":298,"column":6},"end":{"line":298,"column":24}},"143":{"start":{"line":299,"column":6},"end":{"line":299,"column":26}},"144":{"start":{"line":300,"column":6},"end":{"line":300,"column":28}},"145":{"start":{"line":303,"column":6},"end":{"line":306,"column":7}},"146":{"start":{"line":304,"column":24},"end":{"line":304,"column":44}},"147":{"start":{"line":305,"column":8},"end":{"line":305,"column":95}},"148":{"start":{"line":309,"column":6},"end":{"line":309,"column":32}},"149":{"start":{"line":314,"column":21},"end":{"line":330,"column":71}},"150":{"start":{"line":316,"column":4},"end":{"line":319,"column":5}},"151":{"start":{"line":317,"column":22},"end":{"line":317,"column":42}},"152":{"start":{"line":318,"column":6},"end":{"line":318,"column":92}},"153":{"start":{"line":321,"column":4},"end":{"line":321,"column":20}},"154":{"start":{"line":322,"column":4},"end":{"line":322,"column":22}},"155":{"start":{"line":323,"column":4},"end":{"line":323,"column":23}},"156":{"start":{"line":324,"column":4},"end":{"line":324,"column":23}},"157":{"start":{"line":325,"column":4},"end":{"line":325,"column":24}},"158":{"start":{"line":326,"column":4},"end":{"line":326,"column":26}},"159":{"start":{"line":329,"column":4},"end":{"line":329,"column":30}},"160":{"start":{"line":332,"column":28},"end":{"line":335,"column":8}},"161":{"start":{"line":333,"column":24},"end":{"line":333,"column":36}},"162":{"start":{"line":334,"column":4},"end":{"line":334,"column":29}},"163":{"start":{"line":340,"column":19},"end":{"line":340,"column":58}},"164":{"start":{"line":343,"column":26},"end":{"line":349,"column":15}},"165":{"start":{"line":344,"column":4},"end":{"line":344,"column":29}},"166":{"start":{"line":345,"column":4},"end":{"line":348,"column":5}},"167":{"start":{"line":347,"column":6},"end":{"line":347,"column":32}},"168":{"start":{"line":351,"column":2},"end":{"line":365,"column":4}}},"fnMap":{"0":{"name":"useTimer","decl":{"start":{"line":12,"column":24},"end":{"line":12,"column":32}},"loc":{"start":{"line":12,"column":68},"end":{"line":366,"column":1}},"line":12},"1":{"name":"(anonymous_1)","decl":{"start":{"line":34,"column":12},"end":{"line":34,"column":13}},"loc":{"start":{"line":34,"column":18},"end":{"line":36,"column":3}},"line":34},"2":{"name":"(anonymous_2)","decl":{"start":{"line":44,"column":12},"end":{"line":44,"column":13}},"loc":{"start":{"line":44,"column":18},"end":{"line":49,"column":3}},"line":44},"3":{"name":"(anonymous_3)","decl":{"start":{"line":62,"column":34},"end":{"line":62,"column":35}},"loc":{"start":{"line":62,"column":40},"end":{"line":144,"column":3}},"line":62},"4":{"name":"(anonymous_4)","decl":{"start":{"line":102,"column":56},"end":{"line":102,"column":57}},"loc":{"start":{"line":102,"column":62},"end":{"line":104,"column":13}},"line":102},"5":{"name":"(anonymous_5)","decl":{"start":{"line":110,"column":48},"end":{"line":110,"column":49}},"loc":{"start":{"line":110,"column":54},"end":{"line":112,"column":11}},"line":110},"6":{"name":"(anonymous_6)","decl":{"start":{"line":116,"column":44},"end":{"line":116,"column":45}},"loc":{"start":{"line":116,"column":50},"end":{"line":118,"column":9}},"line":116},"7":{"name":"(anonymous_7)","decl":{"start":{"line":129,"column":19},"end":{"line":129,"column":20}},"loc":{"start":{"line":129,"column":25},"end":{"line":134,"column":9}},"line":129},"8":{"name":"(anonymous_8)","decl":{"start":{"line":147,"column":12},"end":{"line":147,"column":13}},"loc":{"start":{"line":147,"column":18},"end":{"line":153,"column":3}},"line":147},"9":{"name":"(anonymous_9)","decl":{"start":{"line":156,"column":12},"end":{"line":156,"column":13}},"loc":{"start":{"line":156,"column":18},"end":{"line":175,"column":3}},"line":156},"10":{"name":"(anonymous_10)","decl":{"start":{"line":170,"column":11},"end":{"line":170,"column":12}},"loc":{"start":{"line":170,"column":17},"end":{"line":174,"column":5}},"line":170},"11":{"name":"(anonymous_11)","decl":{"start":{"line":179,"column":12},"end":{"line":179,"column":13}},"loc":{"start":{"line":179,"column":18},"end":{"line":183,"column":3}},"line":179},"12":{"name":"(anonymous_12)","decl":{"start":{"line":186,"column":12},"end":{"line":186,"column":13}},"loc":{"start":{"line":186,"column":18},"end":{"line":193,"column":3}},"line":186},"13":{"name":"(anonymous_13)","decl":{"start":{"line":187,"column":11},"end":{"line":187,"column":12}},"loc":{"start":{"line":187,"column":17},"end":{"line":192,"column":5}},"line":187},"14":{"name":"(anonymous_14)","decl":{"start":{"line":196,"column":12},"end":{"line":196,"column":13}},"loc":{"start":{"line":196,"column":18},"end":{"line":222,"column":3}},"line":196},"15":{"name":"(anonymous_15)","decl":{"start":{"line":197,"column":33},"end":{"line":197,"column":34}},"loc":{"start":{"line":197,"column":51},"end":{"line":215,"column":5}},"line":197},"16":{"name":"(anonymous_16)","decl":{"start":{"line":219,"column":11},"end":{"line":219,"column":12}},"loc":{"start":{"line":219,"column":17},"end":{"line":221,"column":5}},"line":219},"17":{"name":"(anonymous_17)","decl":{"start":{"line":225,"column":22},"end":{"line":225,"column":23}},"loc":{"start":{"line":225,"column":28},"end":{"line":243,"column":3}},"line":225},"18":{"name":"(anonymous_18)","decl":{"start":{"line":246,"column":36},"end":{"line":246,"column":37}},"loc":{"start":{"line":246,"column":42},"end":{"line":311,"column":3}},"line":246},"19":{"name":"(anonymous_19)","decl":{"start":{"line":256,"column":19},"end":{"line":256,"column":20}},"loc":{"start":{"line":256,"column":25},"end":{"line":256,"column":46}},"line":256},"20":{"name":"(anonymous_20)","decl":{"start":{"line":264,"column":19},"end":{"line":264,"column":20}},"loc":{"start":{"line":264,"column":25},"end":{"line":264,"column":44}},"line":264},"21":{"name":"(anonymous_21)","decl":{"start":{"line":314,"column":33},"end":{"line":314,"column":34}},"loc":{"start":{"line":314,"column":39},"end":{"line":330,"column":3}},"line":314},"22":{"name":"(anonymous_22)","decl":{"start":{"line":332,"column":40},"end":{"line":332,"column":41}},"loc":{"start":{"line":332,"column":53},"end":{"line":335,"column":3}},"line":332},"23":{"name":"(anonymous_23)","decl":{"start":{"line":343,"column":38},"end":{"line":343,"column":39}},"loc":{"start":{"line":343,"column":55},"end":{"line":349,"column":3}},"line":343}},"branchMap":{"0":{"loc":{"start":{"line":12,"column":33},"end":{"line":12,"column":54}},"type":"default-arg","locations":[{"start":{"line":12,"column":51},"end":{"line":12,"column":54}}],"line":12},"1":{"loc":{"start":{"line":63,"column":4},"end":{"line":63,"column":64}},"type":"if","locations":[{"start":{"line":63,"column":4},"end":{"line":63,"column":64}},{"start":{},"end":{}}],"line":63},"2":{"loc":{"start":{"line":63,"column":8},"end":{"line":63,"column":55}},"type":"binary-expr","locations":[{"start":{"line":63,"column":8},"end":{"line":63,"column":29}},{"start":{"line":63,"column":33},"end":{"line":63,"column":41}},{"start":{"line":63,"column":45},"end":{"line":63,"column":55}}],"line":63},"3":{"loc":{"start":{"line":71,"column":4},"end":{"line":143,"column":5}},"type":"if","locations":[{"start":{"line":71,"column":4},"end":{"line":143,"column":5}},{"start":{"line":74,"column":11},"end":{"line":143,"column":5}}],"line":71},"4":{"loc":{"start":{"line":71,"column":8},"end":{"line":71,"column":35}},"type":"binary-expr","locations":[{"start":{"line":71,"column":8},"end":{"line":71,"column":24}},{"start":{"line":71,"column":28},"end":{"line":71,"column":35}}],"line":71},"5":{"loc":{"start":{"line":74,"column":11},"end":{"line":143,"column":5}},"type":"if","locations":[{"start":{"line":74,"column":11},"end":{"line":143,"column":5}},{"start":{},"end":{}}],"line":74},"6":{"loc":{"start":{"line":81,"column":6},"end":{"line":135,"column":7}},"type":"if","locations":[{"start":{"line":81,"column":6},"end":{"line":135,"column":7}},{"start":{},"end":{}}],"line":81},"7":{"loc":{"start":{"line":91,"column":8},"end":{"line":93,"column":9}},"type":"if","locations":[{"start":{"line":91,"column":8},"end":{"line":93,"column":9}},{"start":{},"end":{}}],"line":91},"8":{"loc":{"start":{"line":100,"column":8},"end":{"line":106,"column":9}},"type":"if","locations":[{"start":{"line":100,"column":8},"end":{"line":106,"column":9}},{"start":{},"end":{}}],"line":100},"9":{"loc":{"start":{"line":100,"column":12},"end":{"line":100,"column":46}},"type":"binary-expr","locations":[{"start":{"line":100,"column":12},"end":{"line":100,"column":22}},{"start":{"line":100,"column":26},"end":{"line":100,"column":46}}],"line":100},"10":{"loc":{"start":{"line":124,"column":8},"end":{"line":126,"column":9}},"type":"if","locations":[{"start":{"line":124,"column":8},"end":{"line":126,"column":9}},{"start":{},"end":{}}],"line":124},"11":{"loc":{"start":{"line":130,"column":10},"end":{"line":133,"column":11}},"type":"if","locations":[{"start":{"line":130,"column":10},"end":{"line":133,"column":11}},{"start":{},"end":{}}],"line":130},"12":{"loc":{"start":{"line":137,"column":6},"end":{"line":142,"column":7}},"type":"if","locations":[{"start":{"line":137,"column":6},"end":{"line":142,"column":7}},{"start":{},"end":{}}],"line":137},"13":{"loc":{"start":{"line":148,"column":4},"end":{"line":152,"column":5}},"type":"if","locations":[{"start":{"line":148,"column":4},"end":{"line":152,"column":5}},{"start":{},"end":{}}],"line":148},"14":{"loc":{"start":{"line":148,"column":8},"end":{"line":148,"column":46}},"type":"binary-expr","locations":[{"start":{"line":148,"column":8},"end":{"line":148,"column":15}},{"start":{"line":148,"column":19},"end":{"line":148,"column":29}},{"start":{"line":148,"column":33},"end":{"line":148,"column":46}}],"line":148},"15":{"loc":{"start":{"line":157,"column":4},"end":{"line":168,"column":5}},"type":"if","locations":[{"start":{"line":157,"column":4},"end":{"line":168,"column":5}},{"start":{"line":160,"column":11},"end":{"line":168,"column":5}}],"line":157},"16":{"loc":{"start":{"line":157,"column":8},"end":{"line":157,"column":28}},"type":"binary-expr","locations":[{"start":{"line":157,"column":8},"end":{"line":157,"column":15}},{"start":{"line":157,"column":19},"end":{"line":157,"column":28}}],"line":157},"17":{"loc":{"start":{"line":161,"column":6},"end":{"line":164,"column":7}},"type":"if","locations":[{"start":{"line":161,"column":6},"end":{"line":164,"column":7}},{"start":{},"end":{}}],"line":161},"18":{"loc":{"start":{"line":165,"column":6},"end":{"line":167,"column":7}},"type":"if","locations":[{"start":{"line":165,"column":6},"end":{"line":167,"column":7}},{"start":{},"end":{}}],"line":165},"19":{"loc":{"start":{"line":171,"column":6},"end":{"line":173,"column":7}},"type":"if","locations":[{"start":{"line":171,"column":6},"end":{"line":173,"column":7}},{"start":{},"end":{}}],"line":171},"20":{"loc":{"start":{"line":180,"column":4},"end":{"line":182,"column":5}},"type":"if","locations":[{"start":{"line":180,"column":4},"end":{"line":182,"column":5}},{"start":{},"end":{}}],"line":180},"21":{"loc":{"start":{"line":180,"column":8},"end":{"line":180,"column":48}},"type":"binary-expr","locations":[{"start":{"line":180,"column":8},"end":{"line":180,"column":16}},{"start":{"line":180,"column":20},"end":{"line":180,"column":29}},{"start":{"line":180,"column":33},"end":{"line":180,"column":48}}],"line":180},"22":{"loc":{"start":{"line":189,"column":6},"end":{"line":191,"column":7}},"type":"if","locations":[{"start":{"line":189,"column":6},"end":{"line":191,"column":7}},{"start":{},"end":{}}],"line":189},"23":{"loc":{"start":{"line":198,"column":6},"end":{"line":212,"column":7}},"type":"if","locations":[{"start":{"line":198,"column":6},"end":{"line":212,"column":7}},{"start":{"line":207,"column":13},"end":{"line":212,"column":7}}],"line":198},"24":{"loc":{"start":{"line":199,"column":8},"end":{"line":200,"column":33}},"type":"binary-expr","locations":[{"start":{"line":199,"column":8},"end":{"line":199,"column":56}},{"start":{"line":200,"column":8},"end":{"line":200,"column":33}}],"line":199},"25":{"loc":{"start":{"line":204,"column":8},"end":{"line":206,"column":9}},"type":"if","locations":[{"start":{"line":204,"column":8},"end":{"line":206,"column":9}},{"start":{},"end":{}}],"line":204},"26":{"loc":{"start":{"line":204,"column":12},"end":{"line":204,"column":37}},"type":"binary-expr","locations":[{"start":{"line":204,"column":12},"end":{"line":204,"column":19}},{"start":{"line":204,"column":23},"end":{"line":204,"column":37}}],"line":204},"27":{"loc":{"start":{"line":207,"column":13},"end":{"line":212,"column":7}},"type":"if","locations":[{"start":{"line":207,"column":13},"end":{"line":212,"column":7}},{"start":{},"end":{}}],"line":207},"28":{"loc":{"start":{"line":209,"column":8},"end":{"line":211,"column":9}},"type":"if","locations":[{"start":{"line":209,"column":8},"end":{"line":211,"column":9}},{"start":{},"end":{}}],"line":209},"29":{"loc":{"start":{"line":209,"column":12},"end":{"line":209,"column":36}},"type":"binary-expr","locations":[{"start":{"line":209,"column":12},"end":{"line":209,"column":19}},{"start":{"line":209,"column":23},"end":{"line":209,"column":36}}],"line":209},"30":{"loc":{"start":{"line":226,"column":4},"end":{"line":232,"column":5}},"type":"if","locations":[{"start":{"line":226,"column":4},"end":{"line":232,"column":5}},{"start":{},"end":{}}],"line":226},"31":{"loc":{"start":{"line":227,"column":6},"end":{"line":229,"column":7}},"type":"if","locations":[{"start":{"line":227,"column":6},"end":{"line":229,"column":7}},{"start":{},"end":{}}],"line":227},"32":{"loc":{"start":{"line":227,"column":10},"end":{"line":227,"column":56}},"type":"binary-expr","locations":[{"start":{"line":227,"column":10},"end":{"line":227,"column":40}},{"start":{"line":227,"column":44},"end":{"line":227,"column":56}}],"line":227},"33":{"loc":{"start":{"line":233,"column":4},"end":{"line":235,"column":5}},"type":"if","locations":[{"start":{"line":233,"column":4},"end":{"line":235,"column":5}},{"start":{},"end":{}}],"line":233},"34":{"loc":{"start":{"line":233,"column":8},"end":{"line":233,"column":28}},"type":"binary-expr","locations":[{"start":{"line":233,"column":8},"end":{"line":233,"column":16}},{"start":{"line":233,"column":20},"end":{"line":233,"column":28}}],"line":233},"35":{"loc":{"start":{"line":236,"column":4},"end":{"line":238,"column":5}},"type":"if","locations":[{"start":{"line":236,"column":4},"end":{"line":238,"column":5}},{"start":{},"end":{}}],"line":236},"36":{"loc":{"start":{"line":239,"column":4},"end":{"line":241,"column":5}},"type":"if","locations":[{"start":{"line":239,"column":4},"end":{"line":241,"column":5}},{"start":{},"end":{}}],"line":239},"37":{"loc":{"start":{"line":247,"column":4},"end":{"line":310,"column":5}},"type":"if","locations":[{"start":{"line":247,"column":4},"end":{"line":310,"column":5}},{"start":{"line":250,"column":11},"end":{"line":310,"column":5}}],"line":247},"38":{"loc":{"start":{"line":250,"column":11},"end":{"line":310,"column":5}},"type":"if","locations":[{"start":{"line":250,"column":11},"end":{"line":310,"column":5}},{"start":{"line":295,"column":11},"end":{"line":310,"column":5}}],"line":250},"39":{"loc":{"start":{"line":252,"column":6},"end":{"line":292,"column":7}},"type":"if","locations":[{"start":{"line":252,"column":6},"end":{"line":292,"column":7}},{"start":{"line":260,"column":13},"end":{"line":292,"column":7}}],"line":252},"40":{"loc":{"start":{"line":270,"column":8},"end":{"line":273,"column":9}},"type":"if","locations":[{"start":{"line":270,"column":8},"end":{"line":273,"column":9}},{"start":{},"end":{}}],"line":270},"41":{"loc":{"start":{"line":270,"column":12},"end":{"line":271,"column":73}},"type":"binary-expr","locations":[{"start":{"line":270,"column":12},"end":{"line":270,"column":42}},{"start":{"line":270,"column":46},"end":{"line":270,"column":58}},{"start":{"line":271,"column":12},"end":{"line":271,"column":73}}],"line":270},"42":{"loc":{"start":{"line":279,"column":8},"end":{"line":284,"column":9}},"type":"if","locations":[{"start":{"line":279,"column":8},"end":{"line":284,"column":9}},{"start":{},"end":{}}],"line":279},"43":{"loc":{"start":{"line":282,"column":13},"end":{"line":282,"column":54}},"type":"binary-expr","locations":[{"start":{"line":282,"column":13},"end":{"line":282,"column":49}},{"start":{"line":282,"column":53},"end":{"line":282,"column":54}}],"line":282},"44":{"loc":{"start":{"line":286,"column":8},"end":{"line":291,"column":9}},"type":"if","locations":[{"start":{"line":286,"column":8},"end":{"line":291,"column":9}},{"start":{},"end":{}}],"line":286},"45":{"loc":{"start":{"line":303,"column":6},"end":{"line":306,"column":7}},"type":"if","locations":[{"start":{"line":303,"column":6},"end":{"line":306,"column":7}},{"start":{},"end":{}}],"line":303},"46":{"loc":{"start":{"line":316,"column":4},"end":{"line":319,"column":5}},"type":"if","locations":[{"start":{"line":316,"column":4},"end":{"line":319,"column":5}},{"start":{},"end":{}}],"line":316},"47":{"loc":{"start":{"line":316,"column":8},"end":{"line":316,"column":27}},"type":"binary-expr","locations":[{"start":{"line":316,"column":8},"end":{"line":316,"column":15}},{"start":{"line":316,"column":19},"end":{"line":316,"column":27}}],"line":316},"48":{"loc":{"start":{"line":340,"column":19},"end":{"line":340,"column":58}},"type":"cond-expr","locations":[{"start":{"line":340,"column":34},"end":{"line":340,"column":54}},{"start":{"line":340,"column":57},"end":{"line":340,"column":58}}],"line":340},"49":{"loc":{"start":{"line":345,"column":4},"end":{"line":348,"column":5}},"type":"if","locations":[{"start":{"line":345,"column":4},"end":{"line":348,"column":5}},{"start":{},"end":{}}],"line":345}},"s":{"0":33,"1":33,"2":33,"3":33,"4":33,"5":33,"6":33,"7":33,"8":33,"9":33,"10":33,"11":33,"12":33,"13":29,"14":33,"15":33,"16":33,"17":33,"18":33,"19":14,"20":14,"21":14,"22":14,"23":33,"24":33,"25":33,"26":33,"27":33,"28":33,"29":33,"30":0,"31":0,"32":0,"33":0,"34":0,"35":0,"36":0,"37":0,"38":0,"39":0,"40":0,"41":0,"42":0,"43":0,"44":0,"45":0,"46":0,"47":0,"48":0,"49":0,"50":0,"51":0,"52":0,"53":0,"54":0,"55":0,"56":0,"57":0,"58":0,"59":0,"60":0,"61":0,"62":0,"63":0,"64":0,"65":0,"66":33,"67":29,"68":4,"69":4,"70":4,"71":33,"72":27,"73":4,"74":23,"75":2,"76":2,"77":23,"78":19,"79":27,"80":17,"81":3,"82":33,"83":24,"84":14,"85":33,"86":14,"87":4,"88":4,"89":1,"90":33,"91":23,"92":0,"93":0,"94":0,"95":0,"96":0,"97":0,"98":0,"99":23,"100":23,"101":13,"102":33,"103":33,"104":6,"105":0,"106":6,"107":27,"108":3,"109":24,"110":8,"111":16,"112":0,"113":16,"114":33,"115":8,"116":1,"117":7,"118":6,"119":0,"120":0,"121":0,"122":0,"123":0,"124":6,"125":6,"126":6,"127":0,"128":6,"129":6,"130":0,"131":6,"132":6,"133":0,"134":6,"135":6,"136":6,"137":6,"138":6,"139":6,"140":6,"141":1,"142":1,"143":1,"144":1,"145":1,"146":1,"147":1,"148":1,"149":33,"150":2,"151":1,"152":1,"153":2,"154":2,"155":2,"156":2,"157":2,"158":2,"159":2,"160":33,"161":1,"162":1,"163":33,"164":33,"165":1,"166":1,"167":1,"168":33},"f":{"0":33,"1":29,"2":14,"3":0,"4":0,"5":0,"6":0,"7":0,"8":29,"9":27,"10":17,"11":24,"12":14,"13":4,"14":23,"15":0,"16":13,"17":33,"18":8,"19":0,"20":0,"21":2,"22":1,"23":1},"b":{"0":[8],"1":[0,0],"2":[0,0,0],"3":[0,0],"4":[0,0],"5":[0,0],"6":[0,0],"7":[0,0],"8":[0,0],"9":[0,0],"10":[0,0],"11":[0,0],"12":[0,0],"13":[4,25],"14":[29,8,4],"15":[4,23],"16":[27,8],"17":[2,21],"18":[19,4],"19":[3,14],"20":[14,10],"21":[24,20,19],"22":[1,3],"23":[0,0],"24":[0,0],"25":[0,0],"26":[0,0],"27":[0,0],"28":[0,0],"29":[0,0],"30":[6,27],"31":[0,6],"32":[6,0],"33":[3,24],"34":[27,19],"35":[8,16],"36":[0,16],"37":[1,7],"38":[6,1],"39":[0,6],"40":[0,6],"41":[6,0,0],"42":[0,6],"43":[0,0],"44":[6,0],"45":[1,0],"46":[1,1],"47":[2,1],"48":[30,3],"49":[1,0]},"_coverageSchema":"1a1c01bbd47fc00a2c39e90264f33305004495a9","hash":"c40fc9ce45ec6ab1bd1f37711da358a70a59fbcb"}
,"/Users/irimwebforge/dev/apps/resetpulse/src/hooks/useTranslation.js": {"path":"/Users/irimwebforge/dev/apps/resetpulse/src/hooks/useTranslation.js","statementMap":{"0":{"start":{"line":11,"column":12},"end":{"line":13,"column":8}},"1":{"start":{"line":12,"column":4},"end":{"line":12,"column":32}},"2":{"start":{"line":15,"column":2},"end":{"line":15,"column":11}}},"fnMap":{"0":{"name":"useTranslation","decl":{"start":{"line":10,"column":16},"end":{"line":10,"column":30}},"loc":{"start":{"line":10,"column":33},"end":{"line":16,"column":1}},"line":10},"1":{"name":"(anonymous_1)","decl":{"start":{"line":11,"column":24},"end":{"line":11,"column":25}},"loc":{"start":{"line":11,"column":47},"end":{"line":13,"column":3}},"line":11}},"branchMap":{"0":{"loc":{"start":{"line":11,"column":30},"end":{"line":11,"column":42}},"type":"default-arg","locations":[{"start":{"line":11,"column":40},"end":{"line":11,"column":42}}],"line":11}},"s":{"0":10,"1":10,"2":10},"f":{"0":10,"1":10},"b":{"0":[9]},"_coverageSchema":"1a1c01bbd47fc00a2c39e90264f33305004495a9","hash":"fa36f7da06116fcdd6c7aa65580a816c757568e3"}
[...]
n":25}},"2":{"start":{"line":27,"column":4},"end":{"line":27,"column":31}},"3":{"start":{"line":35,"column":4},"end":{"line":35,"column":63}},"4":{"start":{"line":36,"column":4},"end":{"line":36,"column":66}},"5":{"start":{"line":38,"column":4},"end":{"line":79,"column":5}},"6":{"start":{"line":41,"column":35},"end":{"line":41,"column":40}},"7":{"start":{"line":42,"column":24},"end":{"line":42,"column":28}},"8":{"start":{"line":44,"column":6},"end":{"line":44,"column":84}},"9":{"start":{"line":48,"column":6},"end":{"line":48,"column":33}},"10":{"start":{"line":49,"column":6},"end":{"line":49,"column":64}},"11":{"start":{"line":51,"column":6},"end":{"line":51,"column":32}},"12":{"start":{"line":54,"column":25},"end":{"line":54,"column":65}},"13":{"start":{"line":55,"column":27},"end":{"line":55,"column":68}},"14":{"start":{"line":56,"column":6},"end":{"line":59,"column":9}},"15":{"start":{"line":61,"column":6},"end":{"line":61,"column":69}},"16":{"start":{"line":62,"column":6},"end":{"line":62,"column":49}},"17":{"start":{"line":63,"column":6},"end":{"line":63,"column":51}},"18":{"start":{"line":64,"column":6},"end":{"line":64,"column":69}},"19":{"start":{"line":65,"column":6},"end":{"line":65,"column":64}},"20":{"start":{"line":66,"column":6},"end":{"line":66,"column":46}},"21":{"start":{"line":69,"column":6},"end":{"line":77,"column":7}},"22":{"start":{"line":70,"column":8},"end":{"line":70,"column":71}},"23":{"start":{"line":71,"column":8},"end":{"line":71,"column":69}},"24":{"start":{"line":72,"column":8},"end":{"line":72,"column":78}},"25":{"start":{"line":73,"column":8},"end":{"line":73,"column":70}},"26":{"start":{"line":75,"column":8},"end":{"line":75,"column":68}},"27":{"start":{"line":76,"column":8},"end":{"line":76,"column":58}},"28":{"start":{"line":78,"column":6},"end":{"line":78,"column":33}},"29":{"start":{"line":86,"column":4},"end":{"line":91,"column":5}},"30":{"start":{"line":87,"column":6},"end":{"line":89,"column":7}},"31":{"start":{"line":88,"column":8},"end":{"line":88,"column":82}},"32":{"start":{"line":90,"column":6},"end":{"line":90,"column":13}},"33":{"start":{"line":94,"column":31},"end":{"line":97,"column":5}},"34":{"start":{"line":99,"column":4},"end":{"line":99,"column":55}},"35":{"start":{"line":102,"column":4},"end":{"line":106,"column":5}},"36":{"start":{"line":103,"column":6},"end":{"line":103,"column":28}},"37":{"start":{"line":104,"column":6},"end":{"line":104,"column":67}},"38":{"start":{"line":105,"column":6},"end":{"line":105,"column":52}},"39":{"start":{"line":114,"column":4},"end":{"line":114,"column":54}},"40":{"start":{"line":114,"column":47},"end":{"line":114,"column":54}},"41":{"start":{"line":116,"column":4},"end":{"line":116,"column":35}},"42":{"start":{"line":118,"column":4},"end":{"line":120,"column":5}},"43":{"start":{"line":119,"column":6},"end":{"line":119,"column":61}},"44":{"start":{"line":128,"column":4},"end":{"line":128,"column":54}},"45":{"start":{"line":128,"column":47},"end":{"line":128,"column":54}},"46":{"start":{"line":129,"column":4},"end":{"line":129,"column":54}},"47":{"start":{"line":143,"column":4},"end":{"line":145,"column":7}},"48":{"start":{"line":158,"column":4},"end":{"line":163,"column":7}},"49":{"start":{"line":176,"column":4},"end":{"line":176,"column":41}},"50":{"start":{"line":188,"column":4},"end":{"line":191,"column":7}},"51":{"start":{"line":204,"column":4},"end":{"line":208,"column":7}},"52":{"start":{"line":220,"column":4},"end":{"line":223,"column":7}},"53":{"start":{"line":237,"column":4},"end":{"line":241,"column":7}},"54":{"start":{"line":254,"column":4},"end":{"line":254,"column":49}},"55":{"start":{"line":263,"column":4},"end":{"line":263,"column":47}},"56":{"start":{"line":272,"column":4},"end":{"line":272,"column":47}},"57":{"start":{"line":283,"column":4},"end":{"line":285,"column":7}},"58":{"start":{"line":296,"column":4},"end":{"line":298,"column":7}},"59":{"start":{"line":311,"column":4},"end":{"line":315,"column":7}},"60":{"start":{"line":329,"column":4},"end":{"line":331,"column":7}},"61":{"start":{"line":342,"column":4},"end":{"line":344,"column":7}},"62":{"start":{"line":357,"column":4},"end":{"line":362,"column":7}},"63":{"start":{"line":375,"column":4},"end":{"line":379,"column":7}},"64":{"start":{"line":397,"column":4},"end":{"line":404,"column":7}},"65":{"start":{"line":417,"column":4},"end":{"line":422,"column":7}},"66":{"start":{"line":436,"column":27},"end":{"line":436,"column":72}},"67":{"start":{"line":438,"column":4},"end":{"line":444,"column":7}},"68":{"start":{"line":457,"column":4},"end":{"line":457,"column":43}},"69":{"start":{"line":466,"column":4},"end":{"line":466,"column":45}},"70":{"start":{"line":475,"column":4},"end":{"line":475,"column":55}},"71":{"start":{"line":484,"column":4},"end":{"line":484,"column":49}},"72":{"start":{"line":499,"column":4},"end":{"line":501,"column":7}},"73":{"start":{"line":512,"column":4},"end":{"line":514,"column":7}},"74":{"start":{"line":525,"column":4},"end":{"line":527,"column":7}},"75":{"start":{"line":544,"column":4},"end":{"line":548,"column":7}},"76":{"start":{"line":565,"column":4},"end":{"line":570,"column":7}},"77":{"start":{"line":581,"column":4},"end":{"line":583,"column":7}},"78":{"start":{"line":595,"column":4},"end":{"line":598,"column":7}},"79":{"start":{"line":610,"column":4},"end":{"line":613,"column":7}},"80":{"start":{"line":622,"column":4},"end":{"line":622,"column":58}},"81":{"start":{"line":633,"column":4},"end":{"line":635,"column":7}}},"fnMap":{"0":{"name":"(anonymous_0)","decl":{"start":{"line":25,"column":2},"end":{"line":25,"column":3}},"loc":{"start":{"line":25,"column":16},"end":{"line":28,"column":3}},"line":25},"1":{"name":"(anonymous_1)","decl":{"start":{"line":34,"column":2},"end":{"line":34,"column":3}},"loc":{"start":{"line":34,"column":15},"end":{"line":80,"column":3}},"line":34},"2":{"name":"(anonymous_2)","decl":{"start":{"line":85,"column":2},"end":{"line":85,"column":3}},"loc":{"start":{"line":85,"column":36},"end":{"line":107,"column":3}},"line":85},"3":{"name":"(anonymous_3)","decl":{"start":{"line":113,"column":2},"end":{"line":113,"column":3}},"loc":{"start":{"line":113,"column":19},"end":{"line":121,"column":3}},"line":113},"4":{"name":"(anonymous_4)","decl":{"start":{"line":127,"column":2},"end":{"line":127,"column":3}},"loc":{"start":{"line":127,"column":33},"end":{"line":130,"column":3}},"line":127},"5":{"name":"(anonymous_5)","decl":{"start":{"line":142,"column":2},"end":{"line":142,"column":3}},"loc":{"start":{"line":142,"column":40},"end":{"line":146,"column":3}},"line":142},"6":{"name":"(anonymous_6)","decl":{"start":{"line":157,"column":2},"end":{"line":157,"column":3}},"loc":{"start":{"line":157,"column":74},"end":{"line":164,"column":3}},"line":157},"7":{"name":"(anonymous_7)","decl":{"start":{"line":175,"column":2},"end":{"line":175,"column":3}},"loc":{"start":{"line":175,"column":27},"end":{"line":177,"column":3}},"line":175},"8":{"name":"(anonymous_8)","decl":{"start":{"line":187,"column":2},"end":{"line":187,"column":3}},"loc":{"start":{"line":187,"column":44},"end":{"line":192,"column":3}},"line":187},"9":{"name":"(anonymous_9)","decl":{"start":{"line":203,"column":2},"end":{"line":203,"column":3}},"loc":{"start":{"line":203,"column":58},"end":{"line":209,"column":3}},"line":203},"10":{"name":"(anonymous_10)","decl":{"start":{"line":219,"column":2},"end":{"line":219,"column":3}},"loc":{"start":{"line":219,"column":43},"end":{"line":224,"column":3}},"line":219},"11":{"name":"(anonymous_11)","decl":{"start":{"line":236,"column":2},"end":{"line":236,"column":3}},"loc":{"start":{"line":236,"column":32},"end":{"line":242,"column":3}},"line":236},"12":{"name":"(anonymous_12)","decl":{"start":{"line":253,"column":2},"end":{"line":253,"column":3}},"loc":{"start":{"line":253,"column":34},"end":{"line":255,"column":3}},"line":253},"13":{"name":"(anonymous_13)","decl":{"start":{"line":262,"column":2},"end":{"line":262,"column":3}},"loc":{"start":{"line":262,"column":32},"end":{"line":264,"column":3}},"line":262},"14":{"name":"(anonymous_14)","decl":{"start":{"line":271,"column":2},"end":{"line":271,"column":3}},"loc":{"start":{"line":271,"column":32},"end":{"line":273,"column":3}},"line":271},"15":{"name":"(anonymous_15)","decl":{"start":{"line":282,"column":2},"end":{"line":282,"column":3}},"loc":{"start":{"line":282,"column":40},"end":{"line":286,"column":3}},"line":282},"16":{"name":"(anonymous_16)","decl":{"start":{"line":295,"column":2},"end":{"line":295,"column":3}},"loc":{"start":{"line":295,"column":40},"end":{"line":299,"column":3}},"line":295},"17":{"name":"(anonymous_17)","decl":{"start":{"line":310,"column":2},"end":{"line":310,"column":3}},"loc":{"start":{"line":310,"column":76},"end":{"line":316,"column":3}},"line":310},"18":{"name":"(anonymous_18)","decl":{"start":{"line":328,"column":2},"end":{"line":328,"column":3}},"loc":{"start":{"line":328,"column":41},"end":{"line":332,"column":3}},"line":328},"19":{"name":"(anonymous_19)","decl":{"start":{"line":341,"column":2},"end":{"line":341,"column":3}},"loc":{"start":{"line":341,"column":39},"end":{"line":345,"column":3}},"line":341},"20":{"name":"(anonymous_20)","decl":{"start":{"line":356,"column":2},"end":{"line":356,"column":3}},"loc":{"start":{"line":356,"column":66},"end":{"line":363,"column":3}},"line":356},"21":{"name":"(anonymous_21)","decl":{"start":{"line":374,"column":2},"end":{"line":374,"column":3}},"loc":{"start":{"line":374,"column":66},"end":{"line":380,"column":3}},"line":374},"22":{"name":"(anonymous_22)","decl":{"start":{"line":396,"column":2},"end":{"line":396,"column":3}},"loc":{"start":{"line":396,"column":56},"end":{"line":405,"column":3}},"line":396},"23":{"name":"(anonymous_23)","decl":{"start":{"line":416,"column":2},"end":{"line":416,"column":3}},"loc":{"start":{"line":416,"column":64},"end":{"line":423,"column":3}},"line":416},"24":{"name":"(anonymous_24)","decl":{"start":{"line":435,"column":2},"end":{"line":435,"column":3}},"loc":{"start":{"line":435,"column":85},"end":{"line":445,"column":3}},"line":435},"25":{"name":"(anonymous_25)","decl":{"start":{"line":456,"column":2},"end":{"line":456,"column":3}},"loc":{"start":{"line":456,"column":28},"end":{"line":458,"column":3}},"line":456},"26":{"name":"(anonymous_26)","decl":{"start":{"line":465,"column":2},"end":{"line":465,"column":3}},"loc":{"start":{"line":465,"column":29},"end":{"line":467,"column":3}},"line":465},"27":{"name":"(anonymous_27)","decl":{"start":{"line":474,"column":2},"end":{"line":474,"column":3}},"loc":{"start":{"line":474,"column":38},"end":{"line":476,"column":3}},"line":474},"28":{"name":"(anonymous_28)","decl":{"start":{"line":483,"column":2},"end":{"line":483,"column":3}},"loc":{"start":{"line":483,"column":33},"end":{"line":485,"column":3}},"line":483},"29":{"name":"(anonymous_29)","decl":{"start":{"line":498,"column":2},"end":{"line":498,"column":3}},"loc":{"start":{"line":498,"column":33},"end":{"line":502,"column":3}},"line":498},"30":{"name":"(anonymous_30)","decl":{"start":{"line":511,"column":2},"end":{"line":511,"column":3}},"loc":{"start":{"line":511,"column":41},"end":{"line":515,"column":3}},"line":511},"31":{"name":"(anonymous_31)","decl":{"start":{"line":524,"column":2},"end":{"line":524,"column":3}},"loc":{"start":{"line":524,"column":37},"end":{"line":528,"column":3}},"line":524},"32":{"name":"(anonymous_32)","decl":{"start":{"line":543,"column":2},"end":{"line":543,"column":3}},"loc":{"start":{"line":543,"column":62},"end":{"line":549,"column":3}},"line":543},"33":{"name":"(anonymous_33)","decl":{"start":{"line":564,"column":2},"end":{"line":564,"column":3}},"loc":{"start":{"line":564,"column":65},"end":{"line":571,"column":3}},"line":564},"34":{"name":"(anonymous_34)","decl":{"start":{"line":580,"column":2},"end":{"line":580,"column":3}},"loc":{"start":{"line":580,"column":40},"end":{"line":584,"column":3}},"line":580},"35":{"name":"(anonymous_35)","decl":{"start":{"line":594,"column":2},"end":{"line":594,"column":3}},"loc":{"start":{"line":594,"column":52},"end":{"line":599,"column":3}},"line":594},"36":{"name":"(anonymous_36)","decl":{"start":{"line":609,"column":2},"end":{"line":609,"column":3}},"loc":{"start":{"line":609,"column":49},"end":{"line":614,"column":3}},"line":609},"37":{"name":"(anonymous_37)","decl":{"start":{"line":621,"column":2},"end":{"line":621,"column":3}},"loc":{"start":{"line":621,"column":45},"end":{"line":623,"column":3}},"line":621},"38":{"name":"(anonymous_38)","decl":{"start":{"line":632,"column":2},"end":{"line":632,"column":3}},"loc":{"start":{"line":632,"column":39},"end":{"line":636,"column":3}},"line":632}},"branchMap":{"0":{"loc":{"start":{"line":54,"column":25},"end":{"line":54,"column":65}},"type":"binary-expr","locations":[{"start":{"line":54,"column":25},"end":{"line":54,"column":54}},{"start":{"line":54,"column":58},"end":{"line":54,"column":65}}],"line":54},"1":{"loc":{"start":{"line":55,"column":27},"end":{"line":55,"column":68}},"type":"cond-expr","locations":[{"start":{"line":55,"column":51},"end":{"line":55,"column":56}},{"start":{"line":55,"column":59},"end":{"line":55,"column":68}}],"line":55},"2":{"loc":{"start":{"line":69,"column":6},"end":{"line":77,"column":7}},"type":"if","locations":[{"start":{"line":69,"column":6},"end":{"line":77,"column":7}},{"start":{"line":74,"column":13},"end":{"line":77,"column":7}}],"line":69},"3":{"loc":{"start":{"line":69,"column":10},"end":{"line":69,"column":58}},"type":"binary-expr","locations":[{"start":{"line":69,"column":10},"end":{"line":69,"column":47}},{"start":{"line":69,"column":51},"end":{"line":69,"column":58}}],"line":69},"4":{"loc":{"start":{"line":85,"column":19},"end":{"line":85,"column":34}},"type":"default-arg","locations":[{"start":{"line":85,"column":32},"end":{"line":85,"column":34}}],"line":85},"5":{"loc":{"start":{"line":86,"column":4},"end":{"line":91,"column":5}},"type":"if","locations":[{"start":{"line":86,"column":4},"end":{"line":91,"column":5}},{"start":{},"end":{}}],"line":86},"6":{"loc":{"start":{"line":86,"column":8},"end":{"line":86,"column":45}},"type":"binary-expr","locations":[{"start":{"line":86,"column":8},"end":{"line":86,"column":27}},{"start":{"line":86,"column":31},"end":{"line":86,"column":45}}],"line":86},"7":{"loc":{"start":{"line":87,"column":6},"end":{"line":89,"column":7}},"type":"if","locations":[{"start":{"line":87,"column":6},"end":{"line":89,"column":7}},{"start":{},"end":{}}],"line":87},"8":{"loc":{"start":{"line":102,"column":4},"end":{"line":106,"column":5}},"type":"if","locations":[{"start":{"line":102,"column":4},"end":{"line":106,"column":5}},{"start":{},"end":{}}],"line":102},"9":{"loc":{"start":{"line":114,"column":4},"end":{"line":114,"column":54}},"type":"if","locations":[{"start":{"line":114,"column":4},"end":{"line":114,"column":54}},{"start":{},"end":{}}],"line":114},"10":{"loc":{"start":{"line":114,"column":8},"end":{"line":114,"column":45}},"type":"binary-expr","locations":[{"start":{"line":114,"column":8},"end":{"line":114,"column":27}},{"start":{"line":114,"column":31},"end":{"line":114,"column":45}}],"line":114},"11":{"loc":{"start":{"line":118,"column":4},"end":{"line":120,"column":5}},"type":"if","locations":[{"start":{"line":118,"column":4},"end":{"line":120,"column":5}},{"start":{},"end":{}}],"line":118},"12":{"loc":{"start":{"line":128,"column":4},"end":{"line":128,"column":54}},"type":"if","locations":[{"start":{"line":128,"column":4},"end":{"line":128,"column":54}},{"start":{},"end":{}}],"line":128},"13":{"loc":{"start":{"line":128,"column":8},"end":{"line":128,"column":45}},"type":"binary-expr","locations":[{"start":{"line":128,"column":8},"end":{"line":128,"column":27}},{"start":{"line":128,"column":31},"end":{"line":128,"column":45}}],"line":128},"14":{"loc":{"start":{"line":142,"column":17},"end":{"line":142,"column":38}},"type":"default-arg","locations":[{"start":{"line":142,"column":33},"end":{"line":142,"column":38}}],"line":142},"15":{"loc":{"start":{"line":157,"column":27},"end":{"line":157,"column":45}},"type":"default-arg","locations":[{"start":{"line":157,"column":36},"end":{"line":157,"column":45}}],"line":157},"16":{"loc":{"start":{"line":157,"column":47},"end":{"line":157,"column":57}},"type":"default-arg","locations":[{"start":{"line":157,"column":55},"end":{"line":157,"column":57}}],"line":157},"17":{"loc":{"start":{"line":157,"column":59},"end":{"line":157,"column":72}},"type":"default-arg","locations":[{"start":{"line":157,"column":68},"end":{"line":157,"column":72}}],"line":157},"18":{"loc":{"start":{"line":203,"column":47},"end":{"line":203,"column":56}},"type":"default-arg","locations":[{"start":{"line":203,"column":54},"end":{"line":203,"column":56}}],"line":203},"19":{"loc":{"start":{"line":328,"column":21},"end":{"line":328,"column":39}},"type":"default-arg","locations":[{"start":{"line":328,"column":30},"end":{"line":328,"column":39}}],"line":328},"20":{"loc":{"start":{"line":400,"column":19},"end":{"line":400,"column":41}},"type":"binary-expr","locations":[{"start":{"line":400,"column":19},"end":{"line":400,"column":31}},{"start":{"line":400,"column":35},"end":{"line":400,"column":41}}],"line":400},"21":{"loc":{"start":{"line":401,"column":22},"end":{"line":401,"column":45}},"type":"binary-expr","locations":[{"start":{"line":401,"column":22},"end":{"line":401,"column":37}},{"start":{"line":401,"column":41},"end":{"line":401,"column":45}}],"line":401},"22":{"loc":{"start":{"line":416,"column":42},"end":{"line":416,"column":62}},"type":"default-arg","locations":[{"start":{"line":416,"column":59},"end":{"line":416,"column":62}}],"line":416},"23":{"loc":{"start":{"line":420,"column":19},"end":{"line":420,"column":41}},"type":"binary-expr","locations":[{"start":{"line":420,"column":19},"end":{"line":420,"column":31}},{"start":{"line":420,"column":35},"end":{"line":420,"column":41}}],"line":420},"24":{"loc":{"start":{"line":435,"column":48},"end":{"line":435,"column":66}},"type":"default-arg","locations":[{"start":{"line":435,"column":57},"end":{"line":435,"column":66}}],"line":435},"25":{"loc":{"start":{"line":435,"column":68},"end":{"line":435,"column":83}},"type":"default-arg","locations":[{"start":{"line":435,"column":79},"end":{"line":435,"column":83}}],"line":435},"26":{"loc":{"start":{"line":443,"column":19},"end":{"line":443,"column":41}},"type":"binary-expr","locations":[{"start":{"line":443,"column":19},"end":{"line":443,"column":31}},{"start":{"line":443,"column":35},"end":{"line":443,"column":41}}],"line":443},"27":{"loc":{"start":{"line":543,"column":45},"end":{"line":543,"column":60}},"type":"default-arg","locations":[{"start":{"line":543,"column":56},"end":{"line":543,"column":60}}],"line":543}},"s":{"0":1,"1":1,"2":1,"3":14,"4":14,"5":14,"6":14,"7":14,"8":14,"9":14,"10":14,"11":14,"12":14,"13":14,"14":14,"15":14,"16":14,"17":14,"18":14,"19":14,"20":14,"21":0,"22":0,"23":0,"24":0,"25":0,"26":0,"27":0,"28":0,"29":14,"30":2,"31":2,"32":2,"33":12,"34":12,"35":12,"36":12,"37":12,"38":12,"39":0,"40":0,"41":0,"42":0,"43":0,"44":14,"45":0,"46":14,"47":0,"48":3,"49":3,"50":2,"51":3,"52":1,"53":2,"54":0,"55":0,"56":0,"57":0,"58":0,"59":0,"60":0,"61":0,"62":0,"63":0,"64":0,"65":0,"66":0,"67":0,"68":0,"69":0,"70":0,"71":0,"72":0,"73":0,"74":0,"75":0,"76":0,"77":0,"78":0,"79":0,"80":0,"81":0},"f":{"0":1,"1":14,"2":14,"3":0,"4":14,"5":0,"6":3,"7":3,"8":2,"9":3,"10":1,"11":2,"12":0,"13":0,"14":0,"15":0,"16":0,"17":0,"18":0,"19":0,"20":0,"21":0,"22":0,"23":0,"24":0,"25":0,"26":0,"27":0,"28":0,"29":0,"30":0,"31":0,"32":0,"33":0,"34":0,"35":0,"36":0,"37":0,"38":0},"b":{"0":[14,0],"1":[14,0],"2":[0,0],"3":[0,0],"4":[0],"5":[2,12],"6":[14,12],"7":[2,0],"8":[12,0],"9":[0,0],"10":[0,0],"11":[0,0],"12":[0,14],"13":[14,14],"14":[0],"15":[1],"16":[1],"17":[1],"18":[1],"19":[0],"20":[0,0],"21":[0,0],"22":[0],"23":[0,0],"24":[0],"25":[0],"26":[0,0],"27":[0]},"_coverageSchema":"1a1c01bbd47fc00a2c39e90264f33305004495a9","hash":"5234df39f2b1535ed9042259c14d4220b7a48714"}
}
