TN:
SF:src/constants/uiConstants.js
FNF:0
FNH:0
DA:8,1
DA:14,1
DA:25,1
DA:33,1
DA:59,1
DA:66,1
LF:6
LH:6
BRF:0
BRH:0
end_of_record
TN:
SF:src/hooks/useDialOrientation.js
FN:10,useDialOrientation
FN:12,(anonymous_1)
FN:30,(anonymous_2)
FN:55,(anonymous_3)
FN:84,(anonymous_4)
FN:103,(anonymous_5)
FN:142,(anonymous_6)
FN:168,(anonymous_7)
FNF:8
FNH:4
FNDA:16,useDialOrientation
FNDA:16,(anonymous_1)
FNDA:31,(anonymous_2)
FNDA:22,(anonymous_3)
FNDA:0,(anonymous_4)
FNDA:0,(anonymous_5)
FNDA:0,(anonymous_6)
FNDA:0,(anonymous_7)
DA:12,16
DA:13,16
DA:14,16
DA:16,16
DA:30,16
DA:32,31
DA:33,31
DA:38,26
DA:40,26
DA:41,22
DA:43,4
DA:47,26
DA:55,16
DA:57,22
DA:58,22
DA:60,5
DA:61,4
DA:62,3
DA:66,17
DA:67,17
DA:69,17
DA:70,13
DA:72,4
DA:84,16
DA:85,0
DA:86,0
DA:89,0
DA:90,0
DA:92,0
DA:103,16
DA:104,0
DA:105,0
DA:107,0
DA:108,0
DA:110,0
DA:111,0
DA:112,0
DA:114,0
DA:122,0
DA:123,0
DA:125,0
DA:142,16
DA:143,0
DA:144,0
DA:145,0
DA:147,0
DA:148,0
DA:149,0
DA:151,0
DA:152,0
DA:153,0
DA:155,0
DA:158,0
DA:168,16
DA:169,0
DA:170,0
DA:172,0
DA:173,0
DA:174,0
DA:176,0
DA:177,0
DA:179,0
DA:180,0
DA:181,0
DA:182,0
DA:184,0
DA:191,0
DA:194,16
LF:68
LH:28
BRDA:13,0,0,14
BRDA:13,0,1,2
BRDA:33,1,0,5
BRDA:33,1,1,26
BRDA:40,2,0,22
BRDA:40,2,1,4
BRDA:58,3,0,5
BRDA:58,3,1,17
BRDA:60,4,0,1
BRDA:60,4,1,4
BRDA:60,5,0,1
BRDA:60,5,1,0
BRDA:61,6,0,1
BRDA:61,6,1,3
BRDA:61,7,0,1
BRDA:61,7,1,0
BRDA:69,8,0,13
BRDA:69,8,1,4
BRDA:90,9,0,0
BRDA:90,9,1,0
BRDA:104,10,0,0
BRDA:104,10,1,0
BRDA:105,11,0,0
BRDA:105,11,1,0
BRDA:110,12,0,0
BRDA:110,12,1,0
BRDA:117,13,0,0
BRDA:117,13,1,0
BRDA:128,14,0,0
BRDA:128,14,1,0
BRDA:144,15,0,0
BRDA:144,15,1,0
BRDA:149,16,0,0
BRDA:149,16,1,0
BRDA:176,17,0,0
BRDA:176,17,1,0
BRF:36
BRH:16
end_of_record
TN:
SF:src/hooks/useTimer.js
FN:7,useTimer
FN:23,(anonymous_1)
FN:33,(anonymous_2)
FN:56,(anonymous_3)
FN:69,(anonymous_4)
FN:84,(anonymous_5)
FN:93,(anonymous_6)
FN:106,(anonymous_7)
FN:114,(anonymous_8)
FN:121,(anonymous_9)
FN:122,(anonymous_10)
FN:131,(anonymous_11)
FN:152,(anonymous_12)
FN:162,(anonymous_13)
FN:170,(anonymous_14)
FN:175,(anonymous_15)
FN:188,(anonymous_16)
FN:197,(anonymous_17)
FN:208,(anonymous_18)
FNF:19
FNH:13
FNDA:34,useTimer
FNDA:32,(anonymous_1)
FNDA:0,(anonymous_2)
FNDA:0,(anonymous_3)
FNDA:0,(anonymous_4)
FNDA:32,(anonymous_5)
FNDA:29,(anonymous_6)
FNDA:19,(anonymous_7)
FNDA:23,(anonymous_8)
FNDA:14,(anonymous_9)
FNDA:4,(anonymous_10)
FNDA:34,(anonymous_11)
FNDA:8,(anonymous_12)
FNDA:0,(anonymous_13)
FNDA:0,(anonymous_14)
FNDA:0,(anonymous_15)
FNDA:2,(anonymous_16)
FNDA:1,(anonymous_17)
FNDA:1,(anonymous_18)
DA:9,34
DA:10,34
DA:11,34
DA:12,34
DA:15,34
DA:16,34
DA:17,34
DA:18,34
DA:21,34
DA:22,34
DA:23,34
DA:24,32
DA:28,34
DA:29,34
DA:30,34
DA:33,34
DA:34,0
DA:36,0
DA:37,0
DA:38,0
DA:40,0
DA:42,0
DA:43,0
DA:44,0
DA:46,0
DA:47,0
DA:48,0
DA:51,0
DA:52,0
DA:53,0
DA:56,0
DA:59,0
DA:60,0
DA:64,0
DA:65,0
DA:69,0
DA:70,0
DA:71,0
DA:72,0
DA:77,0
DA:78,0
DA:84,34
DA:85,32
DA:86,5
DA:87,5
DA:88,5
DA:93,34
DA:94,29
DA:95,5
DA:97,24
DA:98,2
DA:99,2
DA:101,24
DA:102,19
DA:106,29
DA:107,19
DA:108,3
DA:114,34
DA:115,23
DA:116,17
DA:121,34
DA:122,14
DA:123,4
DA:124,4
DA:125,1
DA:131,34
DA:132,34
DA:133,5
DA:134,0
DA:137,5
DA:139,29
DA:140,3
DA:142,26
DA:143,10
DA:145,16
DA:146,0
DA:148,16
DA:152,34
DA:153,8
DA:155,1
DA:156,1
DA:157,1
DA:158,1
DA:159,1
DA:160,1
DA:161,1
DA:162,1
DA:163,1
DA:164,7
DA:166,6
DA:168,0
DA:169,0
DA:170,0
DA:173,6
DA:174,6
DA:175,6
DA:177,6
DA:178,6
DA:181,1
DA:182,1
DA:183,1
DA:184,1
DA:188,34
DA:189,2
DA:190,2
DA:191,2
DA:192,2
DA:193,2
DA:194,2
DA:197,34
DA:198,1
DA:199,1
DA:205,34
DA:208,34
DA:209,1
DA:210,1
DA:212,1
DA:216,34
LF:118
LH:88
BRDA:7,0,0,7
BRDA:34,1,0,0
BRDA:34,1,1,0
BRDA:34,2,0,0
BRDA:34,2,1,0
BRDA:34,2,2,0
BRDA:42,3,0,0
BRDA:42,3,1,0
BRDA:42,4,0,0
BRDA:42,4,1,0
BRDA:44,5,0,0
BRDA:44,5,1,0
BRDA:51,6,0,0
BRDA:51,6,1,0
BRDA:59,7,0,0
BRDA:59,7,1,0
BRDA:64,8,0,0
BRDA:64,8,1,0
BRDA:70,9,0,0
BRDA:70,9,1,0
BRDA:77,10,0,0
BRDA:77,10,1,0
BRDA:85,11,0,5
BRDA:85,11,1,27
BRDA:85,12,0,32
BRDA:85,12,1,10
BRDA:85,12,2,5
BRDA:94,13,0,5
BRDA:94,13,1,24
BRDA:94,14,0,29
BRDA:94,14,1,10
BRDA:97,15,0,2
BRDA:97,15,1,22
BRDA:101,16,0,19
BRDA:101,16,1,5
BRDA:107,17,0,3
BRDA:107,17,1,16
BRDA:115,18,0,17
BRDA:115,18,1,6
BRDA:115,19,0,23
BRDA:115,19,1,18
BRDA:124,20,0,1
BRDA:124,20,1,3
BRDA:132,21,0,5
BRDA:132,21,1,29
BRDA:133,22,0,0
BRDA:133,22,1,5
BRDA:133,23,0,5
BRDA:133,23,1,0
BRDA:139,24,0,3
BRDA:139,24,1,26
BRDA:139,25,0,29
BRDA:139,25,1,19
BRDA:142,26,0,10
BRDA:142,26,1,16
BRDA:145,27,0,0
BRDA:145,27,1,16
BRDA:153,28,0,1
BRDA:153,28,1,7
BRDA:155,29,0,0
BRDA:155,29,1,1
BRDA:164,30,0,6
BRDA:164,30,1,1
BRDA:166,31,0,0
BRDA:166,31,1,6
BRDA:205,32,0,31
BRDA:205,32,1,3
BRDA:210,33,0,1
BRDA:210,33,1,0
BRF:69
BRH:42
end_of_record
TN:
SF:src/hooks/__tests__/test-utils.js
FN:9,renderHook
FN:14,TestComponent
FN:23,(anonymous_2)
FN:31,(anonymous_3)
FN:32,(anonymous_4)
FN:36,(anonymous_5)
FN:37,(anonymous_6)
FNF:7
FNH:5
FNDA:30,renderHook
FNDA:50,TestComponent
FNDA:30,(anonymous_2)
FNDA:0,(anonymous_3)
FNDA:0,(anonymous_4)
FNDA:4,(anonymous_5)
FNDA:4,(anonymous_6)
DA:10,30
DA:11,30
DA:15,50
DA:16,50
DA:18,0
DA:20,50
DA:23,30
DA:24,30
DA:27,30
DA:29,30
DA:32,0
DA:33,0
DA:37,4
DA:38,4
LF:14
LH:11
BRDA:27,0,0,0
BRDA:27,0,1,30
BRF:2
BRH:1
end_of_record
