TN:
SF:src/components/buttons/Button.jsx
FN:16,(anonymous_0)
FN:42,(anonymous_1)
FN:43,(anonymous_2)
FN:69,(anonymous_3)
FN:96,(anonymous_4)
FN:97,(anonymous_5)
FN:119,(anonymous_6)
FN:144,(anonymous_7)
FN:145,(anonymous_8)
FN:167,(anonymous_9)
FN:185,(anonymous_10)
FN:186,(anonymous_11)
FNF:12
FNH:4
FNDA:5,(anonymous_0)
FNDA:0,(anonymous_1)
FNDA:0,(anonymous_2)
FNDA:3,(anonymous_3)
FNDA:0,(anonymous_4)
FNDA:0,(anonymous_5)
FNDA:2,(anonymous_6)
FNDA:0,(anonymous_7)
FNDA:0,(anonymous_8)
FNDA:3,(anonymous_9)
FNDA:0,(anonymous_10)
FNDA:0,(anonymous_11)
DA:16,1
DA:24,5
DA:25,5
DA:27,5
DA:42,0
DA:43,0
DA:69,1
DA:76,3
DA:77,3
DA:79,3
DA:96,0
DA:97,0
DA:119,1
DA:126,2
DA:127,2
DA:129,2
DA:144,0
DA:145,0
DA:167,1
DA:174,3
DA:175,3
DA:177,3
DA:185,0
DA:186,0
DA:206,1
LF:25
LH:17
BRDA:19,0,0,4
BRDA:20,1,0,3
BRDA:37,2,0,5
BRDA:37,2,1,1
BRDA:38,3,0,5
BRDA:38,3,1,0
BRDA:44,4,0,5
BRDA:44,4,1,4
BRDA:47,5,0,2
BRDA:47,5,1,3
BRDA:72,6,0,3
BRDA:91,7,0,3
BRDA:91,7,1,0
BRDA:92,8,0,3
BRDA:92,8,1,0
BRDA:122,9,0,2
BRDA:139,10,0,2
BRDA:139,10,1,0
BRDA:140,11,0,2
BRDA:140,11,1,0
BRDA:170,12,0,3
BRDA:181,13,0,3
BRDA:181,13,1,0
BRDA:196,14,0,3
BRDA:196,14,1,0
BRF:25
BRH:18
end_of_record
TN:
SF:src/components/carousels/ActivityCarousel.jsx
FN:32,ActivityCarousel
FN:60,(anonymous_1)
FN:63,(anonymous_2)
FN:75,(anonymous_3)
FN:80,(anonymous_4)
FN:82,(anonymous_5)
FN:86,(anonymous_6)
FN:91,(anonymous_7)
FN:99,(anonymous_8)
FN:107,(anonymous_9)
FN:113,(anonymous_10)
FN:116,(anonymous_11)
FN:118,(anonymous_12)
FN:123,(anonymous_13)
FN:132,(anonymous_14)
FN:133,(anonymous_15)
FN:137,(anonymous_16)
FN:138,(anonymous_17)
FN:142,(anonymous_18)
FN:144,(anonymous_19)
FN:150,(anonymous_20)
FN:156,(anonymous_21)
FN:161,(anonymous_22)
FN:163,(anonymous_23)
FN:227,(anonymous_24)
FN:240,(anonymous_25)
FN:241,(anonymous_26)
FN:263,(anonymous_27)
FN:268,(anonymous_28)
FN:269,(anonymous_29)
FN:273,(anonymous_30)
FN:274,(anonymous_31)
FN:279,(anonymous_32)
FNF:33
FNH:6
FNDA:13,ActivityCarousel
FNDA:13,(anonymous_1)
FNDA:0,(anonymous_2)
FNDA:13,(anonymous_3)
FNDA:13,(anonymous_4)
FNDA:0,(anonymous_5)
FNDA:65,(anonymous_6)
FNDA:0,(anonymous_7)
FNDA:0,(anonymous_8)
FNDA:0,(anonymous_9)
FNDA:0,(anonymous_10)
FNDA:0,(anonymous_11)
FNDA:0,(anonymous_12)
FNDA:0,(anonymous_13)
FNDA:0,(anonymous_14)
FNDA:0,(anonymous_15)
FNDA:0,(anonymous_16)
FNDA:0,(anonymous_17)
FNDA:0,(anonymous_18)
FNDA:0,(anonymous_19)
FNDA:0,(anonymous_20)
FNDA:0,(anonymous_21)
FNDA:0,(anonymous_22)
FNDA:0,(anonymous_23)
FNDA:65,(anonymous_24)
FNDA:0,(anonymous_25)
FNDA:0,(anonymous_26)
FNDA:0,(anonymous_27)
FNDA:0,(anonymous_28)
FNDA:0,(anonymous_29)
FNDA:0,(anonymous_30)
FNDA:0,(anonymous_31)
FNDA:0,(anonymous_32)
DA:33,13
DA:34,13
DA:41,13
DA:42,13
DA:43,13
DA:44,13
DA:45,13
DA:46,13
DA:47,13
DA:48,13
DA:49,13
DA:50,13
DA:51,13
DA:52,13
DA:54,13
DA:55,13
DA:56,13
DA:57,13
DA:60,13
DA:61,13
DA:63,0
DA:64,0
DA:65,0
DA:66,0
DA:67,0
DA:68,0
DA:69,0
DA:70,0
DA:71,0
DA:75,13
DA:76,13
DA:80,13
DA:81,13
DA:82,1
DA:86,13
DA:87,65
DA:88,65
DA:91,13
DA:92,0
DA:93,0
DA:99,13
DA:100,0
DA:107,13
DA:108,0
DA:109,0
DA:113,0
DA:116,13
DA:117,0
DA:118,0
DA:119,0
DA:120,0
DA:123,0
DA:124,0
DA:125,0
DA:126,0
DA:127,0
DA:128,0
DA:129,0
DA:132,13
DA:133,0
DA:134,0
DA:137,13
DA:138,0
DA:139,0
DA:142,13
DA:143,0
DA:144,0
DA:145,0
DA:146,0
DA:150,13
DA:151,0
DA:152,0
DA:153,0
DA:156,13
DA:157,0
DA:158,0
DA:161,13
DA:162,0
DA:163,0
DA:164,0
DA:165,0
DA:167,0
DA:170,13
DA:196,13
DA:228,65
DA:229,65
DA:230,65
DA:232,65
DA:240,0
DA:241,0
DA:263,0
DA:268,0
DA:269,0
DA:273,0
DA:274,0
DA:280,0
DA:281,0
LF:97
LH:44
BRDA:32,0,0,11
BRDA:32,1,0,11
BRDA:39,2,0,0
BRDA:40,3,0,0
BRDA:61,4,0,13
BRDA:61,4,1,0
BRDA:64,5,0,0
BRDA:64,5,1,0
BRDA:65,6,0,0
BRDA:65,6,1,0
BRDA:68,7,0,0
BRDA:68,7,1,0
BRDA:68,8,0,0
BRDA:68,8,1,0
BRDA:69,9,0,0
BRDA:69,9,1,0
BRDA:69,10,0,0
BRDA:69,10,1,0
BRDA:70,11,0,0
BRDA:70,11,1,0
BRDA:70,12,0,0
BRDA:70,12,1,0
BRDA:76,13,0,0
BRDA:76,13,1,13
BRDA:81,14,0,1
BRDA:81,14,1,12
BRDA:81,15,0,13
BRDA:81,15,1,1
BRDA:87,16,0,60
BRDA:87,16,1,5
BRDA:117,17,0,0
BRDA:117,17,1,0
BRDA:117,18,0,0
BRDA:117,18,1,0
BRDA:126,19,0,0
BRDA:126,19,1,0
BRDA:127,20,0,0
BRDA:127,20,1,0
BRDA:143,21,0,0
BRDA:143,21,1,0
BRDA:157,22,0,0
BRDA:157,22,1,0
BRDA:162,23,0,0
BRDA:162,23,1,0
BRDA:163,24,0,0
BRDA:163,24,1,0
BRDA:165,25,0,0
BRDA:165,25,1,0
BRDA:198,26,0,13
BRDA:198,26,1,13
BRDA:229,27,0,65
BRDA:229,27,1,0
BRDA:229,27,2,0
BRDA:248,28,0,0
BRDA:248,28,1,13
BRDA:250,29,0,0
BRDA:250,29,1,13
BRDA:255,30,0,0
BRDA:255,30,1,13
BRDA:287,31,0,13
BRDA:287,31,1,0
BRF:61
BRH:17
end_of_record
TN:
SF:src/components/carousels/PaletteCarousel.jsx
FN:25,PaletteCarousel
FN:49,(anonymous_1)
FN:50,(anonymous_2)
FN:55,(anonymous_3)
FN:64,(anonymous_4)
FN:66,(anonymous_5)
FN:77,(anonymous_6)
FN:94,(anonymous_7)
FN:108,(anonymous_8)
FN:115,(anonymous_9)
FN:136,(anonymous_10)
FN:282,(anonymous_11)
FN:297,(anonymous_12)
FN:317,(anonymous_13)
FN:318,(anonymous_14)
FN:378,(anonymous_15)
FN:385,(anonymous_16)
FN:401,(anonymous_17)
FN:459,(anonymous_18)
FN:466,(anonymous_19)
FN:467,(anonymous_20)
FNF:21
FNH:8
FNDA:10,PaletteCarousel
FNDA:10,(anonymous_1)
FNDA:10,(anonymous_2)
FNDA:10,(anonymous_3)
FNDA:10,(anonymous_4)
FNDA:0,(anonymous_5)
FNDA:0,(anonymous_6)
FNDA:0,(anonymous_7)
FNDA:0,(anonymous_8)
FNDA:0,(anonymous_9)
FNDA:10,(anonymous_10)
FNDA:0,(anonymous_11)
FNDA:0,(anonymous_12)
FNDA:0,(anonymous_13)
FNDA:0,(anonymous_14)
FNDA:20,(anonymous_15)
FNDA:80,(anonymous_16)
FNDA:0,(anonymous_17)
FNDA:0,(anonymous_18)
FNDA:0,(anonymous_19)
FNDA:0,(anonymous_20)
DA:26,10
DA:27,10
DA:36,10
DA:37,10
DA:38,10
DA:39,10
DA:40,10
DA:41,10
DA:42,10
DA:44,10
DA:48,10
DA:49,10
DA:50,10
DA:51,10
DA:55,10
DA:56,10
DA:59,10
DA:61,10
DA:64,10
DA:65,10
DA:66,10
DA:67,0
DA:71,0
DA:77,10
DA:78,0
DA:94,10
DA:95,0
DA:96,0
DA:108,0
DA:112,10
DA:115,10
DA:116,0
DA:117,0
DA:118,0
DA:121,0
DA:122,0
DA:125,0
DA:130,0
DA:131,0
DA:136,10
DA:137,10
DA:140,10
DA:282,10
DA:283,0
DA:284,0
DA:286,0
DA:292,0
DA:293,0
DA:297,10
DA:299,0
DA:301,0
DA:302,0
DA:304,0
DA:310,0
DA:311,0
DA:312,0
DA:317,10
DA:318,0
DA:319,0
DA:322,10
DA:323,10
DA:324,10
DA:326,10
DA:379,20
DA:380,20
DA:381,20
DA:383,20
DA:386,80
DA:402,0
DA:403,0
DA:406,0
DA:407,0
DA:408,0
DA:409,0
DA:459,0
DA:466,0
DA:467,0
LF:77
LH:40
BRDA:25,0,0,8
BRDA:51,1,0,0
BRDA:51,1,1,10
BRDA:59,2,0,10
BRDA:59,2,1,0
BRDA:65,3,0,10
BRDA:65,3,1,0
BRDA:65,4,0,10
BRDA:65,4,1,10
BRDA:112,5,0,0
BRDA:112,5,1,10
BRDA:121,6,0,0
BRDA:121,6,1,0
BRDA:121,7,0,0
BRDA:121,7,1,0
BRDA:125,8,0,0
BRDA:125,8,1,0
BRDA:126,9,0,0
BRDA:126,9,1,0
BRDA:137,10,0,10
BRDA:137,10,1,0
BRDA:283,11,0,0
BRDA:283,11,1,0
BRDA:299,12,0,0
BRDA:299,12,1,0
BRDA:301,13,0,0
BRDA:301,13,1,0
BRDA:310,14,0,0
BRDA:310,14,1,0
BRDA:322,15,0,0
BRDA:322,15,1,10
BRDA:329,16,0,10
BRDA:329,16,1,0
BRDA:338,17,0,10
BRDA:338,17,1,10
BRDA:392,18,0,80
BRDA:392,18,1,40
BRDA:397,19,0,80
BRDA:397,19,1,40
BRDA:397,19,2,10
BRDA:402,20,0,0
BRDA:402,20,1,0
BRDA:427,21,0,10
BRDA:427,21,1,10
BRDA:445,22,0,10
BRDA:445,22,1,10
BRDA:454,23,0,10
BRDA:454,23,1,0
BRDA:471,24,0,10
BRDA:471,24,1,0
BRF:50
BRH:23
end_of_record
TN:
SF:src/components/layout/CircularToggle.jsx
FN:18,CircularToggle
FN:21,(anonymous_1)
FN:22,(anonymous_2)
FNF:3
FNH:1
FNDA:9,CircularToggle
FNDA:0,(anonymous_1)
FNDA:0,(anonymous_2)
DA:18,1
DA:19,9
DA:21,9
DA:22,0
DA:23,0
DA:26,9
DA:44,9
LF:7
LH:5
BRDA:18,0,0,8
BRDA:51,1,0,7
BRDA:51,1,1,2
BRDA:54,2,0,7
BRDA:54,2,1,2
BRF:5
BRH:5
end_of_record
TN:
SF:src/components/modals/PremiumModal.jsx
FN:23,PremiumModal
FN:41,(anonymous_1)
FN:50,(anonymous_2)
FN:51,(anonymous_3)
FN:74,(anonymous_4)
FN:78,(anonymous_5)
FN:151,(anonymous_6)
FN:178,(anonymous_7)
FN:214,(anonymous_8)
FN:236,(anonymous_9)
FN:239,(anonymous_10)
FN:245,(anonymous_11)
FN:279,(anonymous_12)
FN:284,(anonymous_13)
FNF:14
FNH:5
FNDA:33,PremiumModal
FNDA:23,(anonymous_1)
FNDA:12,(anonymous_2)
FNDA:12,(anonymous_3)
FNDA:0,(anonymous_4)
FNDA:0,(anonymous_5)
FNDA:0,(anonymous_6)
FNDA:0,(anonymous_7)
FNDA:0,(anonymous_8)
FNDA:0,(anonymous_9)
FNDA:0,(anonymous_10)
FNDA:0,(anonymous_11)
FNDA:1,(anonymous_12)
FNDA:0,(anonymous_13)
DA:24,33
DA:25,33
DA:26,33
DA:32,33
DA:33,33
DA:34,33
DA:35,33
DA:36,33
DA:37,33
DA:38,33
DA:41,33
DA:42,23
DA:43,11
DA:44,11
DA:45,11
DA:50,33
DA:51,12
DA:52,12
DA:54,11
DA:55,11
DA:56,11
DA:57,10
DA:58,9
DA:61,0
DA:63,10
DA:67,12
DA:72,33
DA:74,33
DA:75,0
DA:76,0
DA:77,0
DA:78,0
DA:81,0
DA:82,0
DA:85,0
DA:93,0
DA:94,0
DA:95,0
DA:100,0
DA:101,0
DA:105,0
DA:111,0
DA:116,0
DA:121,0
DA:122,0
DA:126,0
DA:129,0
DA:137,0
DA:138,0
DA:140,0
DA:148,0
DA:150,0
DA:151,0
DA:152,0
DA:157,0
DA:159,0
DA:161,0
DA:162,0
DA:164,0
DA:169,0
DA:170,0
DA:176,0
DA:180,0
DA:185,0
DA:190,0
DA:192,0
DA:197,0
DA:198,0
DA:200,0
DA:205,0
DA:206,0
DA:212,0
DA:215,0
DA:220,0
DA:227,0
DA:228,0
DA:232,0
DA:236,33
DA:237,0
DA:238,0
DA:239,0
DA:241,0
DA:243,0
DA:244,0
DA:245,0
DA:246,0
DA:252,0
DA:258,0
DA:260,0
DA:263,0
DA:270,0
DA:271,0
DA:275,0
DA:279,33
DA:281,1
DA:282,0
DA:284,1
DA:285,1
DA:288,33
DA:427,33
LF:100
LH:34
BRDA:42,0,0,11
BRDA:42,0,1,12
BRDA:42,1,0,23
BRDA:42,1,1,22
BRDA:43,2,0,11
BRDA:43,2,1,0
BRDA:52,3,0,1
BRDA:52,3,1,11
BRDA:52,4,0,12
BRDA:52,4,1,11
BRDA:57,5,0,9
BRDA:57,5,1,1
BRDA:72,6,0,33
BRDA:72,6,1,33
BRDA:72,6,2,33
BRDA:88,7,0,0
BRDA:88,7,1,0
BRDA:89,8,0,0
BRDA:89,8,1,0
BRDA:93,9,0,0
BRDA:93,9,1,0
BRDA:105,10,0,0
BRDA:105,10,1,0
BRDA:106,11,0,0
BRDA:106,11,1,0
BRDA:106,11,2,0
BRDA:106,11,3,0
BRDA:145,12,0,0
BRDA:145,12,1,0
BRDA:148,13,0,0
BRDA:148,13,1,0
BRDA:157,14,0,0
BRDA:157,14,1,0
BRDA:159,15,0,0
BRDA:159,15,1,0
BRDA:169,16,0,0
BRDA:169,16,1,0
BRDA:187,17,0,0
BRDA:187,17,1,0
BRDA:190,18,0,0
BRDA:190,18,1,0
BRDA:205,19,0,0
BRDA:205,19,1,0
BRDA:222,20,0,0
BRDA:222,20,1,0
BRDA:222,21,0,0
BRDA:222,21,1,0
BRDA:243,22,0,0
BRDA:243,22,1,0
BRDA:244,23,0,0
BRDA:244,23,1,0
BRDA:258,24,0,0
BRDA:258,24,1,0
BRDA:265,25,0,0
BRDA:265,25,1,0
BRDA:281,26,0,0
BRDA:281,26,1,1
BRDA:467,27,0,33
BRDA:467,27,1,24
BRDA:477,28,0,33
BRDA:477,28,1,3
BRDA:482,29,0,33
BRDA:482,29,1,24
BRDA:487,30,0,0
BRDA:487,30,1,33
BRDA:521,31,0,0
BRDA:521,31,1,33
BRF:67
BRH:23
end_of_record
TN:
SF:src/components/pickers/DurationSlider.jsx
FN:30,DurationSlider
FN:38,(anonymous_1)
FN:39,(anonymous_2)
FN:43,(anonymous_3)
FN:44,(anonymous_4)
FN:45,(anonymous_5)
FN:51,(anonymous_6)
FN:52,(anonymous_7)
FN:53,(anonymous_8)
FN:60,(anonymous_9)
FN:191,(anonymous_10)
FN:200,(anonymous_11)
FNF:12
FNH:3
FNDA:8,DurationSlider
FNDA:0,(anonymous_1)
FNDA:0,(anonymous_2)
FNDA:0,(anonymous_3)
FNDA:0,(anonymous_4)
FNDA:0,(anonymous_5)
FNDA:0,(anonymous_6)
FNDA:0,(anonymous_7)
FNDA:0,(anonymous_8)
FNDA:39,(anonymous_9)
FNDA:64,(anonymous_10)
FNDA:0,(anonymous_11)
DA:19,1
DA:30,1
DA:35,8
DA:36,8
DA:38,8
DA:39,0
DA:40,0
DA:43,8
DA:44,0
DA:45,0
DA:46,0
DA:47,0
DA:51,8
DA:52,0
DA:53,0
DA:54,0
DA:55,0
DA:59,8
DA:60,39
DA:61,8
DA:62,8
DA:64,8
DA:153,8
DA:192,64
DA:193,64
DA:200,0
LF:26
LH:15
BRDA:46,0,0,0
BRDA:46,0,1,0
BRDA:54,1,0,0
BRDA:54,1,1,0
BRDA:160,2,0,8
BRDA:160,2,1,1
BRDA:179,3,0,8
BRDA:179,3,1,1
BRDA:198,4,0,64
BRDA:198,4,1,8
BRDA:204,5,0,64
BRDA:204,5,1,8
BRF:12
BRH:8
end_of_record
TN:
SF:src/components/timer/TimerDial.jsx
FN:29,(anonymous_0)
FN:42,TimerDial
FN:88,(anonymous_2)
FN:90,(anonymous_3)
FN:97,(anonymous_4)
FN:100,(anonymous_5)
FN:113,(anonymous_6)
FN:115,(anonymous_7)
FN:116,(anonymous_8)
FN:118,(anonymous_9)
FN:148,(anonymous_10)
FN:213,(anonymous_11)
FN:292,(anonymous_12)
FN:321,(anonymous_13)
FN:412,(anonymous_14)
FNF:15
FNH:5
FNDA:0,(anonymous_0)
FNDA:42,TimerDial
FNDA:42,(anonymous_2)
FNDA:0,(anonymous_3)
FNDA:42,(anonymous_4)
FNDA:0,(anonymous_5)
FNDA:42,(anonymous_6)
FNDA:0,(anonymous_7)
FNDA:0,(anonymous_8)
FNDA:0,(anonymous_9)
FNDA:0,(anonymous_10)
FNDA:0,(anonymous_11)
FNDA:0,(anonymous_12)
FNDA:42,(anonymous_13)
FNDA:0,(anonymous_14)
DA:29,1
DA:60,42
DA:61,42
DA:62,42
DA:63,42
DA:66,42
DA:69,42
DA:70,42
DA:71,42
DA:72,42
DA:73,42
DA:74,42
DA:75,42
DA:76,42
DA:79,42
DA:81,42
DA:83,42
DA:85,42
DA:88,42
DA:89,42
DA:90,42
DA:97,42
DA:98,42
DA:99,42
DA:100,42
DA:110,42
DA:111,42
DA:113,42
DA:114,42
DA:115,0
DA:116,0
DA:119,0
DA:120,0
DA:125,0
DA:126,0
DA:129,0
DA:137,0
DA:140,0
DA:143,0
DA:144,0
DA:145,0
DA:149,0
DA:152,0
DA:159,0
DA:162,0
DA:163,0
DA:164,0
DA:167,0
DA:169,0
DA:171,0
DA:174,0
DA:180,0
DA:181,0
DA:182,0
DA:186,0
DA:187,0
DA:190,0
DA:191,0
DA:194,0
DA:197,0
DA:200,0
DA:203,0
DA:206,0
DA:207,0
DA:210,0
DA:214,0
DA:215,0
DA:216,0
DA:219,0
DA:220,0
DA:221,0
DA:222,0
DA:223,0
DA:227,0
DA:229,0
DA:230,0
DA:233,0
DA:234,0
DA:235,0
DA:236,0
DA:237,0
DA:238,0
DA:239,0
DA:246,42
DA:252,42
DA:253,42
DA:256,42
DA:262,42
DA:266,42
DA:293,0
DA:294,0
DA:295,0
DA:296,0
DA:297,0
DA:298,0
DA:299,0
DA:300,0
DA:301,0
DA:323,42
DA:324,42
DA:325,42
DA:328,42
DA:414,0
LF:103
LH:39
BRDA:43,0,0,0
BRDA:44,1,0,0
BRDA:46,2,0,40
BRDA:47,3,0,0
BRDA:48,4,0,0
BRDA:49,5,0,38
BRDA:50,6,0,0
BRDA:51,7,0,40
BRDA:52,8,0,38
BRDA:53,9,0,40
BRDA:54,10,0,40
BRDA:55,11,0,0
BRDA:56,12,0,42
BRDA:57,13,0,40
BRDA:58,14,0,40
BRDA:69,15,0,42
BRDA:69,15,1,40
BRDA:92,16,0,0
BRDA:92,16,1,0
BRDA:93,17,0,0
BRDA:93,17,1,0
BRDA:116,18,0,0
BRDA:116,18,1,0
BRDA:125,19,0,0
BRDA:125,19,1,0
BRDA:149,20,0,0
BRDA:149,20,1,0
BRDA:163,21,0,0
BRDA:163,21,1,0
BRDA:167,22,0,0
BRDA:167,22,1,0
BRDA:169,23,0,0
BRDA:169,23,1,0
BRDA:181,24,0,0
BRDA:181,24,1,0
BRDA:215,25,0,0
BRDA:215,25,1,0
BRDA:220,26,0,0
BRDA:220,26,1,0
BRDA:227,27,0,0
BRDA:227,27,1,0
BRDA:229,28,0,0
BRDA:229,28,1,0
BRDA:229,29,0,0
BRDA:229,29,1,0
BRDA:248,30,0,42
BRDA:248,30,1,0
BRDA:253,31,0,42
BRDA:253,31,1,42
BRDA:262,32,0,2
BRDA:262,32,1,40
BRDA:276,33,0,2
BRDA:276,33,1,40
BRDA:285,34,0,40
BRDA:285,34,1,2
BRDA:294,35,0,0
BRDA:294,35,1,0
BRDA:294,36,0,0
BRDA:294,36,1,0
BRDA:294,36,2,0
BRDA:297,37,0,0
BRDA:297,37,1,0
BRDA:297,38,0,0
BRDA:297,38,1,0
BRDA:297,38,2,0
BRDA:300,39,0,0
BRDA:300,39,1,0
BRDA:300,40,0,0
BRDA:300,40,1,0
BRDA:382,41,0,42
BRDA:382,41,1,0
BRDA:415,42,0,0
BRDA:415,42,1,0
BRDA:415,42,2,0
BRDA:415,42,3,0
BRDA:415,42,4,0
BRDA:415,42,5,0
BRDA:415,42,6,0
BRDA:415,42,7,0
BRDA:415,42,8,0
BRDA:415,42,9,0
BRDA:415,42,10,0
BRDA:415,42,11,0
BRF:83
BRH:21
end_of_record
TN:
SF:src/styles/responsive.js
FN:11,(anonymous_0)
FN:28,(anonymous_1)
FN:49,(anonymous_2)
FN:73,(anonymous_3)
FN:120,(anonymous_4)
FN:137,(anonymous_5)
FN:156,(anonymous_6)
FNF:7
FNH:2
FNDA:112,(anonymous_0)
FNDA:112,(anonymous_1)
FNDA:0,(anonymous_2)
FNDA:0,(anonymous_3)
FNDA:0,(anonymous_4)
FNDA:0,(anonymous_5)
FNDA:0,(anonymous_6)
DA:4,2
DA:7,2
DA:8,2
DA:11,2
DA:12,112
DA:13,112
DA:14,112
DA:15,112
DA:17,112
DA:28,2
DA:29,112
DA:31,112
DA:32,0
DA:33,112
DA:34,0
DA:35,112
DA:37,112
DA:38,112
DA:39,0
DA:41,0
DA:42,0
DA:45,0
DA:49,2
DA:50,0
DA:51,0
DA:52,0
DA:54,0
DA:56,0
DA:59,0
DA:63,2
DA:73,2
DA:74,0
DA:76,0
DA:77,0
DA:98,0
DA:120,2
DA:121,0
DA:125,0
DA:126,0
DA:128,0
DA:137,2
DA:138,0
DA:140,0
DA:156,2
LF:44
LH:22
BRDA:28,0,0,0
BRDA:31,1,0,0
BRDA:31,1,1,112
BRDA:33,2,0,0
BRDA:33,2,1,112
BRDA:35,3,0,112
BRDA:35,3,1,0
BRDA:39,4,0,0
BRDA:39,4,1,0
BRDA:54,5,0,0
BRDA:54,5,1,0
BRDA:76,6,0,0
BRDA:76,6,1,0
BRDA:125,7,0,0
BRDA:125,7,1,0
BRDA:126,8,0,0
BRDA:126,8,1,0
BRDA:129,9,0,0
BRDA:129,9,1,0
BRDA:130,10,0,0
BRDA:130,10,1,0
BRDA:131,11,0,0
BRDA:131,11,1,0
BRDA:132,12,0,0
BRDA:132,12,1,0
BRDA:142,13,0,0
BRDA:142,13,1,0
BRDA:145,14,0,0
BRDA:145,14,1,0
BRF:29
BRH:3
end_of_record
